Log file open, 12/03/20 16:03:58
LogInit: Display: Running engine for game: MeshPainter
LogPlatformFile: Not using cached read wrapper
LogTaskGraph: Started task graph with 5 named threads and 35 total threads with 3 sets of task threads.
LogStats: Stats thread started at 0.189671
LogD3D11RHI: Loaded GFSDK_Aftermath_Lib.x64.dll
LogICUInternationalization: ICU TimeZone Detection - Raw Offset: +1:00, Platform Override: ''
LogPluginManager: Mounting plugin Paper2D
LogPluginManager: Mounting plugin AISupport
LogPluginManager: Mounting plugin LightPropagationVolume
LogPluginManager: Mounting plugin CameraShakePreviewer
LogPluginManager: Mounting plugin ActorLayerUtilities
LogPluginManager: Mounting plugin AnimationSharing
LogPluginManager: Mounting plugin CLionSourceCodeAccess
LogPluginManager: Mounting plugin CodeLiteSourceCodeAccess
LogPluginManager: Mounting plugin GitSourceControl
LogPluginManager: Mounting plugin KDevelopSourceCodeAccess
LogPluginManager: Mounting plugin NullSourceCodeAccess
LogPluginManager: Mounting plugin PerforceSourceControl
LogPluginManager: Mounting plugin PlasticSourceControl
LogPluginManager: Mounting plugin RiderSourceCodeAccess
LogPluginManager: Mounting plugin SubversionSourceControl
LogPluginManager: Mounting plugin UObjectPlugin
LogPluginManager: Mounting plugin VisualStudioCodeSourceCodeAccess
LogPluginManager: Mounting plugin VisualStudioSourceCodeAccess
LogPluginManager: Mounting plugin XCodeSourceCodeAccess
LogPluginManager: Mounting plugin AssetManagerEditor
LogPluginManager: Mounting plugin CryptoKeys
LogPluginManager: Mounting plugin CurveEditorTools
LogPluginManager: Mounting plugin DataValidation
LogPluginManager: Mounting plugin EditorScriptingUtilities
LogPluginManager: Mounting plugin FacialAnimation
LogPluginManager: Mounting plugin GameplayTagsEditor
LogPluginManager: Mounting plugin GeometryMode
LogPluginManager: Mounting plugin MacGraphicsSwitching
LogPluginManager: Mounting plugin MaterialAnalyzer
LogPluginManager: Mounting plugin MobileLauncherProfileWizard
LogPluginManager: Mounting plugin PluginBrowser
LogPluginManager: Mounting plugin SpeedTreeImporter
LogPluginManager: Mounting plugin DatasmithContent
LogPluginManager: Mounting plugin VariantManagerContent
LogPluginManager: Mounting plugin AlembicImporter
LogPluginManager: Mounting plugin AutomationUtils
LogPluginManager: Mounting plugin BackChannel
LogPluginManager: Mounting plugin ChaosCloth
LogPluginManager: Mounting plugin ChaosClothEditor
LogPluginManager: Mounting plugin ChaosEditor
LogPluginManager: Mounting plugin ChaosNiagara
LogPluginManager: Mounting plugin ChaosSolverPlugin
LogPluginManager: Mounting plugin CharacterAI
LogPluginManager: Mounting plugin GeometryCache
LogPluginManager: Mounting plugin GeometryCollectionPlugin
LogPluginManager: Mounting plugin GeometryProcessing
LogPluginManager: Mounting plugin PlanarCut
LogPluginManager: Mounting plugin PlatformCrypto
LogPluginManager: Mounting plugin ProxyLODPlugin
LogPluginManager: Mounting plugin SkeletalReduction
LogPluginManager: Mounting plugin Niagara
LogPluginManager: Mounting plugin MagicLeap
LogPluginManager: Mounting plugin MagicLeapLightEstimation
LogPluginManager: Mounting plugin MagicLeapMedia
LogPluginManager: Mounting plugin MagicLeapPassableWorld
LogPluginManager: Mounting plugin MLSDK
LogPluginManager: Mounting plugin AndroidMedia
LogPluginManager: Mounting plugin AvfMedia
LogPluginManager: Mounting plugin ImgMedia
LogPluginManager: Mounting plugin MediaCompositing
LogPluginManager: Mounting plugin MediaPlayerEditor
LogPluginManager: Mounting plugin WebMMedia
LogPluginManager: Mounting plugin WmfMedia
LogPluginManager: Mounting plugin MeshPainting
LogPluginManager: Mounting plugin TcpMessaging
LogPluginManager: Mounting plugin UdpMessaging
LogPluginManager: Mounting plugin ActorSequence
LogPluginManager: Mounting plugin LevelSequenceEditor
LogPluginManager: Mounting plugin MatineeToLevelSequence
LogPluginManager: Mounting plugin MovieRenderPipeline
LogPluginManager: Mounting plugin TemplateSequence
LogPluginManager: Mounting plugin NetcodeUnitTest
LogPluginManager: Mounting plugin NUTUnrealEngine4
LogPluginManager: Mounting plugin OnlineSubsystemGooglePlay
LogPluginManager: Mounting plugin OnlineSubsystemIOS
LogPluginManager: Mounting plugin OnlineSubsystem
LogPluginManager: Mounting plugin OnlineSubsystemNull
LogPluginManager: Mounting plugin OnlineSubsystemUtils
LogPluginManager: Mounting plugin LauncherChunkInstaller
LogPluginManager: Mounting plugin AndroidDeviceProfileSelector
LogPluginManager: Mounting plugin AndroidMoviePlayer
LogPluginManager: Mounting plugin AndroidPermission
LogPluginManager: Mounting plugin AppleImageUtils
LogPluginManager: Mounting plugin AppleMoviePlayer
LogPluginManager: Mounting plugin ArchVisCharacter
LogPluginManager: Mounting plugin AssetTags
LogPluginManager: Mounting plugin AudioCapture
LogPluginManager: Mounting plugin CableComponent
LogPluginManager: Mounting plugin CustomMeshComponent
LogPluginManager: Mounting plugin EditableMesh
LogPluginManager: Mounting plugin ExampleDeviceProfileSelector
LogPluginManager: Mounting plugin GoogleCloudMessaging
LogPluginManager: Mounting plugin GooglePAD
LogPluginManager: Mounting plugin IOSDeviceProfileSelector
LogPluginManager: Mounting plugin LinuxDeviceProfileSelector
LogPluginManager: Mounting plugin LocationServicesBPLibrary
LogPluginManager: Mounting plugin MobilePatchingUtils
LogPluginManager: Mounting plugin OculusVR
LogPluginManager: Mounting plugin PhysXVehicles
LogPluginManager: Mounting plugin PostSplashScreen
LogPluginManager: Mounting plugin ProceduralMeshComponent
LogPluginManager: Mounting plugin RuntimePhysXCooking
LogPluginManager: Mounting plugin SignificanceManager
LogPluginManager: Mounting plugin SoundFields
LogPluginManager: Mounting plugin SteamVR
LogPluginManager: Mounting plugin Synthesis
LogPluginManager: Mounting plugin WebMMoviePlayer
LogPluginManager: Mounting plugin WindowsMoviePlayer
LogPluginManager: Mounting plugin ScreenshotTools
LogInit: Using libcurl 7.55.1-DEV
LogInit:  - built for x86_64-pc-win32
LogInit:  - supports SSL with OpenSSL/1.1.1
LogInit:  - supports HTTP deflate (compression) using libz 1.2.8
LogInit:  - other features:
LogInit:      CURL_VERSION_SSL
LogInit:      CURL_VERSION_LIBZ
LogInit:      CURL_VERSION_IPV6
LogInit:      CURL_VERSION_ASYNCHDNS
LogInit:      CURL_VERSION_LARGEFILE
LogInit:      CURL_VERSION_IDN
LogInit:  CurlRequestOptions (configurable via config and command line):
LogInit:  - bVerifyPeer = true  - Libcurl will verify peer certificate
LogInit:  - bUseHttpProxy = false  - Libcurl will NOT use HTTP proxy
LogInit:  - bDontReuseConnections = false  - Libcurl will reuse connections
LogInit:  - MaxHostConnections = 16  - Libcurl will limit the number of connections to a host
LogInit:  - LocalHostAddr = Default
LogInit:  - BufferSize = 65536
LogOnline: OSS: Creating online subsystem instance for: NULL
LogInit: WinSock: version 1.1 (2.2), MaxSocks=32767, MaxUdp=65467
LogOnline: OSS: TryLoadSubsystemAndSetDefault: Loaded subsystem for module [NULL]
LogInit: Build: ++UE4+Release-4.25-CL-13942748
LogInit: Engine Version: 4.25.3-13942748+++UE4+Release-4.25
LogInit: Compatible Engine Version: 4.25.0-13144385+++UE4+Release-4.25
LogInit: Net CL: 13144385
LogInit: OS: Windows 10 (Release 2009) (), CPU: AMD Ryzen 5 3600X 6-Core Processor             , GPU: NVIDIA GeForce RTX 3070
LogInit: Compiled (64-bit): Jul 25 2020 02:07:48
LogInit: Compiled with Visual C++: 19.24.28315.00
LogInit: Build Configuration: Development
LogInit: Branch Name: ++UE4+Release-4.25
LogInit: Command Line:  -EpicPortal -epicusername=Raisaur -epicuserid=fcd6b652feb34e4189b2371532411a1c -epiclocale=en
LogInit: Base Directory: X:/UE_4.25/Engine/Binaries/Win64/
LogInit: Allocator: TBB
LogInit: Installed Engine Build: 1
LogDevObjectVersion: Number of dev versions registered: 26
LogDevObjectVersion:   Dev-Blueprints (B0D832E4-1F89-4F0D-ACCF-7EB736FD4AA2): 10
LogDevObjectVersion:   Dev-Build (E1C64328-A22C-4D53-A36C-8E866417BD8C): 0
LogDevObjectVersion:   Dev-Core (375EC13C-06E4-48FB-B500-84F0262A717E): 4
LogDevObjectVersion:   Dev-Editor (E4B068ED-F494-42E9-A231-DA0B2E46BB41): 38
LogDevObjectVersion:   Dev-Framework (CFFC743F-43B0-4480-9391-14DF171D2073): 37
LogDevObjectVersion:   Dev-Mobile (B02B49B5-BB20-44E9-A304-32B752E40360): 2
LogDevObjectVersion:   Dev-Networking (A4E4105C-59A1-49B5-A7C5-40C4547EDFEE): 0
LogDevObjectVersion:   Dev-Online (39C831C9-5AE6-47DC-9A44-9C173E1C8E7C): 0
LogDevObjectVersion:   Dev-Physics (78F01B33-EBEA-4F98-B9B4-84EACCB95AA2): 4
LogDevObjectVersion:   Dev-Platform (6631380F-2D4D-43E0-8009-CF276956A95A): 0
LogDevObjectVersion:   Dev-Rendering (12F88B9F-8875-4AFC-A67C-D90C383ABD29): 43
LogDevObjectVersion:   Dev-Sequencer (7B5AE74C-D270-4C10-A958-57980B212A5A): 12
LogDevObjectVersion:   Dev-VR (D7296918-1DD6-4BDD-9DE2-64A83CC13884): 3
LogDevObjectVersion:   Dev-LoadTimes (C2A15278-BFE7-4AFE-6C17-90FF531DF755): 1
LogDevObjectVersion:   Private-Geometry (6EACA3D4-40EC-4CC1-B786-8BED09428FC5): 3
LogDevObjectVersion:   Dev-AnimPhys (29E575DD-E0A3-4627-9D10-D276232CDCEA): 17
LogDevObjectVersion:   Dev-Anim (AF43A65D-7FD3-4947-9873-3E8ED9C1BB05): 7
LogDevObjectVersion:   Dev-ReflectionCapture (6B266CEC-1EC7-4B8F-A30B-E4D90942FC07): 1
LogDevObjectVersion:   Dev-Automation (0DF73D61-A23F-47EA-B727-89E90C41499A): 1
LogDevObjectVersion:   FortniteMain (601D1886-AC64-4F84-AA16-D3DE0DEAC7D6): 31
LogDevObjectVersion:   Dev-Enterprise (9DFFBCD6-494F-0158-E221-12823C92A888): 10
LogDevObjectVersion:   Dev-Niagara (F2AED0AC-9AFE-416F-8664-AA7FFA26D6FC): 1
LogDevObjectVersion:   Dev-Destruction (174F1F0B-B4C6-45A5-B13F-2EE8D0FB917D): 10
LogDevObjectVersion:   Dev-Physics-Ext (35F94A83-E258-406C-A318-09F59610247C): 37
LogDevObjectVersion:   Dev-PhysicsMaterial-Chaos (B68FC16E-8B1B-42E2-B453-215C058844FE): 1
LogDevObjectVersion:   Dev-CineCamera (B2E18506-4273-CFC2-A54E-F4BB758BBA07): 1
LogInit: Presizing for max 25165824 objects, including 0 objects not considered by GC, pre-allocating 0 bytes for permanent pool.
LogConfig: Applying CVar settings from Section [/Script/Engine.StreamingSettings] File [C:/Users/emilg/Downloads/MeshPainter/MeshPainterComplete/Saved/Config/Windows/Engine.ini]
LogConfig: Setting CVar [[s.MinBulkDataSizeForAsyncLoading:131072]]
LogConfig: Setting CVar [[s.AsyncLoadingThreadEnabled:0]]
LogConfig: Setting CVar [[s.EventDrivenLoaderEnabled:1]]
LogConfig: Setting CVar [[s.WarnIfTimeLimitExceeded:0]]
LogConfig: Setting CVar [[s.TimeLimitExceededMultiplier:1.5]]
LogConfig: Setting CVar [[s.TimeLimitExceededMinTime:0.005]]
LogConfig: Setting CVar [[s.UseBackgroundLevelStreaming:1]]
LogConfig: Setting CVar [[s.PriorityAsyncLoadingExtraTime:15.0]]
LogConfig: Setting CVar [[s.LevelStreamingActorsUpdateTimeLimit:5.0]]
LogConfig: Setting CVar [[s.PriorityLevelStreamingActorsUpdateExtraTime:5.0]]
LogConfig: Setting CVar [[s.LevelStreamingComponentsRegistrationGranularity:10]]
LogConfig: Setting CVar [[s.UnregisterComponentsTimeLimit:1.0]]
LogConfig: Setting CVar [[s.LevelStreamingComponentsUnregistrationGranularity:5]]
LogConfig: Setting CVar [[s.FlushStreamingOnExit:1]]
LogInit: Object subsystem initialized
LogConfig: Setting CVar [[con.DebugEarlyDefault:1]]
LogConfig: Setting CVar [[r.setres:1280x720]]
[2020.12.03-15.03.59:236][  0]LogConfig: Setting CVar [[r.VSync:0]]
[2020.12.03-15.03.59:236][  0]LogConfig: Setting CVar [[r.RHICmdBypass:0]]
[2020.12.03-15.03.59:236][  0]LogConfig: Applying CVar settings from Section [/Script/Engine.RendererSettings] File [C:/Users/emilg/Downloads/MeshPainter/MeshPainterComplete/Saved/Config/Windows/Engine.ini]
[2020.12.03-15.03.59:236][  0]LogConfig: Setting CVar [[r.GPUCrashDebugging:0]]
[2020.12.03-15.03.59:236][  0]LogConfig: Applying CVar settings from Section [/Script/Engine.RendererOverrideSettings] File [C:/Users/emilg/Downloads/MeshPainter/MeshPainterComplete/Saved/Config/Windows/Engine.ini]
[2020.12.03-15.03.59:236][  0]LogConfig: Applying CVar settings from Section [/Script/Engine.StreamingSettings] File [C:/Users/emilg/Downloads/MeshPainter/MeshPainterComplete/Saved/Config/Windows/Engine.ini]
[2020.12.03-15.03.59:236][  0]LogConfig: Setting CVar [[s.MinBulkDataSizeForAsyncLoading:131072]]
[2020.12.03-15.03.59:236][  0]LogConfig: Setting CVar [[s.AsyncLoadingThreadEnabled:0]]
[2020.12.03-15.03.59:236][  0]LogConfig: Setting CVar [[s.EventDrivenLoaderEnabled:1]]
[2020.12.03-15.03.59:236][  0]LogConfig: Setting CVar [[s.WarnIfTimeLimitExceeded:0]]
[2020.12.03-15.03.59:236][  0]LogConfig: Setting CVar [[s.TimeLimitExceededMultiplier:1.5]]
[2020.12.03-15.03.59:236][  0]LogConfig: Setting CVar [[s.TimeLimitExceededMinTime:0.005]]
[2020.12.03-15.03.59:236][  0]LogConfig: Setting CVar [[s.UseBackgroundLevelStreaming:1]]
[2020.12.03-15.03.59:236][  0]LogConfig: Setting CVar [[s.PriorityAsyncLoadingExtraTime:15.0]]
[2020.12.03-15.03.59:236][  0]LogConfig: Setting CVar [[s.LevelStreamingActorsUpdateTimeLimit:5.0]]
[2020.12.03-15.03.59:236][  0]LogConfig: Setting CVar [[s.PriorityLevelStreamingActorsUpdateExtraTime:5.0]]
[2020.12.03-15.03.59:236][  0]LogConfig: Setting CVar [[s.LevelStreamingComponentsRegistrationGranularity:10]]
[2020.12.03-15.03.59:236][  0]LogConfig: Setting CVar [[s.UnregisterComponentsTimeLimit:1.0]]
[2020.12.03-15.03.59:236][  0]LogConfig: Setting CVar [[s.LevelStreamingComponentsUnregistrationGranularity:5]]
[2020.12.03-15.03.59:236][  0]LogConfig: Setting CVar [[s.FlushStreamingOnExit:1]]
[2020.12.03-15.03.59:236][  0]LogConfig: Applying CVar settings from Section [/Script/Engine.GarbageCollectionSettings] File [C:/Users/emilg/Downloads/MeshPainter/MeshPainterComplete/Saved/Config/Windows/Engine.ini]
[2020.12.03-15.03.59:236][  0]LogConfig: Setting CVar [[gc.MaxObjectsNotConsideredByGC:1]]
[2020.12.03-15.03.59:236][  0]LogConfig: Setting CVar [[gc.SizeOfPermanentObjectPool:0]]
[2020.12.03-15.03.59:236][  0]LogConfig: Setting CVar [[gc.FlushStreamingOnGC:0]]
[2020.12.03-15.03.59:236][  0]LogConfig: Setting CVar [[gc.NumRetriesBeforeForcingGC:10]]
[2020.12.03-15.03.59:236][  0]LogConfig: Setting CVar [[gc.AllowParallelGC:1]]
[2020.12.03-15.03.59:236][  0]LogConfig: Setting CVar [[gc.TimeBetweenPurgingPendingKillObjects:61.1]]
[2020.12.03-15.03.59:236][  0]LogConfig: Setting CVar [[gc.MaxObjectsInEditor:25165824]]
[2020.12.03-15.03.59:236][  0]LogConfig: Setting CVar [[gc.IncrementalBeginDestroyEnabled:1]]
[2020.12.03-15.03.59:236][  0]LogConfig: Setting CVar [[gc.CreateGCClusters:1]]
[2020.12.03-15.03.59:236][  0]LogConfig: Setting CVar [[gc.MinGCClusterSize:5]]
[2020.12.03-15.03.59:236][  0]LogConfig: Setting CVar [[gc.ActorClusteringEnabled:0]]
[2020.12.03-15.03.59:236][  0]LogConfig: Setting CVar [[gc.BlueprintClusteringEnabled:0]]
[2020.12.03-15.03.59:236][  0]LogConfig: Setting CVar [[gc.UseDisregardForGCOnDedicatedServers:0]]
[2020.12.03-15.03.59:236][  0]LogConfig: Applying CVar settings from Section [/Script/Engine.NetworkSettings] File [C:/Users/emilg/Downloads/MeshPainter/MeshPainterComplete/Saved/Config/Windows/Engine.ini]
[2020.12.03-15.03.59:236][  0]LogConfig: Applying CVar settings from Section [/Script/UnrealEd.CookerSettings] File [C:/Users/emilg/Downloads/MeshPainter/MeshPainterComplete/Saved/Config/Windows/Engine.ini]
[2020.12.03-15.03.59:241][  0]LogConfig: Applying CVar settings from Section [ViewDistanceQuality@3] File [C:/Users/emilg/Downloads/MeshPainter/MeshPainterComplete/Saved/Config/Windows/Scalability.ini]
[2020.12.03-15.03.59:241][  0]LogConfig: Setting CVar [[r.SkeletalMeshLODBias:0]]
[2020.12.03-15.03.59:241][  0]LogConfig: Setting CVar [[r.ViewDistanceScale:1.0]]
[2020.12.03-15.03.59:241][  0]LogConfig: Applying CVar settings from Section [AntiAliasingQuality@3] File [C:/Users/emilg/Downloads/MeshPainter/MeshPainterComplete/Saved/Config/Windows/Scalability.ini]
[2020.12.03-15.03.59:241][  0]LogConfig: Setting CVar [[r.PostProcessAAQuality:4]]
[2020.12.03-15.03.59:241][  0]LogConfig: Applying CVar settings from Section [ShadowQuality@3] File [C:/Users/emilg/Downloads/MeshPainter/MeshPainterComplete/Saved/Config/Windows/Scalability.ini]
[2020.12.03-15.03.59:241][  0]LogConfig: Setting CVar [[r.LightFunctionQuality:1]]
[2020.12.03-15.03.59:241][  0]LogConfig: Setting CVar [[r.ShadowQuality:5]]
[2020.12.03-15.03.59:241][  0]LogConfig: Setting CVar [[r.Shadow.CSM.MaxCascades:10]]
[2020.12.03-15.03.59:241][  0]LogConfig: Setting CVar [[r.Shadow.MaxResolution:2048]]
[2020.12.03-15.03.59:241][  0]LogConfig: Setting CVar [[r.Shadow.MaxCSMResolution:2048]]
[2020.12.03-15.03.59:241][  0]LogConfig: Setting CVar [[r.Shadow.RadiusThreshold:0.01]]
[2020.12.03-15.03.59:241][  0]LogConfig: Setting CVar [[r.Shadow.DistanceScale:1.0]]
[2020.12.03-15.03.59:241][  0]LogConfig: Setting CVar [[r.Shadow.CSM.TransitionScale:1.0]]
[2020.12.03-15.03.59:241][  0]LogConfig: Setting CVar [[r.Shadow.PreShadowResolutionFactor:1.0]]
[2020.12.03-15.03.59:241][  0]LogConfig: Setting CVar [[r.DistanceFieldShadowing:1]]
[2020.12.03-15.03.59:241][  0]LogConfig: Setting CVar [[r.DistanceFieldAO:1]]
[2020.12.03-15.03.59:241][  0]LogConfig: Setting CVar [[r.AOQuality:2]]
[2020.12.03-15.03.59:241][  0]LogConfig: Setting CVar [[r.VolumetricFog:1]]
[2020.12.03-15.03.59:241][  0]LogConfig: Setting CVar [[r.VolumetricFog.GridPixelSize:8]]
[2020.12.03-15.03.59:241][  0]LogConfig: Setting CVar [[r.VolumetricFog.GridSizeZ:128]]
[2020.12.03-15.03.59:241][  0]LogConfig: Setting CVar [[r.VolumetricFog.HistoryMissSupersampleCount:4]]
[2020.12.03-15.03.59:241][  0]LogConfig: Setting CVar [[r.LightMaxDrawDistanceScale:1]]
[2020.12.03-15.03.59:241][  0]LogConfig: Setting CVar [[r.CapsuleShadows:1]]
[2020.12.03-15.03.59:241][  0]LogConfig: Applying CVar settings from Section [PostProcessQuality@3] File [C:/Users/emilg/Downloads/MeshPainter/MeshPainterComplete/Saved/Config/Windows/Scalability.ini]
[2020.12.03-15.03.59:241][  0]LogConfig: Setting CVar [[r.MotionBlurQuality:4]]
[2020.12.03-15.03.59:241][  0]LogConfig: Setting CVar [[r.AmbientOcclusionMipLevelFactor:0.4]]
[2020.12.03-15.03.59:241][  0]LogConfig: Setting CVar [[r.AmbientOcclusionMaxQuality:100]]
[2020.12.03-15.03.59:241][  0]LogConfig: Setting CVar [[r.AmbientOcclusionLevels:-1]]
[2020.12.03-15.03.59:241][  0]LogConfig: Setting CVar [[r.AmbientOcclusionRadiusScale:1.0]]
[2020.12.03-15.03.59:241][  0]LogConfig: Setting CVar [[r.DepthOfFieldQuality:2]]
[2020.12.03-15.03.59:241][  0]LogConfig: Setting CVar [[r.RenderTargetPoolMin:400]]
[2020.12.03-15.03.59:241][  0]LogConfig: Setting CVar [[r.LensFlareQuality:2]]
[2020.12.03-15.03.59:241][  0]LogConfig: Setting CVar [[r.SceneColorFringeQuality:1]]
[2020.12.03-15.03.59:241][  0]LogConfig: Setting CVar [[r.EyeAdaptationQuality:2]]
[2020.12.03-15.03.59:241][  0]LogConfig: Setting CVar [[r.BloomQuality:5]]
[2020.12.03-15.03.59:241][  0]LogConfig: Setting CVar [[r.FastBlurThreshold:100]]
[2020.12.03-15.03.59:241][  0]LogConfig: Setting CVar [[r.Upscale.Quality:3]]
[2020.12.03-15.03.59:241][  0]LogConfig: Setting CVar [[r.Tonemapper.GrainQuantization:1]]
[2020.12.03-15.03.59:241][  0]LogConfig: Setting CVar [[r.LightShaftQuality:1]]
[2020.12.03-15.03.59:241][  0]LogConfig: Setting CVar [[r.Filter.SizeScale:1]]
[2020.12.03-15.03.59:241][  0]LogConfig: Setting CVar [[r.Tonemapper.Quality:5]]
[2020.12.03-15.03.59:241][  0]LogConfig: Setting CVar [[r.DOF.Gather.AccumulatorQuality:1        ; higher gathering accumulator quality]]
[2020.12.03-15.03.59:241][  0]LogConfig: Setting CVar [[r.DOF.Gather.PostfilterMethod:1          ; Median3x3 postfilering method]]
[2020.12.03-15.03.59:242][  0]LogConfig: Setting CVar [[r.DOF.Gather.EnableBokehSettings:0       ; no bokeh simulation when gathering]]
[2020.12.03-15.03.59:242][  0]LogConfig: Setting CVar [[r.DOF.Gather.RingCount:4                 ; medium number of samples when gathering]]
[2020.12.03-15.03.59:242][  0]LogConfig: Setting CVar [[r.DOF.Scatter.ForegroundCompositing:1    ; additive foreground scattering]]
[2020.12.03-15.03.59:242][  0]LogConfig: Setting CVar [[r.DOF.Scatter.BackgroundCompositing:2    ; additive background scattering]]
[2020.12.03-15.03.59:242][  0]LogConfig: Setting CVar [[r.DOF.Scatter.EnableBokehSettings:1      ; bokeh simulation when scattering]]
[2020.12.03-15.03.59:242][  0]LogConfig: Setting CVar [[r.DOF.Scatter.MaxSpriteRatio:0.1         ; only a maximum of 10% of scattered bokeh]]
[2020.12.03-15.03.59:242][  0]LogConfig: Setting CVar [[r.DOF.Recombine.Quality:1                ; cheap slight out of focus]]
[2020.12.03-15.03.59:242][  0]LogConfig: Setting CVar [[r.DOF.Recombine.EnableBokehSettings:0    ; no bokeh simulation on slight out of focus]]
[2020.12.03-15.03.59:242][  0]LogConfig: Setting CVar [[r.DOF.TemporalAAQuality:1                ; more stable temporal accumulation]]
[2020.12.03-15.03.59:242][  0]LogConfig: Setting CVar [[r.DOF.Kernel.MaxForegroundRadius:0.025]]
[2020.12.03-15.03.59:242][  0]LogConfig: Setting CVar [[r.DOF.Kernel.MaxBackgroundRadius:0.025]]
[2020.12.03-15.03.59:242][  0]LogConfig: Applying CVar settings from Section [TextureQuality@3] File [C:/Users/emilg/Downloads/MeshPainter/MeshPainterComplete/Saved/Config/Windows/Scalability.ini]
[2020.12.03-15.03.59:242][  0]LogConfig: Setting CVar [[r.Streaming.MipBias:0]]
[2020.12.03-15.03.59:242][  0]LogConfig: Setting CVar [[r.Streaming.AmortizeCPUToGPUCopy:0]]
[2020.12.03-15.03.59:242][  0]LogConfig: Setting CVar [[r.Streaming.MaxNumTexturesToStreamPerFrame:0]]
[2020.12.03-15.03.59:242][  0]LogConfig: Setting CVar [[r.Streaming.Boost:1]]
[2020.12.03-15.03.59:242][  0]LogConfig: Setting CVar [[r.MaxAnisotropy:8]]
[2020.12.03-15.03.59:242][  0]LogConfig: Setting CVar [[r.VT.MaxAnisotropy:8]]
[2020.12.03-15.03.59:242][  0]LogConfig: Setting CVar [[r.Streaming.LimitPoolSizeToVRAM:0]]
[2020.12.03-15.03.59:242][  0]LogConfig: Setting CVar [[r.Streaming.PoolSize:1000]]
[2020.12.03-15.03.59:242][  0]LogConfig: Setting CVar [[r.Streaming.MaxEffectiveScreenSize:0]]
[2020.12.03-15.03.59:242][  0]LogConfig: Applying CVar settings from Section [EffectsQuality@3] File [C:/Users/emilg/Downloads/MeshPainter/MeshPainterComplete/Saved/Config/Windows/Scalability.ini]
[2020.12.03-15.03.59:242][  0]LogConfig: Setting CVar [[r.TranslucencyLightingVolumeDim:64]]
[2020.12.03-15.03.59:242][  0]LogConfig: Setting CVar [[r.RefractionQuality:2]]
[2020.12.03-15.03.59:242][  0]LogConfig: Setting CVar [[r.SSR.Quality:3]]
[2020.12.03-15.03.59:242][  0]LogConfig: Setting CVar [[r.SSR.HalfResSceneColor:0]]
[2020.12.03-15.03.59:242][  0]LogConfig: Setting CVar [[r.SceneColorFormat:4]]
[2020.12.03-15.03.59:242][  0]LogConfig: Setting CVar [[r.DetailMode:2]]
[2020.12.03-15.03.59:242][  0]LogConfig: Setting CVar [[r.TranslucencyVolumeBlur:1]]
[2020.12.03-15.03.59:242][  0]LogConfig: Setting CVar [[r.MaterialQualityLevel:1 ; High quality]]
[2020.12.03-15.03.59:242][  0]LogConfig: Setting CVar [[r.SSS.Scale:1]]
[2020.12.03-15.03.59:242][  0]LogConfig: Setting CVar [[r.SSS.SampleSet:2]]
[2020.12.03-15.03.59:242][  0]LogConfig: Setting CVar [[r.SSS.Quality:1]]
[2020.12.03-15.03.59:242][  0]LogConfig: Setting CVar [[r.SSS.HalfRes:0]]
[2020.12.03-15.03.59:242][  0]LogConfig: Setting CVar [[r.SSGI.Quality:3]]
[2020.12.03-15.03.59:242][  0]LogConfig: Setting CVar [[r.EmitterSpawnRateScale:1.0]]
[2020.12.03-15.03.59:242][  0]LogConfig: Setting CVar [[r.ParticleLightQuality:2]]
[2020.12.03-15.03.59:242][  0]LogConfig: Setting CVar [[r.SkyAtmosphere.AerialPerspectiveLUT.FastApplyOnOpaque:1 ; Always have FastSkyLUT 1 in this case to avoid wrong sky]]
[2020.12.03-15.03.59:242][  0]LogConfig: Setting CVar [[r.SkyAtmosphere.AerialPerspectiveLUT.SampleCountPerSlice:1]]
[2020.12.03-15.03.59:242][  0]LogConfig: Setting CVar [[r.SkyAtmosphere.AerialPerspectiveLUT.DepthResolution:16.0]]
[2020.12.03-15.03.59:242][  0]LogConfig: Setting CVar [[r.SkyAtmosphere.FastSkyLUT:1]]
[2020.12.03-15.03.59:242][  0]LogConfig: Setting CVar [[r.SkyAtmosphere.FastSkyLUT.SampleCountMin:4.0]]
[2020.12.03-15.03.59:242][  0]LogConfig: Setting CVar [[r.SkyAtmosphere.FastSkyLUT.SampleCountMax:32.0]]
[2020.12.03-15.03.59:242][  0]LogConfig: Setting CVar [[r.SkyAtmosphere.SampleCountMin:4.0]]
[2020.12.03-15.03.59:242][  0]LogConfig: Setting CVar [[r.SkyAtmosphere.SampleCountMax:32.0]]
[2020.12.03-15.03.59:242][  0]LogConfig: Setting CVar [[r.SkyAtmosphere.TransmittanceLUT.UseSmallFormat:0]]
[2020.12.03-15.03.59:242][  0]LogConfig: Setting CVar [[r.SkyAtmosphere.TransmittanceLUT.SampleCount:10.0]]
[2020.12.03-15.03.59:242][  0]LogConfig: Setting CVar [[r.SkyAtmosphere.MultiScatteringLUT.SampleCount:15.0]]
[2020.12.03-15.03.59:242][  0]LogConfig: Applying CVar settings from Section [FoliageQuality@3] File [C:/Users/emilg/Downloads/MeshPainter/MeshPainterComplete/Saved/Config/Windows/Scalability.ini]
[2020.12.03-15.03.59:242][  0]LogConfig: Setting CVar [[foliage.DensityScale:1.0]]
[2020.12.03-15.03.59:242][  0]LogConfig: Setting CVar [[grass.DensityScale:1.0]]
[2020.12.03-15.03.59:242][  0]LogConfig: Applying CVar settings from Section [ShadingQuality@3] File [C:/Users/emilg/Downloads/MeshPainter/MeshPainterComplete/Saved/Config/Windows/Scalability.ini]
[2020.12.03-15.03.59:242][  0]LogConfig: Setting CVar [[r.HairStrands.SkyLighting.SampleCount:16]]
[2020.12.03-15.03.59:242][  0]LogConfig: Setting CVar [[r.HairStrands.SkyLighting.JitterIntegration:0]]
[2020.12.03-15.03.59:242][  0]LogConfig: Setting CVar [[r.HairStrands.SkyAO.SampleCount:16]]
[2020.12.03-15.03.59:242][  0]LogConfig: Setting CVar [[r.HairStrands.DeepShadow.SuperSampling:0]]
[2020.12.03-15.03.59:242][  0]LogConfig: Setting CVar [[r.HairStrands.VisibilityPPLL:0]]
[2020.12.03-15.03.59:242][  0]LogConfig: Setting CVar [[r.HairStrands.RasterizationScale:0.5]]
[2020.12.03-15.03.59:242][  0]LogConfig: Setting CVar [[r.HairStrands.VelocityRasterizationScale:1]]
[2020.12.03-15.03.59:242][  0]LogInit: Selected Device Profile: [Windows]
[2020.12.03-15.03.59:242][  0]LogInit: Applying CVar settings loaded from the selected device profile: [Windows]
[2020.12.03-15.03.59:242][  0]LogHAL: Display: Platform has ~ 16 GB [17108742144 / 17179869184 / 16], which maps to Larger [LargestMinGB=32, LargerMinGB=12, DefaultMinGB=8, SmallerMinGB=6, SmallestMinGB=0)
[2020.12.03-15.03.59:242][  0]LogInit: Going up to parent DeviceProfile []
[2020.12.03-15.03.59:242][  0]LogConfig: Applying CVar settings from Section [ViewDistanceQuality@3] File [C:/Users/emilg/Downloads/MeshPainter/MeshPainterComplete/Saved/Config/Windows/Scalability.ini]
[2020.12.03-15.03.59:242][  0]LogConfig: Setting CVar [[r.SkeletalMeshLODBias:0]]
[2020.12.03-15.03.59:242][  0]LogConfig: Setting CVar [[r.ViewDistanceScale:1.0]]
[2020.12.03-15.03.59:242][  0]LogConfig: Applying CVar settings from Section [AntiAliasingQuality@3] File [C:/Users/emilg/Downloads/MeshPainter/MeshPainterComplete/Saved/Config/Windows/Scalability.ini]
[2020.12.03-15.03.59:242][  0]LogConfig: Setting CVar [[r.PostProcessAAQuality:4]]
[2020.12.03-15.03.59:242][  0]LogConfig: Applying CVar settings from Section [ShadowQuality@3] File [C:/Users/emilg/Downloads/MeshPainter/MeshPainterComplete/Saved/Config/Windows/Scalability.ini]
[2020.12.03-15.03.59:242][  0]LogConfig: Setting CVar [[r.LightFunctionQuality:1]]
[2020.12.03-15.03.59:242][  0]LogConfig: Setting CVar [[r.ShadowQuality:5]]
[2020.12.03-15.03.59:242][  0]LogConfig: Setting CVar [[r.Shadow.CSM.MaxCascades:10]]
[2020.12.03-15.03.59:242][  0]LogConfig: Setting CVar [[r.Shadow.MaxResolution:2048]]
[2020.12.03-15.03.59:242][  0]LogConfig: Setting CVar [[r.Shadow.MaxCSMResolution:2048]]
[2020.12.03-15.03.59:242][  0]LogConfig: Setting CVar [[r.Shadow.RadiusThreshold:0.01]]
[2020.12.03-15.03.59:242][  0]LogConfig: Setting CVar [[r.Shadow.DistanceScale:1.0]]
[2020.12.03-15.03.59:242][  0]LogConfig: Setting CVar [[r.Shadow.CSM.TransitionScale:1.0]]
[2020.12.03-15.03.59:242][  0]LogConfig: Setting CVar [[r.Shadow.PreShadowResolutionFactor:1.0]]
[2020.12.03-15.03.59:242][  0]LogConfig: Setting CVar [[r.DistanceFieldShadowing:1]]
[2020.12.03-15.03.59:242][  0]LogConfig: Setting CVar [[r.DistanceFieldAO:1]]
[2020.12.03-15.03.59:243][  0]LogConfig: Setting CVar [[r.AOQuality:2]]
[2020.12.03-15.03.59:243][  0]LogConfig: Setting CVar [[r.VolumetricFog:1]]
[2020.12.03-15.03.59:243][  0]LogConfig: Setting CVar [[r.VolumetricFog.GridPixelSize:8]]
[2020.12.03-15.03.59:243][  0]LogConfig: Setting CVar [[r.VolumetricFog.GridSizeZ:128]]
[2020.12.03-15.03.59:243][  0]LogConfig: Setting CVar [[r.VolumetricFog.HistoryMissSupersampleCount:4]]
[2020.12.03-15.03.59:243][  0]LogConfig: Setting CVar [[r.LightMaxDrawDistanceScale:1]]
[2020.12.03-15.03.59:243][  0]LogConfig: Setting CVar [[r.CapsuleShadows:1]]
[2020.12.03-15.03.59:243][  0]LogConfig: Applying CVar settings from Section [PostProcessQuality@3] File [C:/Users/emilg/Downloads/MeshPainter/MeshPainterComplete/Saved/Config/Windows/Scalability.ini]
[2020.12.03-15.03.59:243][  0]LogConfig: Setting CVar [[r.MotionBlurQuality:4]]
[2020.12.03-15.03.59:243][  0]LogConfig: Setting CVar [[r.AmbientOcclusionMipLevelFactor:0.4]]
[2020.12.03-15.03.59:243][  0]LogConfig: Setting CVar [[r.AmbientOcclusionMaxQuality:100]]
[2020.12.03-15.03.59:243][  0]LogConfig: Setting CVar [[r.AmbientOcclusionLevels:-1]]
[2020.12.03-15.03.59:243][  0]LogConfig: Setting CVar [[r.AmbientOcclusionRadiusScale:1.0]]
[2020.12.03-15.03.59:243][  0]LogConfig: Setting CVar [[r.DepthOfFieldQuality:2]]
[2020.12.03-15.03.59:243][  0]LogConfig: Setting CVar [[r.RenderTargetPoolMin:400]]
[2020.12.03-15.03.59:243][  0]LogConfig: Setting CVar [[r.LensFlareQuality:2]]
[2020.12.03-15.03.59:243][  0]LogConfig: Setting CVar [[r.SceneColorFringeQuality:1]]
[2020.12.03-15.03.59:243][  0]LogConfig: Setting CVar [[r.EyeAdaptationQuality:2]]
[2020.12.03-15.03.59:243][  0]LogConfig: Setting CVar [[r.BloomQuality:5]]
[2020.12.03-15.03.59:243][  0]LogConfig: Setting CVar [[r.FastBlurThreshold:100]]
[2020.12.03-15.03.59:243][  0]LogConfig: Setting CVar [[r.Upscale.Quality:3]]
[2020.12.03-15.03.59:243][  0]LogConfig: Setting CVar [[r.Tonemapper.GrainQuantization:1]]
[2020.12.03-15.03.59:243][  0]LogConfig: Setting CVar [[r.LightShaftQuality:1]]
[2020.12.03-15.03.59:243][  0]LogConfig: Setting CVar [[r.Filter.SizeScale:1]]
[2020.12.03-15.03.59:243][  0]LogConfig: Setting CVar [[r.Tonemapper.Quality:5]]
[2020.12.03-15.03.59:243][  0]LogConfig: Setting CVar [[r.DOF.Gather.AccumulatorQuality:1        ; higher gathering accumulator quality]]
[2020.12.03-15.03.59:243][  0]LogConfig: Setting CVar [[r.DOF.Gather.PostfilterMethod:1          ; Median3x3 postfilering method]]
[2020.12.03-15.03.59:243][  0]LogConfig: Setting CVar [[r.DOF.Gather.EnableBokehSettings:0       ; no bokeh simulation when gathering]]
[2020.12.03-15.03.59:243][  0]LogConfig: Setting CVar [[r.DOF.Gather.RingCount:4                 ; medium number of samples when gathering]]
[2020.12.03-15.03.59:243][  0]LogConfig: Setting CVar [[r.DOF.Scatter.ForegroundCompositing:1    ; additive foreground scattering]]
[2020.12.03-15.03.59:243][  0]LogConfig: Setting CVar [[r.DOF.Scatter.BackgroundCompositing:2    ; additive background scattering]]
[2020.12.03-15.03.59:243][  0]LogConfig: Setting CVar [[r.DOF.Scatter.EnableBokehSettings:1      ; bokeh simulation when scattering]]
[2020.12.03-15.03.59:243][  0]LogConfig: Setting CVar [[r.DOF.Scatter.MaxSpriteRatio:0.1         ; only a maximum of 10% of scattered bokeh]]
[2020.12.03-15.03.59:243][  0]LogConfig: Setting CVar [[r.DOF.Recombine.Quality:1                ; cheap slight out of focus]]
[2020.12.03-15.03.59:243][  0]LogConfig: Setting CVar [[r.DOF.Recombine.EnableBokehSettings:0    ; no bokeh simulation on slight out of focus]]
[2020.12.03-15.03.59:243][  0]LogConfig: Setting CVar [[r.DOF.TemporalAAQuality:1                ; more stable temporal accumulation]]
[2020.12.03-15.03.59:243][  0]LogConfig: Setting CVar [[r.DOF.Kernel.MaxForegroundRadius:0.025]]
[2020.12.03-15.03.59:243][  0]LogConfig: Setting CVar [[r.DOF.Kernel.MaxBackgroundRadius:0.025]]
[2020.12.03-15.03.59:243][  0]LogConfig: Applying CVar settings from Section [TextureQuality@3] File [C:/Users/emilg/Downloads/MeshPainter/MeshPainterComplete/Saved/Config/Windows/Scalability.ini]
[2020.12.03-15.03.59:243][  0]LogConfig: Setting CVar [[r.Streaming.MipBias:0]]
[2020.12.03-15.03.59:243][  0]LogConfig: Setting CVar [[r.Streaming.AmortizeCPUToGPUCopy:0]]
[2020.12.03-15.03.59:243][  0]LogConfig: Setting CVar [[r.Streaming.MaxNumTexturesToStreamPerFrame:0]]
[2020.12.03-15.03.59:243][  0]LogConfig: Setting CVar [[r.Streaming.Boost:1]]
[2020.12.03-15.03.59:243][  0]LogConfig: Setting CVar [[r.MaxAnisotropy:8]]
[2020.12.03-15.03.59:243][  0]LogConfig: Setting CVar [[r.VT.MaxAnisotropy:8]]
[2020.12.03-15.03.59:243][  0]LogConfig: Setting CVar [[r.Streaming.LimitPoolSizeToVRAM:0]]
[2020.12.03-15.03.59:243][  0]LogConfig: Setting CVar [[r.Streaming.PoolSize:1000]]
[2020.12.03-15.03.59:243][  0]LogConfig: Setting CVar [[r.Streaming.MaxEffectiveScreenSize:0]]
[2020.12.03-15.03.59:243][  0]LogConfig: Applying CVar settings from Section [EffectsQuality@3] File [C:/Users/emilg/Downloads/MeshPainter/MeshPainterComplete/Saved/Config/Windows/Scalability.ini]
[2020.12.03-15.03.59:243][  0]LogConfig: Setting CVar [[r.TranslucencyLightingVolumeDim:64]]
[2020.12.03-15.03.59:243][  0]LogConfig: Setting CVar [[r.RefractionQuality:2]]
[2020.12.03-15.03.59:243][  0]LogConfig: Setting CVar [[r.SSR.Quality:3]]
[2020.12.03-15.03.59:243][  0]LogConfig: Setting CVar [[r.SSR.HalfResSceneColor:0]]
[2020.12.03-15.03.59:243][  0]LogConfig: Setting CVar [[r.SceneColorFormat:4]]
[2020.12.03-15.03.59:243][  0]LogConfig: Setting CVar [[r.DetailMode:2]]
[2020.12.03-15.03.59:243][  0]LogConfig: Setting CVar [[r.TranslucencyVolumeBlur:1]]
[2020.12.03-15.03.59:243][  0]LogConfig: Setting CVar [[r.MaterialQualityLevel:1 ; High quality]]
[2020.12.03-15.03.59:243][  0]LogConfig: Setting CVar [[r.SSS.Scale:1]]
[2020.12.03-15.03.59:243][  0]LogConfig: Setting CVar [[r.SSS.SampleSet:2]]
[2020.12.03-15.03.59:243][  0]LogConfig: Setting CVar [[r.SSS.Quality:1]]
[2020.12.03-15.03.59:243][  0]LogConfig: Setting CVar [[r.SSS.HalfRes:0]]
[2020.12.03-15.03.59:243][  0]LogConfig: Setting CVar [[r.SSGI.Quality:3]]
[2020.12.03-15.03.59:243][  0]LogConfig: Setting CVar [[r.EmitterSpawnRateScale:1.0]]
[2020.12.03-15.03.59:243][  0]LogConfig: Setting CVar [[r.ParticleLightQuality:2]]
[2020.12.03-15.03.59:243][  0]LogConfig: Setting CVar [[r.SkyAtmosphere.AerialPerspectiveLUT.FastApplyOnOpaque:1 ; Always have FastSkyLUT 1 in this case to avoid wrong sky]]
[2020.12.03-15.03.59:243][  0]LogConfig: Setting CVar [[r.SkyAtmosphere.AerialPerspectiveLUT.SampleCountPerSlice:1]]
[2020.12.03-15.03.59:243][  0]LogConfig: Setting CVar [[r.SkyAtmosphere.AerialPerspectiveLUT.DepthResolution:16.0]]
[2020.12.03-15.03.59:243][  0]LogConfig: Setting CVar [[r.SkyAtmosphere.FastSkyLUT:1]]
[2020.12.03-15.03.59:243][  0]LogConfig: Setting CVar [[r.SkyAtmosphere.FastSkyLUT.SampleCountMin:4.0]]
[2020.12.03-15.03.59:243][  0]LogConfig: Setting CVar [[r.SkyAtmosphere.FastSkyLUT.SampleCountMax:32.0]]
[2020.12.03-15.03.59:243][  0]LogConfig: Setting CVar [[r.SkyAtmosphere.SampleCountMin:4.0]]
[2020.12.03-15.03.59:243][  0]LogConfig: Setting CVar [[r.SkyAtmosphere.SampleCountMax:32.0]]
[2020.12.03-15.03.59:243][  0]LogConfig: Setting CVar [[r.SkyAtmosphere.TransmittanceLUT.UseSmallFormat:0]]
[2020.12.03-15.03.59:243][  0]LogConfig: Setting CVar [[r.SkyAtmosphere.TransmittanceLUT.SampleCount:10.0]]
[2020.12.03-15.03.59:243][  0]LogConfig: Setting CVar [[r.SkyAtmosphere.MultiScatteringLUT.SampleCount:15.0]]
[2020.12.03-15.03.59:243][  0]LogConfig: Applying CVar settings from Section [FoliageQuality@3] File [C:/Users/emilg/Downloads/MeshPainter/MeshPainterComplete/Saved/Config/Windows/Scalability.ini]
[2020.12.03-15.03.59:243][  0]LogConfig: Setting CVar [[foliage.DensityScale:1.0]]
[2020.12.03-15.03.59:243][  0]LogConfig: Setting CVar [[grass.DensityScale:1.0]]
[2020.12.03-15.03.59:243][  0]LogConfig: Applying CVar settings from Section [ShadingQuality@3] File [C:/Users/emilg/Downloads/MeshPainter/MeshPainterComplete/Saved/Config/Windows/Scalability.ini]
[2020.12.03-15.03.59:243][  0]LogConfig: Setting CVar [[r.HairStrands.SkyLighting.SampleCount:16]]
[2020.12.03-15.03.59:243][  0]LogConfig: Setting CVar [[r.HairStrands.SkyLighting.JitterIntegration:0]]
[2020.12.03-15.03.59:243][  0]LogConfig: Setting CVar [[r.HairStrands.SkyAO.SampleCount:16]]
[2020.12.03-15.03.59:243][  0]LogConfig: Setting CVar [[r.HairStrands.DeepShadow.SuperSampling:0]]
[2020.12.03-15.03.59:243][  0]LogConfig: Setting CVar [[r.HairStrands.VisibilityPPLL:0]]
[2020.12.03-15.03.59:243][  0]LogConfig: Setting CVar [[r.HairStrands.RasterizationScale:0.5]]
[2020.12.03-15.03.59:243][  0]LogConfig: Setting CVar [[r.HairStrands.VelocityRasterizationScale:1]]
[2020.12.03-15.03.59:243][  0]LogConfig: Applying CVar settings from Section [Startup] File [../../../Engine/Config/ConsoleVariables.ini]
[2020.12.03-15.03.59:244][  0]LogConfig: Setting CVar [[net.UseAdaptiveNetUpdateFrequency:0]]
[2020.12.03-15.03.59:244][  0]LogConfig: Setting CVar [[p.chaos.AllowCreatePhysxBodies:1]]
[2020.12.03-15.03.59:244][  0]LogConfig: Setting CVar [[fx.SkipVectorVMBackendOptimizations:1]]
[2020.12.03-15.03.59:244][  0]LogConfig: Applying CVar settings from Section [ConsoleVariables] File [C:/Users/emilg/Downloads/MeshPainter/MeshPainterComplete/Saved/Config/Windows/Engine.ini]
[2020.12.03-15.03.59:244][  0]LogInit: Computer: DESKTOP-Q6TPRLC
[2020.12.03-15.03.59:244][  0]LogInit: User: Emil
[2020.12.03-15.03.59:244][  0]LogInit: CPU Page size=4096, Cores=6
[2020.12.03-15.03.59:244][  0]LogInit: High frequency timer resolution =10.000000 MHz
[2020.12.03-15.03.59:244][  0]LogMemory: Memory total: Physical=15.9GB (16GB approx)
[2020.12.03-15.03.59:244][  0]LogMemory: Platform Memory Stats for Windows
[2020.12.03-15.03.59:244][  0]LogMemory: Process Physical Memory: 118.93 MB used, 118.94 MB peak
[2020.12.03-15.03.59:244][  0]LogMemory: Process Virtual Memory: 97.22 MB used, 97.22 MB peak
[2020.12.03-15.03.59:244][  0]LogMemory: Physical Memory: 7601.05 MB used,  8715.12 MB free, 16316.17 MB total
[2020.12.03-15.03.59:244][  0]LogMemory: Virtual Memory: 5167.18 MB used,  134212560.00 MB free, 134217728.00 MB total
[2020.12.03-15.03.59:250][  0]LogWindows: WindowsPlatformFeatures enabled
[2020.12.03-15.03.59:298][  0]LogInit: Physics initialised using underlying interface: PhysX
[2020.12.03-15.03.59:299][  0]LogInit: Using OS detected language (en-US).
[2020.12.03-15.03.59:299][  0]LogInit: Using OS detected locale (sv-SE).
[2020.12.03-15.03.59:305][  0]LogTextLocalizationManager: No specific localization for 'en-US' exists, so the 'en' localization will be used.
[2020.12.03-15.03.59:452][  0]LogInit: Setting process to per monitor DPI aware
[2020.12.03-15.03.59:480][  0]LogSlate: New Slate User Created.  User Index 0, Is Virtual User: 0
[2020.12.03-15.03.59:480][  0]LogSlate: Slate User Registered.  User Index 0, Is Virtual User: 0
[2020.12.03-15.03.59:655][  0]LogHMD: Failed to initialize OpenVR with code 110
[2020.12.03-15.03.59:655][  0]LogD3D11RHI: D3D11 min allowed feature level: 11_0
[2020.12.03-15.03.59:655][  0]LogD3D11RHI: D3D11 max allowed feature level: 11_0
[2020.12.03-15.03.59:655][  0]LogD3D11RHI: D3D11 adapters:
[2020.12.03-15.03.59:773][  0]LogD3D11RHI:    0. 'NVIDIA GeForce RTX 3070' (Feature Level 11_0)
[2020.12.03-15.03.59:773][  0]LogD3D11RHI:       8043/0/8158 MB DedicatedVideo/DedicatedSystem/SharedSystem, Outputs:2, VendorId:0x10de
[2020.12.03-15.03.59:776][  0]LogD3D11RHI:    1. 'Microsoft Basic Render Driver' (Feature Level 11_0)
[2020.12.03-15.03.59:776][  0]LogD3D11RHI:       0/0/8158 MB DedicatedVideo/DedicatedSystem/SharedSystem, Outputs:0, VendorId:0x1414
[2020.12.03-15.03.59:776][  0]LogD3D11RHI: Chosen D3D11 Adapter: 0
[2020.12.03-15.03.59:782][  0]LogD3D11RHI: Creating new Direct3DDevice
[2020.12.03-15.03.59:783][  0]LogD3D11RHI:     GPU DeviceId: 0x2484 (for the marketing name, search the web for "GPU Device Id")
[2020.12.03-15.03.59:783][  0]LogWindows: EnumDisplayDevices:
[2020.12.03-15.03.59:783][  0]LogWindows:    0. 'NVIDIA GeForce RTX 3070' (P:0 D:1)
[2020.12.03-15.03.59:783][  0]LogWindows:    1. 'NVIDIA GeForce RTX 3070' (P:1 D:1)
[2020.12.03-15.03.59:783][  0]LogWindows:    2. 'NVIDIA GeForce RTX 3070' (P:0 D:0)
[2020.12.03-15.03.59:783][  0]LogWindows:    3. 'NVIDIA GeForce RTX 3070' (P:0 D:0)
[2020.12.03-15.03.59:783][  0]LogWindows: DebugString: FoundDriverCount:4 
[2020.12.03-15.03.59:783][  0]LogD3D11RHI:     Adapter Name: NVIDIA GeForce RTX 3070
[2020.12.03-15.03.59:783][  0]LogD3D11RHI:   Driver Version: 457.30 (internal:27.21.14.5730, unified:457.30)
[2020.12.03-15.03.59:783][  0]LogD3D11RHI:      Driver Date: 11-6-2020
[2020.12.03-15.03.59:783][  0]LogRHI: Texture pool is 5630 MB (70% of 8043 MB)
[2020.12.03-15.03.59:839][  0]LogD3D11RHI: RHI has support for 64 bit atomics
[2020.12.03-15.03.59:840][  0]LogD3D11RHI: [Aftermath] Enabled and primed
[2020.12.03-15.03.59:840][  0]LogD3D11RHI: Async texture creation enabled
[2020.12.03-15.03.59:840][  0]LogD3D11RHI: Array index from any shader is supported
[2020.12.03-15.03.59:863][  0]LogD3D11RHI: GPU Timing Frequency: 1000.000000 (Debug: 2 2)
[2020.12.03-15.04.00:129][  0]LogTargetPlatformManager: Display: Loaded TargetPlatform 'AllDesktop'
[2020.12.03-15.04.00:152][  0]LogTargetPlatformManager: Display: Loaded TargetPlatform 'Android'
[2020.12.03-15.04.00:152][  0]LogTargetPlatformManager: Display: Loaded TargetPlatform 'Android_ASTC'
[2020.12.03-15.04.00:152][  0]LogTargetPlatformManager: Display: Loaded TargetPlatform 'Android_DXT'
[2020.12.03-15.04.00:152][  0]LogTargetPlatformManager: Display: Loaded TargetPlatform 'Android_ETC2'
[2020.12.03-15.04.00:152][  0]LogTargetPlatformManager: Display: Loaded TargetPlatform 'AndroidClient'
[2020.12.03-15.04.00:152][  0]LogTargetPlatformManager: Display: Loaded TargetPlatform 'Android_ASTCClient'
[2020.12.03-15.04.00:152][  0]LogTargetPlatformManager: Display: Loaded TargetPlatform 'Android_DXTClient'
[2020.12.03-15.04.00:152][  0]LogTargetPlatformManager: Display: Loaded TargetPlatform 'Android_ETC2Client'
[2020.12.03-15.04.00:152][  0]LogTargetPlatformManager: Display: Loaded TargetPlatform 'Android_Multi'
[2020.12.03-15.04.00:152][  0]LogTargetPlatformManager: Display: Loaded TargetPlatform 'Android_MultiClient'
[2020.12.03-15.04.00:177][  0]LogTargetPlatformManager: Display: Loaded TargetPlatform 'IOSClient'
[2020.12.03-15.04.00:177][  0]LogTargetPlatformManager: Display: Loaded TargetPlatform 'IOS'
[2020.12.03-15.04.00:189][  0]LogTargetPlatformManager: Display: Loaded TargetPlatform 'Linux'
[2020.12.03-15.04.00:199][  0]LogTargetPlatformManager: Display: Loaded TargetPlatform 'LinuxNoEditor'
[2020.12.03-15.04.00:209][  0]LogTargetPlatformManager: Display: Loaded TargetPlatform 'LinuxClient'
[2020.12.03-15.04.00:218][  0]LogTargetPlatformManager: Display: Loaded TargetPlatform 'LinuxServer'
[2020.12.03-15.04.00:228][  0]LogTargetPlatformManager: Display: Loaded TargetPlatform 'LinuxAArch64NoEditor'
[2020.12.03-15.04.00:237][  0]LogTargetPlatformManager: Display: Loaded TargetPlatform 'LinuxAArch64Client'
[2020.12.03-15.04.00:247][  0]LogTargetPlatformManager: Display: Loaded TargetPlatform 'LinuxAArch64Server'
[2020.12.03-15.04.00:275][  0]LogTargetPlatformManager: Display: Loaded TargetPlatform 'Lumin'
[2020.12.03-15.04.00:275][  0]LogTargetPlatformManager: Display: Loaded TargetPlatform 'LuminClient'
[2020.12.03-15.04.00:292][  0]LogTargetPlatformManager: Display: Loaded TargetPlatform 'TVOSClient'
[2020.12.03-15.04.00:292][  0]LogTargetPlatformManager: Display: Loaded TargetPlatform 'TVOS'
[2020.12.03-15.04.00:302][  0]LogTargetPlatformManager: Display: Loaded TargetPlatform 'WindowsNoEditor'
[2020.12.03-15.04.00:312][  0]LogTargetPlatformManager: Display: Loaded TargetPlatform 'Windows'
[2020.12.03-15.04.00:322][  0]LogTargetPlatformManager: Display: Loaded TargetPlatform 'WindowsClient'
[2020.12.03-15.04.00:332][  0]LogTargetPlatformManager: Display: Loaded TargetPlatform 'WindowsServer'
[2020.12.03-15.04.00:332][  0]LogTargetPlatformManager: Display: Building Assets For Windows
[2020.12.03-15.04.00:341][  0]LogAudioDebug: Display: Lib vorbis DLL was dynamically loaded.
[2020.12.03-15.04.00:415][  0]LogShaderCompilers: Guid format shader working directory is -10 characters bigger than the processId version (C:/Users/emilg/Downloads/MeshPainter/MeshPainterComplete/Intermediate/Shaders/WorkingDirectory/9420/).
[2020.12.03-15.04.00:416][  0]LogShaderCompilers: Cleaned the shader compiler working directory 'C:/Users/emilg/AppData/Local/Temp/UnrealShaderWorkingDir/5D9E7E2045B1B4AE0A3BCE96B5352FED/'.
[2020.12.03-15.04.00:416][  0]LogXGEController: Cannot use XGE Controller as Incredibuild is not installed on this machine.
[2020.12.03-15.04.00:416][  0]LogShaderCompilers: Cannot use XGE Shader Compiler as Incredibuild is not installed on this machine.
[2020.12.03-15.04.00:416][  0]LogShaderCompilers: Display: Using Local Shader Compiler.
[2020.12.03-15.04.01:112][  0]LogDerivedDataCache: Display: Max Cache Size: 512 MB
[2020.12.03-15.04.01:160][  0]LogDerivedDataCache: Loaded boot cache 0.05s 92MB C:/Users/emilg/AppData/Local/UnrealEngine/4.25/DerivedDataCache/Boot.ddc.
[2020.12.03-15.04.01:160][  0]LogDerivedDataCache: Display: Loaded Boot cache: C:/Users/emilg/AppData/Local/UnrealEngine/4.25/DerivedDataCache/Boot.ddc
[2020.12.03-15.04.01:160][  0]LogDerivedDataCache: FDerivedDataBackendGraph:  Pak pak cache file C:/Users/emilg/Downloads/MeshPainter/MeshPainterComplete/DerivedDataCache/DDC.ddp not found, will not use a pak cache.
[2020.12.03-15.04.01:160][  0]LogDerivedDataCache: Unable to find inner node Pak for hierarchical cache Hierarchy.
[2020.12.03-15.04.01:160][  0]LogDerivedDataCache: FDerivedDataBackendGraph:  CompressedPak pak cache file C:/Users/emilg/Downloads/MeshPainter/MeshPainterComplete/DerivedDataCache/Compressed.ddp not found, will not use a pak cache.
[2020.12.03-15.04.01:160][  0]LogDerivedDataCache: Unable to find inner node CompressedPak for hierarchical cache Hierarchy.
[2020.12.03-15.04.01:170][  0]LogDerivedDataCache: Display: Pak cache opened for reading ../../../Engine/DerivedDataCache/Compressed.ddp.
[2020.12.03-15.04.01:170][  0]LogDerivedDataCache: FDerivedDataBackendGraph:  EnterprisePak pak cache file ../../../Enterprise/DerivedDataCache/Compressed.ddp not found, will not use a pak cache.
[2020.12.03-15.04.01:170][  0]LogDerivedDataCache: Unable to find inner node EnterprisePak for hierarchical cache Hierarchy.
[2020.12.03-15.04.01:172][  0]LogDerivedDataCache: Using Local data cache path C:/Users/emilg/AppData/Local/UnrealEngine/Common/DerivedDataCache: Writable
[2020.12.03-15.04.01:172][  0]LogDerivedDataCache: Shared data cache path not found in *engine.ini, will not use an Shared cache.
[2020.12.03-15.04.01:172][  0]LogDerivedDataCache: Unable to find inner node Shared for hierarchical cache Hierarchy.
[2020.12.03-15.04.01:214][  0]LogSlate: Using FreeType 2.10.0
[2020.12.03-15.04.01:215][  0]LogSlate: SlateFontServices - WITH_FREETYPE: 1, WITH_HARFBUZZ: 1
[2020.12.03-15.04.01:237][  0]LogAssetRegistry: FAssetRegistry took 0.0027 seconds to start up
[2020.12.03-15.04.01:459][  0]LogInit: Selected Device Profile: [Windows]
[2020.12.03-15.04.01:563][  0]LogMeshReduction: Using QuadricMeshReduction for automatic static mesh reduction
[2020.12.03-15.04.01:563][  0]LogMeshReduction: Using SimplygonMeshReduction for automatic skeletal mesh reduction
[2020.12.03-15.04.01:563][  0]LogMeshReduction: Using ProxyLODMeshReduction for automatic mesh merging
[2020.12.03-15.04.01:563][  0]LogMeshReduction: No distributed automatic mesh merging module available
[2020.12.03-15.04.01:563][  0]LogMeshMerging: No distributed automatic mesh merging module available
[2020.12.03-15.04.01:579][  0]LogNetVersion: MeshPainter 1.0.0, NetCL: 13144385, EngineNetVer: 14, GameNetVer: 0 (Checksum: 1988999685)
[2020.12.03-15.04.01:946][  0]LogAISub: UAISubsystem::UAISubsystem AISubsystem (0000020B75AFC2C0), frame # 0
[2020.12.03-15.04.01:946][  0]LogAISub: UAISubsystem::UAISubsystem AIPerceptionSystem (0000020B75A33B00), frame # 0
[2020.12.03-15.04.01:948][  0]LogAISub: UAISubsystem::UAISubsystem EnvQueryManager (0000020B75A7E000), frame # 0
[2020.12.03-15.04.01:992][  0]LogPackageLocalizationCache: Processed 19 localized package path(s) for 1 prioritized culture(s) in 0.037686 seconds
[2020.12.03-15.04.01:997][  0]LogUObjectArray: 15917 objects as part of root set at end of initial load.
[2020.12.03-15.04.01:997][  0]LogUObjectAllocator: 3965568 out of 0 bytes used by permanent object pool.
[2020.12.03-15.04.01:997][  0]LogUObjectArray: CloseDisregardForGC: 0/0 objects in disregard for GC pool
[2020.12.03-15.04.02:360][  0]LogTcpMessaging: Initializing TcpMessaging bridge
[2020.12.03-15.04.02:366][  0]LogUdpMessaging: Initializing bridge on interface 0.0.0.0:0 to multicast group 230.0.0.1:6666.
[2020.12.03-15.04.02:460][  0]SourceControl: Source control is disabled
[2020.12.03-15.04.02:460][  0]SourceControl: Source control is disabled
[2020.12.03-15.04.02:463][  0]SourceControl: Source control is disabled
[2020.12.03-15.04.02:466][  0]SourceControl: Source control is disabled
[2020.12.03-15.04.02:474][  0]SourceControl: Source control is disabled
[2020.12.03-15.04.02:739][  0]LogAndroidPermission: UAndroidPermissionCallbackProxy::GetInstance
[2020.12.03-15.04.02:762][  0]LogAudioCaptureCore: Display: No Audio Capture implementations found. Audio input will be silent.
[2020.12.03-15.04.02:762][  0]LogAudioCaptureCore: Display: No Audio Capture implementations found. Audio input will be silent.
[2020.12.03-15.04.02:815][  0]LogOcInput: OculusInput pre-init called
[2020.12.03-15.04.02:829][  0]LogWindows: Failed to load 'OVRPlugin.dll' (GetLastError=126)
[2020.12.03-15.04.02:829][  0]LogWindows: File 'OVRPlugin.dll' does not exist
[2020.12.03-15.04.02:890][  0]LogEngine: Initializing Engine...
[2020.12.03-15.04.02:891][  0]LogHMD: Failed to initialize OpenVR with code 110
[2020.12.03-15.04.02:891][  0]LogMagicLeap: Warning: VR disabled because ZI is not enabled.  To enable, in the editor, Edit -> Project Settings -> Plugins -> Magic Leap Plugin -> Enable Zero Iteration
[2020.12.03-15.04.02:892][  0]LogStats: UGameplayTagsManager::InitializeManager -  0.000 s
[2020.12.03-15.04.02:985][  0]LogInit: Initializing FReadOnlyCVARCache
[2020.12.03-15.04.02:993][  0]LogAIModule: Creating AISystem for world Untitled
[2020.12.03-15.04.02:993][  0]LogAISub: UAISubsystem::UAISubsystem EnvQueryManager (0000020B76FFBC00), frame # 0
[2020.12.03-15.04.02:993][  0]LogAISub: UAISubsystem::UAISubsystem AIPerceptionSystem (0000020B7704D440), frame # 0
[2020.12.03-15.04.03:004][  0]LogAudioMixer: Display: Audio Mixer Platform Settings:
[2020.12.03-15.04.03:004][  0]LogAudioMixer: Display: 	Sample Rate:						  48000
[2020.12.03-15.04.03:004][  0]LogAudioMixer: Display: 	Callback Buffer Frame Size Requested: 1024
[2020.12.03-15.04.03:004][  0]LogAudioMixer: Display: 	Callback Buffer Frame Size To Use:	  1024
[2020.12.03-15.04.03:004][  0]LogAudioMixer: Display: 	Number of buffers to queue:			  2
[2020.12.03-15.04.03:004][  0]LogAudioMixer: Display: 	Max Channels (voices):				  32
[2020.12.03-15.04.03:004][  0]LogAudioMixer: Display: 	Number of Async Source Workers:		  0
[2020.12.03-15.04.03:004][  0]LogAudio: Display: AudioDevice MaxSources: 32
[2020.12.03-15.04.03:005][  0]LogAudio: Display: Using built-in audio occlusion.
[2020.12.03-15.04.03:005][  0]LogAudioMixer: Display: Initializing audio mixer.
[2020.12.03-15.04.03:021][  0]LogAudioMixer: Display: 0: FrontLeft
[2020.12.03-15.04.03:021][  0]LogAudioMixer: Display: 1: FrontRight
[2020.12.03-15.04.03:050][  0]LogAudioMixer: Display: Using Audio Device Headset Earphone (Sennheiser Communication Audio)
[2020.12.03-15.04.03:053][  0]LogAudioMixer: Display: Initializing Sound Submixes...
[2020.12.03-15.04.03:056][  0]LogAudioMixer: Display: Creating Master Submix 'MasterSubmixDefault'
[2020.12.03-15.04.03:056][  0]LogAudioMixer: Display: Creating Master Submix 'MasterReverbSubmixDefault'
[2020.12.03-15.04.03:057][  0]LogAudioMixer: Display: Creating Master Submix 'MasterEQSubmixDefault'
[2020.12.03-15.04.03:057][  0]LogInit: FAudioDevice initialized.
[2020.12.03-15.04.03:058][  0]LogNetVersion: Set ProjectVersion to 1.0.0.0. Version Checksum will be recalculated on next use.
[2020.12.03-15.04.03:134][  0]LogDerivedDataCache: Saved boot cache 0.08s 76MB C:/Users/emilg/AppData/Local/UnrealEngine/4.25/DerivedDataCache/Boot.ddc.
[2020.12.03-15.04.03:138][  0]LogInit: Texture streaming: Enabled
[2020.12.03-15.04.03:155][  0]LogEngineSessionManager: EngineSessionManager initialized
[2020.12.03-15.04.03:155][  0]LogEditorSessionSummary: Verbose: Initializing EditorSessionSummaryWriter for editor session tracking
[2020.12.03-15.04.03:156][  0]LogEditorSessionSummary: EditorSessionSummaryWriter initialized
[2020.12.03-15.04.03:200][  0]LogInit: Transaction tracking system initialized
[2020.12.03-15.04.03:222][  0]BlueprintLog: New page: Editor Load
[2020.12.03-15.04.03:300][  0]LocalizationService: Localization service is disabled
[2020.12.03-15.04.03:465][  0]LogCook: Display: Max memory allowance for cook 16384mb min free memory 0mb
[2020.12.03-15.04.03:465][  0]LogCook: Display: Mobile HDR setting 1
[2020.12.03-15.04.03:605][  0]LogFileCache: Scanning file cache for directory 'C:/Users/emilg/Downloads/MeshPainter/MeshPainterComplete/Content/' took 0.00s
[2020.12.03-15.04.03:783][  0]SourceControl: Source control is disabled
[2020.12.03-15.04.03:783][  0]LogUnrealEdMisc: Loading editor; pre map load, took 6.467
[2020.12.03-15.04.03:783][  0]Cmd: MAP LOAD FILE="C:/Users/emilg/Downloads/MeshPainter/MeshPainterComplete/Content/MeshPainter/Maps/TutorialMap.umap" TEMPLATE=0 SHOWPROGRESS=1 FEATURELEVEL=3
[2020.12.03-15.04.03:783][  0]LightingResults: New page: Lighting Build
[2020.12.03-15.04.03:784][  0]LogWorld: UWorld::CleanupWorld for Untitled, bSessionEnded=true, bCleanupResources=true
[2020.12.03-15.04.03:785][  0]LogSlate: InvalidateAllWidgets triggered.  All widgets were invalidated
[2020.12.03-15.04.03:785][  0]MapCheck: New page: Map Check
[2020.12.03-15.04.03:785][  0]LightingResults: New page: Lighting Build
[2020.12.03-15.04.03:795][  0]LogAISub: UAISubsystem::~UAISubsystem EnvQueryManager (0000020B76FFBC00), frame # 0
[2020.12.03-15.04.03:795][  0]LogAISub: UAISubsystem::~UAISubsystem AIPerceptionSystem (0000020B7704D440), frame # 0
[2020.12.03-15.04.03:796][  0]LogUObjectHash: Compacting FUObjectHashTables data took   0.82ms
[2020.12.03-15.04.03:906][  0]LogAIModule: Creating AISystem for world TutorialMap
[2020.12.03-15.04.03:906][  0]LogAISub: UAISubsystem::UAISubsystem EnvQueryManager (0000020B0136BE00), frame # 0
[2020.12.03-15.04.03:906][  0]LogAISub: UAISubsystem::UAISubsystem AIPerceptionSystem (0000020B01B85F80), frame # 0
[2020.12.03-15.04.03:911][  0]LogEditorServer: Finished looking for orphan Actors (0.000 secs)
[2020.12.03-15.04.03:922][  0]LogUObjectHash: Compacting FUObjectHashTables data took   0.73ms
[2020.12.03-15.04.03:923][  0]Cmd: MAP CHECKDEP NOCLEARLOG
[2020.12.03-15.04.03:923][  0]MapCheck: Map check complete: 0 Error(s), 0 Warning(s), took 0,181ms to complete.
[2020.12.03-15.04.03:923][  0]LogFileHelpers: Loading map 'TutorialMap' took 0.140
[2020.12.03-15.04.03:924][  0]LogUnrealEdMisc: Total Editor Startup Time, took 6.608
[2020.12.03-15.04.04:044][  0]LogSlate: Updating window title bar state: overlay mode, drag disabled, window buttons hidden, title bar hidden
[2020.12.03-15.04.04:049][  0]LogSlate: Updating window title bar state: overlay mode, drag disabled, window buttons hidden, title bar hidden
[2020.12.03-15.04.04:055][  0]LogSlate: Updating window title bar state: overlay mode, drag disabled, window buttons hidden, title bar hidden
[2020.12.03-15.04.04:060][  0]LogSlate: Updating window title bar state: overlay mode, drag disabled, window buttons hidden, title bar hidden
[2020.12.03-15.04.04:066][  0]LogCollectionManager: Loaded 0 collections in 0.000894 seconds
[2020.12.03-15.04.04:080][  0]LogFileCache: Scanning file cache for directory 'C:/Users/emilg/Downloads/MeshPainter/MeshPainterComplete/Saved/Collections/' took 0.00s
[2020.12.03-15.04.04:080][  0]LogFileCache: Scanning file cache for directory 'C:/Users/emilg/Downloads/MeshPainter/MeshPainterComplete/Content/Developers/Emil/Collections/' took 0.00s
[2020.12.03-15.04.04:080][  0]LogFileCache: Scanning file cache for directory 'C:/Users/emilg/Downloads/MeshPainter/MeshPainterComplete/Content/Collections/' took 0.00s
[2020.12.03-15.04.04:080][  0]LogContentBrowser: Native class hierarchy populated in 0.0093 seconds. Added 3427 classes and 821 folders.
[2020.12.03-15.04.04:083][  0]LogContentBrowser: Native class hierarchy updated for 'WidgetCarousel' in 0.0003 seconds. Added 0 classes and 0 folders.
[2020.12.03-15.04.04:151][  0]LogContentBrowser: Native class hierarchy updated for 'AddContentDialog' in 0.0003 seconds. Added 0 classes and 0 folders.
[2020.12.03-15.04.04:152][  0]LogContentBrowser: Native class hierarchy updated for 'SceneOutliner' in 0.0002 seconds. Added 2 classes and 0 folders.
[2020.12.03-15.04.04:232][  0]LogSlate: Took 0.000266 seconds to synchronously load lazily loaded font '../../../Engine/Content/Slate/Fonts/Roboto-Regular.ttf' (155K)
[2020.12.03-15.04.04:233][  0]LogSlate: Took 0.000230 seconds to synchronously load lazily loaded font '../../../Engine/Content/Slate/Fonts/Roboto-Bold.ttf' (160K)
[2020.12.03-15.04.04:237][  0]LogSlate: Took 0.000209 seconds to synchronously load lazily loaded font '../../../Engine/Content/Editor/Slate/Fonts/FontAwesome.ttf' (139K)
[2020.12.03-15.04.04:293][  0]LogRenderer: Reallocating scene render targets to support 1208x572 Format 10 NumSamples 1 (Frame:1).
[2020.12.03-15.04.04:362][  0]LogContentBrowser: Native class hierarchy updated for 'HierarchicalLODOutliner' in 0.0003 seconds. Added 0 classes and 0 folders.
[2020.12.03-15.04.04:362][  0]LogLoad: (Engine Initialization) Total time: 7.05 seconds
[2020.12.03-15.04.04:362][  0]LogLoad: (Engine Initialization) Total Blueprint compile time: 0.00 seconds
[2020.12.03-15.04.04:398][  0]LogAssetRegistry: Asset discovery search completed in 3.1623 seconds
[2020.12.03-15.04.04:401][  0]LogCollectionManager: Fixed up redirectors for 0 collections in 0.000002 seconds (updated 0 objects)
[2020.12.03-15.04.04:402][  0]LogContentStreaming: Texture pool size now 1000 MB
[2020.12.03-15.04.04:412][  0]LogSlate: Took 0.000225 seconds to synchronously load lazily loaded font '../../../Engine/Content/Slate/Fonts/Roboto-Light.ttf' (167K)
[2020.12.03-15.04.05:728][  4]LogSlate: Took 0.000271 seconds to synchronously load lazily loaded font '../../../Engine/Content/Slate/Fonts/Roboto-Light.ttf' (167K)
[2020.12.03-15.04.29:205][351]LogAssetEditorSubsystem: Opening Asset editor for Blueprint /Game/MeshPainter/Blueprints/BP_Player.BP_Player
[2020.12.03-15.04.29:405][351]LogContentBrowser: Native class hierarchy updated for 'BlueprintGraph' in 0.0006 seconds. Added 125 classes and 0 folders.
[2020.12.03-15.04.30:135][351]LogAssetEditorSubsystem: Opening Asset editor for Blueprint /Game/MeshPainter/Blueprints/BP_Capture.BP_Capture
[2020.12.03-15.04.30:427][351]LogSlate: Took 0.000271 seconds to synchronously load lazily loaded font '../../../Engine/Content/Slate/Fonts/Roboto-BoldCondensed.ttf' (158K)
[2020.12.03-15.04.30:473][352]LogSlate: Took 0.000270 seconds to synchronously load lazily loaded font '../../../Engine/Content/Slate/Fonts/Roboto-Italic.ttf' (157K)
[2020.12.03-15.06.16:083][688]LogRenderer: Reallocating scene render targets to support 1208x692 Format 10 NumSamples 1 (Frame:1).
[2020.12.03-15.06.36:061][904]LogSlate: Window 'BP_Capture' being destroyed
[2020.12.03-15.06.42:090][609]LogAssetEditorSubsystem: Opening Asset editor for Material /Game/MeshPainter/Materials/M_Unwrap.M_Unwrap
[2020.12.03-15.06.42:115][609]LogMaterial: Display: Missing cached shader map for material M_Unwrap, compiling. 
[2020.12.03-15.06.42:637][609]LogMaterial: Display: Missing cached shader map for material M_Unwrap, compiling. 
[2020.12.03-15.06.42:656][609]LogShaderCompilers: Display: Worker (1/9): shaders left to compile 45
[2020.12.03-15.06.42:656][609]LogShaderCompilers: Display: Worker (2/9): shaders left to compile 44
[2020.12.03-15.06.42:656][609]LogShaderCompilers: Display: Worker (3/9): shaders left to compile 43
[2020.12.03-15.06.42:657][609]LogShaderCompilers: Display: Worker (4/9): shaders left to compile 42
[2020.12.03-15.06.42:657][609]LogShaderCompilers: Display: Worker (5/9): shaders left to compile 41
[2020.12.03-15.06.42:657][609]LogShaderCompilers: Display: Worker (6/9): shaders left to compile 40
[2020.12.03-15.06.42:657][609]LogShaderCompilers: Display: Worker (7/9): shaders left to compile 39
[2020.12.03-15.06.42:657][609]LogShaderCompilers: Display: Worker (8/9): shaders left to compile 38
[2020.12.03-15.06.42:659][609]LogMaterial: Display: Missing cached shader map for material FMatExpressionPreview MaterialExpressionVectorParameter_0, compiling. 
[2020.12.03-15.06.43:068][622]LogShaderCompilers: Display: Worker (7/9): shaders left to compile 41
[2020.12.03-15.06.43:075][623]LogShaderCompilers: Display: Worker (4/9): shaders left to compile 40
[2020.12.03-15.06.43:084][624]LogShaderCompilers: Display: Worker (8/9): shaders left to compile 39
[2020.12.03-15.06.43:126][629]LogShaderCompilers: Display: Worker (3/9): shaders left to compile 38
[2020.12.03-15.06.43:126][629]LogShaderCompilers: Display: Worker (1/9): shaders left to compile 37
[2020.12.03-15.06.43:144][631]LogShaderCompilers: Display: Worker (5/9): shaders left to compile 36
[2020.12.03-15.06.43:152][632]LogShaderCompilers: Display: Worker (2/9): shaders left to compile 35
[2020.12.03-15.06.43:214][639]LogShaderCompilers: Display: Worker (6/9): shaders left to compile 34
[2020.12.03-15.06.43:263][644]LogShaderCompilers: Display: Worker (7/9): shaders left to compile 33
[2020.12.03-15.06.43:275][645]LogShaderCompilers: Display: Worker (4/9): shaders left to compile 32
[2020.12.03-15.06.43:351][653]LogShaderCompilers: Display: Worker (8/9): shaders left to compile 31
[2020.12.03-15.06.43:377][656]LogShaderCompilers: Display: Worker (2/9): shaders left to compile 30
[2020.12.03-15.06.43:388][657]LogShaderCompilers: Display: Worker (3/9): shaders left to compile 29
[2020.12.03-15.06.43:410][659]LogShaderCompilers: Display: Worker (6/9): shaders left to compile 28
[2020.12.03-15.06.43:471][666]LogShaderCompilers: Display: Worker (4/9): shaders left to compile 27
[2020.12.03-15.06.43:489][668]LogShaderCompilers: Display: Worker (1/9): shaders left to compile 26
[2020.12.03-15.06.43:489][668]LogShaderCompilers: Display: Worker (7/9): shaders left to compile 25
[2020.12.03-15.06.43:508][670]LogShaderCompilers: Display: Worker (8/9): shaders left to compile 24
[2020.12.03-15.06.43:553][675]LogShaderCompilers: Display: Worker (6/9): shaders left to compile 23
[2020.12.03-15.06.43:594][679]LogShaderCompilers: Display: Worker (2/9): shaders left to compile 22
[2020.12.03-15.06.43:650][684]LogShaderCompilers: Display: Worker (4/9): shaders left to compile 21
[2020.12.03-15.06.43:680][687]LogShaderCompilers: Display: Worker (1/9): shaders left to compile 20
[2020.12.03-15.06.43:680][687]LogShaderCompilers: Display: Worker (5/9): shaders left to compile 19
[2020.12.03-15.06.43:700][689]LogShaderCompilers: Display: Worker (7/9): shaders left to compile 18
[2020.12.03-15.06.43:734][692]LogShaderCompilers: Display: Worker (3/9): shaders left to compile 17
[2020.12.03-15.06.43:763][695]LogShaderCompilers: Display: Worker (8/9): shaders left to compile 16
[2020.12.03-15.06.43:827][702]LogShaderCompilers: Display: Worker (6/9): shaders left to compile 15
[2020.12.03-15.06.43:899][709]LogShaderCompilers: Display: Worker (1/9): shaders left to compile 14
[2020.12.03-15.06.43:952][713]LogShaderCompilers: Display: Worker (2/9): shaders left to compile 13
[2020.12.03-15.06.43:970][715]LogShaderCompilers: Display: Worker (8/9): shaders left to compile 12
[2020.12.03-15.06.43:989][717]LogShaderCompilers: Display: Worker (5/9): shaders left to compile 11
[2020.12.03-15.06.44:017][720]LogShaderCompilers: Display: Worker (7/9): shaders left to compile 10
[2020.12.03-15.06.44:053][724]LogShaderCompilers: Display: Worker (3/9): shaders left to compile 9
[2020.12.03-15.06.44:098][729]LogShaderCompilers: Display: Worker (2/9): shaders left to compile 8
[2020.12.03-15.06.44:117][731]LogShaderCompilers: Display: Worker (6/9): shaders left to compile 7
[2020.12.03-15.06.44:144][734]LogShaderCompilers: Display: Worker (8/9): shaders left to compile 6
[2020.12.03-15.06.44:153][735]LogShaderCompilers: Display: Worker (4/9): shaders left to compile 5
[2020.12.03-15.06.44:259][745]LogShaderCompilers: Display: Worker (5/9): shaders left to compile 4
[2020.12.03-15.06.44:286][747]LogShaderCompilers: Display: Worker (7/9): shaders left to compile 3
[2020.12.03-15.06.44:385][757]LogShaderCompilers: Display: Worker (1/9): shaders left to compile 2
[2020.12.03-15.06.44:431][762]LogShaderCompilers: Display: Worker (3/9): shaders left to compile 1
[2020.12.03-15.06.56:342][187]MaterialEditorStats: Base pass shader without light map: 40 instructions
[2020.12.03-15.06.56:342][187]MaterialEditorStats: Base pass vertex shader: 58 instructions
[2020.12.03-15.06.56:342][187]MaterialEditorStats: Base pass vertex shader: 158 instructions
[2020.12.03-15.06.56:342][187]MaterialEditorStats: Texture samplers: 0/16
[2020.12.03-15.08.50:704][125]LogEditorViewport: Clicking on Actor (LMB): BP_Capture_C (BP_Capture)
[2020.12.03-15.08.57:897][953]LogEditorViewport: Clicking on Actor (LMB): BP_Capture_C (BP_Capture)
[2020.12.03-15.09.03:430][518]LogTemp: Repeating last play command: Selected Viewport
[2020.12.03-15.09.03:446][518]LogPlayLevel: PlayLevel: No blueprints needed recompiling
[2020.12.03-15.09.03:446][518]PIE: New page: PIE session: TutorialMap (3 dec. 2020 17:09:03)
[2020.12.03-15.09.03:447][518]LogOnline: OSS: Creating online subsystem instance for: NULL
[2020.12.03-15.09.03:448][518]LogOnline: OSS: TryLoadSubsystemAndSetDefault: Loaded subsystem for module [NULL]
[2020.12.03-15.09.03:448][518]LogPlayLevel: Creating play world package: /Game/MeshPainter/Maps/UEDPIE_0_TutorialMap
[2020.12.03-15.09.03:453][518]LogPlayLevel: PIE: StaticDuplicateObject took: (0.004461s)
[2020.12.03-15.09.03:454][518]LogAIModule: Creating AISystem for world TutorialMap
[2020.12.03-15.09.03:454][518]LogAISub: UAISubsystem::UAISubsystem EnvQueryManager (0000020B954A8A00), frame # 31518
[2020.12.03-15.09.03:454][518]LogAISub: UAISubsystem::UAISubsystem AIPerceptionSystem (0000020B94C2A480), frame # 31518
[2020.12.03-15.09.03:454][518]LogPlayLevel: PIE: World Init took: (0.001073s)
[2020.12.03-15.09.03:454][518]LogPlayLevel: PIE: Created PIE world by copying editor world from /Game/MeshPainter/Maps/TutorialMap.TutorialMap to /Game/MeshPainter/Maps/UEDPIE_0_TutorialMap.TutorialMap (0.005651s)
[2020.12.03-15.09.03:501][518]LogUObjectHash: Compacting FUObjectHashTables data took   3.33ms
[2020.12.03-15.09.03:503][518]LogAudioMixer: Display: Audio Mixer Platform Settings:
[2020.12.03-15.09.03:503][518]LogAudioMixer: Display: 	Sample Rate:						  48000
[2020.12.03-15.09.03:503][518]LogAudioMixer: Display: 	Callback Buffer Frame Size Requested: 1024
[2020.12.03-15.09.03:503][518]LogAudioMixer: Display: 	Callback Buffer Frame Size To Use:	  1024
[2020.12.03-15.09.03:503][518]LogAudioMixer: Display: 	Number of buffers to queue:			  2
[2020.12.03-15.09.03:503][518]LogAudioMixer: Display: 	Max Channels (voices):				  32
[2020.12.03-15.09.03:503][518]LogAudioMixer: Display: 	Number of Async Source Workers:		  0
[2020.12.03-15.09.03:503][518]LogAudio: Display: AudioDevice MaxSources: 32
[2020.12.03-15.09.03:503][518]LogAudio: Display: Using built-in audio occlusion.
[2020.12.03-15.09.03:503][518]LogAudioMixer: Display: Initializing audio mixer.
[2020.12.03-15.09.03:509][518]LogAudioMixer: Display: 0: FrontLeft
[2020.12.03-15.09.03:509][518]LogAudioMixer: Display: 1: FrontRight
[2020.12.03-15.09.03:525][518]LogAudioMixer: Display: Using Audio Device Headset Earphone (Sennheiser Communication Audio)
[2020.12.03-15.09.03:525][518]LogAudioMixer: Display: Initializing Sound Submixes...
[2020.12.03-15.09.03:525][518]LogAudioMixer: Display: Creating Master Submix 'MasterSubmixDefault'
[2020.12.03-15.09.03:525][518]LogAudioMixer: Display: Creating Master Submix 'MasterReverbSubmixDefault'
[2020.12.03-15.09.03:525][518]LogAudioMixer: Display: Creating Master Submix 'MasterEQSubmixDefault'
[2020.12.03-15.09.03:535][518]LogInit: FAudioDevice initialized.
[2020.12.03-15.09.03:540][518]LogLoad: Game class is 'GM_Tutorial_C'
[2020.12.03-15.09.03:542][518]LogWorld: Bringing World /Game/MeshPainter/Maps/UEDPIE_0_TutorialMap.TutorialMap up for play (max tick rate 0) at 2020.12.03-16.09.03
[2020.12.03-15.09.03:542][518]LogWorld: Bringing up level for play took: 0.001110
[2020.12.03-15.09.03:542][518]LogOnline: OSS: Creating online subsystem instance for: :Context_8
[2020.12.03-15.09.03:566][518]LogContentBrowser: Native class hierarchy updated for 'MovieSceneCapture' in 0.0003 seconds. Added 20 classes and 0 folders.
[2020.12.03-15.09.03:567][518]PIE: Server logged in
[2020.12.03-15.09.03:569][518]PIE: Play in editor total start time 0,129 seconds.
[2020.12.03-15.09.04:006][535]LogRenderer: Reallocating scene render targets to support 1208x1024 Format 10 NumSamples 1 (Frame:16).
[2020.12.03-15.09.44:373][372]LogSlate: Updating window title bar state: overlay mode, drag disabled, window buttons hidden, title bar hidden
[2020.12.03-15.09.44:373][372]LogWorld: BeginTearingDown for /Game/MeshPainter/Maps/UEDPIE_0_TutorialMap
[2020.12.03-15.09.44:373][372]LogWorld: UWorld::CleanupWorld for TutorialMap, bSessionEnded=true, bCleanupResources=true
[2020.12.03-15.09.44:373][372]LogSlate: InvalidateAllWidgets triggered.  All widgets were invalidated
[2020.12.03-15.09.44:384][372]LogPlayLevel: Display: Shutting down PIE online subsystems
[2020.12.03-15.09.44:389][372]LogSlate: InvalidateAllWidgets triggered.  All widgets were invalidated
[2020.12.03-15.09.44:431][372]LogSlate: Updating window title bar state: overlay mode, drag disabled, window buttons hidden, title bar hidden
[2020.12.03-15.09.44:457][372]LogAISub: UAISubsystem::~UAISubsystem EnvQueryManager (0000020B954A8A00), frame # 36372
[2020.12.03-15.09.44:457][372]LogAISub: UAISubsystem::~UAISubsystem AIPerceptionSystem (0000020B94C2A480), frame # 36372
[2020.12.03-15.09.44:471][372]LogUObjectHash: Compacting FUObjectHashTables data took   3.81ms
[2020.12.03-15.09.44:498][373]LogPlayLevel: Display: Destroying online subsystem :Context_8
[2020.12.03-15.10.10:122][554]LogTemp: Repeating last play command: Selected Viewport
[2020.12.03-15.10.10:132][554]LogPlayLevel: PlayLevel: No blueprints needed recompiling
[2020.12.03-15.10.10:132][554]PIE: New page: PIE session: TutorialMap (3 dec. 2020 17:10:10)
[2020.12.03-15.10.10:132][554]LogPlayLevel: Creating play world package: /Game/MeshPainter/Maps/UEDPIE_0_TutorialMap
[2020.12.03-15.10.10:134][554]LogPlayLevel: PIE: StaticDuplicateObject took: (0.002567s)
[2020.12.03-15.10.10:135][554]LogAIModule: Creating AISystem for world TutorialMap
[2020.12.03-15.10.10:135][554]LogAISub: UAISubsystem::UAISubsystem EnvQueryManager (0000020B32F04400), frame # 37554
[2020.12.03-15.10.10:135][554]LogAISub: UAISubsystem::UAISubsystem AIPerceptionSystem (0000020B9BA1AFC0), frame # 37554
[2020.12.03-15.10.10:136][554]LogPlayLevel: PIE: World Init took: (0.001261s)
[2020.12.03-15.10.10:136][554]LogPlayLevel: PIE: Created PIE world by copying editor world from /Game/MeshPainter/Maps/TutorialMap.TutorialMap to /Game/MeshPainter/Maps/UEDPIE_0_TutorialMap.TutorialMap (0.003921s)
[2020.12.03-15.10.10:162][554]LogUObjectHash: Compacting FUObjectHashTables data took   2.92ms
[2020.12.03-15.10.10:163][554]LogAudioMixer: Display: Audio Mixer Platform Settings:
[2020.12.03-15.10.10:163][554]LogAudioMixer: Display: 	Sample Rate:						  48000
[2020.12.03-15.10.10:163][554]LogAudioMixer: Display: 	Callback Buffer Frame Size Requested: 1024
[2020.12.03-15.10.10:163][554]LogAudioMixer: Display: 	Callback Buffer Frame Size To Use:	  1024
[2020.12.03-15.10.10:163][554]LogAudioMixer: Display: 	Number of buffers to queue:			  2
[2020.12.03-15.10.10:163][554]LogAudioMixer: Display: 	Max Channels (voices):				  32
[2020.12.03-15.10.10:163][554]LogAudioMixer: Display: 	Number of Async Source Workers:		  0
[2020.12.03-15.10.10:163][554]LogAudio: Display: AudioDevice MaxSources: 32
[2020.12.03-15.10.10:163][554]LogAudio: Display: Using built-in audio occlusion.
[2020.12.03-15.10.10:163][554]LogAudioMixer: Display: Initializing audio mixer.
[2020.12.03-15.10.10:169][554]LogAudioMixer: Display: 0: FrontLeft
[2020.12.03-15.10.10:169][554]LogAudioMixer: Display: 1: FrontRight
[2020.12.03-15.10.10:184][554]LogAudioMixer: Display: Using Audio Device Headset Earphone (Sennheiser Communication Audio)
[2020.12.03-15.10.10:184][554]LogAudioMixer: Display: Initializing Sound Submixes...
[2020.12.03-15.10.10:184][554]LogAudioMixer: Display: Creating Master Submix 'MasterSubmixDefault'
[2020.12.03-15.10.10:184][554]LogAudioMixer: Display: Creating Master Submix 'MasterReverbSubmixDefault'
[2020.12.03-15.10.10:185][554]LogAudioMixer: Display: Creating Master Submix 'MasterEQSubmixDefault'
[2020.12.03-15.10.10:194][554]LogInit: FAudioDevice initialized.
[2020.12.03-15.10.10:200][554]LogLoad: Game class is 'GM_Tutorial_C'
[2020.12.03-15.10.10:201][554]LogWorld: Bringing World /Game/MeshPainter/Maps/UEDPIE_0_TutorialMap.TutorialMap up for play (max tick rate 0) at 2020.12.03-16.10.10
[2020.12.03-15.10.10:201][554]LogWorld: Bringing up level for play took: 0.001076
[2020.12.03-15.10.10:202][554]LogOnline: OSS: Creating online subsystem instance for: :Context_9
[2020.12.03-15.10.10:203][554]PIE: Server logged in
[2020.12.03-15.10.10:204][554]PIE: Play in editor total start time 0,073 seconds.
[2020.12.03-15.10.11:386][689]LogSlate: Updating window title bar state: overlay mode, drag disabled, window buttons hidden, title bar hidden
[2020.12.03-15.10.11:386][689]LogWorld: BeginTearingDown for /Game/MeshPainter/Maps/UEDPIE_0_TutorialMap
[2020.12.03-15.10.11:386][689]LogWorld: UWorld::CleanupWorld for TutorialMap, bSessionEnded=true, bCleanupResources=true
[2020.12.03-15.10.11:387][689]LogSlate: InvalidateAllWidgets triggered.  All widgets were invalidated
[2020.12.03-15.10.11:391][689]LogPlayLevel: Display: Shutting down PIE online subsystems
[2020.12.03-15.10.11:395][689]LogSlate: InvalidateAllWidgets triggered.  All widgets were invalidated
[2020.12.03-15.10.11:429][689]LogSlate: Updating window title bar state: overlay mode, drag disabled, window buttons hidden, title bar hidden
[2020.12.03-15.10.11:429][689]LogAISub: UAISubsystem::~UAISubsystem AIPerceptionSystem (0000020B9BA1AFC0), frame # 37689
[2020.12.03-15.10.11:429][689]LogAISub: UAISubsystem::~UAISubsystem EnvQueryManager (0000020B32F04400), frame # 37689
[2020.12.03-15.10.11:432][689]LogUObjectHash: Compacting FUObjectHashTables data took   2.14ms
[2020.12.03-15.10.11:471][691]LogPlayLevel: Display: Destroying online subsystem :Context_9
[2020.12.03-15.10.13:553][935]LogTemp: Repeating last play command: Selected Viewport
[2020.12.03-15.10.13:563][935]LogPlayLevel: PlayLevel: No blueprints needed recompiling
[2020.12.03-15.10.13:563][935]PIE: New page: PIE session: TutorialMap (3 dec. 2020 17:10:13)
[2020.12.03-15.10.13:563][935]LogPlayLevel: Creating play world package: /Game/MeshPainter/Maps/UEDPIE_0_TutorialMap
[2020.12.03-15.10.13:566][935]LogPlayLevel: PIE: StaticDuplicateObject took: (0.002509s)
[2020.12.03-15.10.13:567][935]LogAIModule: Creating AISystem for world TutorialMap
[2020.12.03-15.10.13:567][935]LogAISub: UAISubsystem::UAISubsystem EnvQueryManager (0000020B9B338800), frame # 37935
[2020.12.03-15.10.13:567][935]LogAISub: UAISubsystem::UAISubsystem AIPerceptionSystem (0000020B955B2480), frame # 37935
[2020.12.03-15.10.13:567][935]LogPlayLevel: PIE: World Init took: (0.001275s)
[2020.12.03-15.10.13:567][935]LogPlayLevel: PIE: Created PIE world by copying editor world from /Game/MeshPainter/Maps/TutorialMap.TutorialMap to /Game/MeshPainter/Maps/UEDPIE_0_TutorialMap.TutorialMap (0.003866s)
[2020.12.03-15.10.13:592][935]LogUObjectHash: Compacting FUObjectHashTables data took   2.38ms
[2020.12.03-15.10.13:593][935]LogAudioMixer: Display: Audio Mixer Platform Settings:
[2020.12.03-15.10.13:593][935]LogAudioMixer: Display: 	Sample Rate:						  48000
[2020.12.03-15.10.13:593][935]LogAudioMixer: Display: 	Callback Buffer Frame Size Requested: 1024
[2020.12.03-15.10.13:593][935]LogAudioMixer: Display: 	Callback Buffer Frame Size To Use:	  1024
[2020.12.03-15.10.13:593][935]LogAudioMixer: Display: 	Number of buffers to queue:			  2
[2020.12.03-15.10.13:593][935]LogAudioMixer: Display: 	Max Channels (voices):				  32
[2020.12.03-15.10.13:593][935]LogAudioMixer: Display: 	Number of Async Source Workers:		  0
[2020.12.03-15.10.13:593][935]LogAudio: Display: AudioDevice MaxSources: 32
[2020.12.03-15.10.13:593][935]LogAudio: Display: Using built-in audio occlusion.
[2020.12.03-15.10.13:593][935]LogAudioMixer: Display: Initializing audio mixer.
[2020.12.03-15.10.13:598][935]LogAudioMixer: Display: 0: FrontLeft
[2020.12.03-15.10.13:598][935]LogAudioMixer: Display: 1: FrontRight
[2020.12.03-15.10.13:610][935]LogAudioMixer: Display: Using Audio Device Headset Earphone (Sennheiser Communication Audio)
[2020.12.03-15.10.13:610][935]LogAudioMixer: Display: Initializing Sound Submixes...
[2020.12.03-15.10.13:610][935]LogAudioMixer: Display: Creating Master Submix 'MasterSubmixDefault'
[2020.12.03-15.10.13:610][935]LogAudioMixer: Display: Creating Master Submix 'MasterReverbSubmixDefault'
[2020.12.03-15.10.13:611][935]LogAudioMixer: Display: Creating Master Submix 'MasterEQSubmixDefault'
[2020.12.03-15.10.13:621][935]LogInit: FAudioDevice initialized.
[2020.12.03-15.10.13:628][935]LogLoad: Game class is 'GM_Tutorial_C'
[2020.12.03-15.10.13:629][935]LogWorld: Bringing World /Game/MeshPainter/Maps/UEDPIE_0_TutorialMap.TutorialMap up for play (max tick rate 0) at 2020.12.03-16.10.13
[2020.12.03-15.10.13:629][935]LogWorld: Bringing up level for play took: 0.000964
[2020.12.03-15.10.13:629][935]LogOnline: OSS: Creating online subsystem instance for: :Context_10
[2020.12.03-15.10.13:631][935]PIE: Server logged in
[2020.12.03-15.10.13:632][935]PIE: Play in editor total start time 0,069 seconds.
[2020.12.03-15.10.48:781][143]LogSlate: Updating window title bar state: overlay mode, drag disabled, window buttons hidden, title bar hidden
[2020.12.03-15.10.48:781][143]LogWorld: BeginTearingDown for /Game/MeshPainter/Maps/UEDPIE_0_TutorialMap
[2020.12.03-15.10.48:781][143]LogWorld: UWorld::CleanupWorld for TutorialMap, bSessionEnded=true, bCleanupResources=true
[2020.12.03-15.10.48:782][143]LogSlate: InvalidateAllWidgets triggered.  All widgets were invalidated
[2020.12.03-15.10.48:792][143]LogPlayLevel: Display: Shutting down PIE online subsystems
[2020.12.03-15.10.48:796][143]LogSlate: InvalidateAllWidgets triggered.  All widgets were invalidated
[2020.12.03-15.10.48:816][143]LogSlate: Updating window title bar state: overlay mode, drag disabled, window buttons hidden, title bar hidden
[2020.12.03-15.10.48:830][143]LogAISub: UAISubsystem::~UAISubsystem AIPerceptionSystem (0000020B955B2480), frame # 42143
[2020.12.03-15.10.48:830][143]LogAISub: UAISubsystem::~UAISubsystem EnvQueryManager (0000020B9B338800), frame # 42143
[2020.12.03-15.10.48:833][143]LogUObjectHash: Compacting FUObjectHashTables data took   2.57ms
[2020.12.03-15.10.48:858][144]LogPlayLevel: Display: Destroying online subsystem :Context_10
[2020.12.03-15.11.19:495][809]LogTemp: Repeating last play command: Selected Viewport
[2020.12.03-15.11.19:505][809]LogPlayLevel: PlayLevel: No blueprints needed recompiling
[2020.12.03-15.11.19:505][809]PIE: New page: PIE session: TutorialMap (3 dec. 2020 17:11:19)
[2020.12.03-15.11.19:534][809]LogPlayLevel: Creating play world package: /Game/MeshPainter/Maps/UEDPIE_0_TutorialMap
[2020.12.03-15.11.19:538][809]LogPlayLevel: PIE: StaticDuplicateObject took: (0.003049s)
[2020.12.03-15.11.19:539][809]LogAIModule: Creating AISystem for world TutorialMap
[2020.12.03-15.11.19:539][809]LogAISub: UAISubsystem::UAISubsystem EnvQueryManager (0000020B9B3B0800), frame # 45809
[2020.12.03-15.11.19:539][809]LogAISub: UAISubsystem::UAISubsystem AIPerceptionSystem (0000020B9BCB2200), frame # 45809
[2020.12.03-15.11.19:540][809]LogPlayLevel: PIE: World Init took: (0.001558s)
[2020.12.03-15.11.19:540][809]LogPlayLevel: PIE: Created PIE world by copying editor world from /Game/MeshPainter/Maps/TutorialMap.TutorialMap to /Game/MeshPainter/Maps/UEDPIE_0_TutorialMap.TutorialMap (0.004761s)
[2020.12.03-15.11.19:563][809]LogUObjectHash: Compacting FUObjectHashTables data took   2.40ms
[2020.12.03-15.11.19:565][809]LogAudioMixer: Display: Audio Mixer Platform Settings:
[2020.12.03-15.11.19:565][809]LogAudioMixer: Display: 	Sample Rate:						  48000
[2020.12.03-15.11.19:565][809]LogAudioMixer: Display: 	Callback Buffer Frame Size Requested: 1024
[2020.12.03-15.11.19:565][809]LogAudioMixer: Display: 	Callback Buffer Frame Size To Use:	  1024
[2020.12.03-15.11.19:565][809]LogAudioMixer: Display: 	Number of buffers to queue:			  2
[2020.12.03-15.11.19:565][809]LogAudioMixer: Display: 	Max Channels (voices):				  32
[2020.12.03-15.11.19:565][809]LogAudioMixer: Display: 	Number of Async Source Workers:		  0
[2020.12.03-15.11.19:565][809]LogAudio: Display: AudioDevice MaxSources: 32
[2020.12.03-15.11.19:566][809]LogAudio: Display: Using built-in audio occlusion.
[2020.12.03-15.11.19:566][809]LogAudioMixer: Display: Initializing audio mixer.
[2020.12.03-15.11.19:571][809]LogAudioMixer: Display: 0: FrontLeft
[2020.12.03-15.11.19:571][809]LogAudioMixer: Display: 1: FrontRight
[2020.12.03-15.11.19:587][809]LogAudioMixer: Display: Using Audio Device Headset Earphone (Sennheiser Communication Audio)
[2020.12.03-15.11.19:587][809]LogAudioMixer: Display: Initializing Sound Submixes...
[2020.12.03-15.11.19:587][809]LogAudioMixer: Display: Creating Master Submix 'MasterSubmixDefault'
[2020.12.03-15.11.19:587][809]LogAudioMixer: Display: Creating Master Submix 'MasterReverbSubmixDefault'
[2020.12.03-15.11.19:587][809]LogAudioMixer: Display: Creating Master Submix 'MasterEQSubmixDefault'
[2020.12.03-15.11.19:597][809]LogInit: FAudioDevice initialized.
[2020.12.03-15.11.19:602][809]LogLoad: Game class is 'GM_Tutorial_C'
[2020.12.03-15.11.19:602][809]LogWorld: Bringing World /Game/MeshPainter/Maps/UEDPIE_0_TutorialMap.TutorialMap up for play (max tick rate 0) at 2020.12.03-16.11.19
[2020.12.03-15.11.19:602][809]LogWorld: Bringing up level for play took: 0.000976
[2020.12.03-15.11.19:602][809]LogOnline: OSS: Creating online subsystem instance for: :Context_11
[2020.12.03-15.11.19:606][809]PIE: Server logged in
[2020.12.03-15.11.19:607][809]PIE: Play in editor total start time 0,102 seconds.
[2020.12.03-15.11.51:560][638]LogSlate: Updating window title bar state: overlay mode, drag disabled, window buttons hidden, title bar hidden
[2020.12.03-15.11.51:560][638]LogWorld: BeginTearingDown for /Game/MeshPainter/Maps/UEDPIE_0_TutorialMap
[2020.12.03-15.11.51:560][638]LogWorld: UWorld::CleanupWorld for TutorialMap, bSessionEnded=true, bCleanupResources=true
[2020.12.03-15.11.51:560][638]LogSlate: InvalidateAllWidgets triggered.  All widgets were invalidated
[2020.12.03-15.11.51:572][638]LogPlayLevel: Display: Shutting down PIE online subsystems
[2020.12.03-15.11.51:576][638]LogSlate: InvalidateAllWidgets triggered.  All widgets were invalidated
[2020.12.03-15.11.51:596][638]LogSlate: Updating window title bar state: overlay mode, drag disabled, window buttons hidden, title bar hidden
[2020.12.03-15.11.51:610][638]LogAISub: UAISubsystem::~UAISubsystem AIPerceptionSystem (0000020B9BCB2200), frame # 49638
[2020.12.03-15.11.51:610][638]LogAISub: UAISubsystem::~UAISubsystem EnvQueryManager (0000020B9B3B0800), frame # 49638
[2020.12.03-15.11.51:613][638]LogUObjectHash: Compacting FUObjectHashTables data took   2.61ms
[2020.12.03-15.11.51:639][639]LogPlayLevel: Display: Destroying online subsystem :Context_11
