Log file open, 12/03/20 15:58:48
LogInit: Display: Running engine for game: MeshPainter
LogPlatformFile: Not using cached read wrapper
LogTaskGraph: Started task graph with 5 named threads and 35 total threads with 3 sets of task threads.
LogStats: Stats thread started at 0.193582
LogD3D11RHI: Loaded GFSDK_Aftermath_Lib.x64.dll
LogICUInternationalization: ICU TimeZone Detection - Raw Offset: +1:00, Platform Override: ''
LogPluginManager: Mounting plugin Paper2D
LogPluginManager: Mounting plugin AISupport
LogPluginManager: Mounting plugin LightPropagationVolume
LogPluginManager: Mounting plugin CameraShakePreviewer
LogPluginManager: Mounting plugin ActorLayerUtilities
LogPluginManager: Mounting plugin AnimationSharing
LogPluginManager: Mounting plugin CLionSourceCodeAccess
LogPluginManager: Mounting plugin CodeLiteSourceCodeAccess
LogPluginManager: Mounting plugin GitSourceControl
LogPluginManager: Mounting plugin KDevelopSourceCodeAccess
LogPluginManager: Mounting plugin NullSourceCodeAccess
LogPluginManager: Mounting plugin PerforceSourceControl
LogPluginManager: Mounting plugin PlasticSourceControl
LogPluginManager: Mounting plugin RiderSourceCodeAccess
LogPluginManager: Mounting plugin SubversionSourceControl
LogPluginManager: Mounting plugin UObjectPlugin
LogPluginManager: Mounting plugin VisualStudioCodeSourceCodeAccess
LogPluginManager: Mounting plugin VisualStudioSourceCodeAccess
LogPluginManager: Mounting plugin XCodeSourceCodeAccess
LogPluginManager: Mounting plugin AssetManagerEditor
LogPluginManager: Mounting plugin CryptoKeys
LogPluginManager: Mounting plugin CurveEditorTools
LogPluginManager: Mounting plugin DataValidation
LogPluginManager: Mounting plugin EditorScriptingUtilities
LogPluginManager: Mounting plugin FacialAnimation
LogPluginManager: Mounting plugin GameplayTagsEditor
LogPluginManager: Mounting plugin GeometryMode
LogPluginManager: Mounting plugin MacGraphicsSwitching
LogPluginManager: Mounting plugin MaterialAnalyzer
LogPluginManager: Mounting plugin MobileLauncherProfileWizard
LogPluginManager: Mounting plugin PluginBrowser
LogPluginManager: Mounting plugin SpeedTreeImporter
LogPluginManager: Mounting plugin DatasmithContent
LogPluginManager: Mounting plugin VariantManagerContent
LogPluginManager: Mounting plugin AlembicImporter
LogPluginManager: Mounting plugin AutomationUtils
LogPluginManager: Mounting plugin BackChannel
LogPluginManager: Mounting plugin ChaosCloth
LogPluginManager: Mounting plugin ChaosClothEditor
LogPluginManager: Mounting plugin ChaosEditor
LogPluginManager: Mounting plugin ChaosNiagara
LogPluginManager: Mounting plugin ChaosSolverPlugin
LogPluginManager: Mounting plugin CharacterAI
LogPluginManager: Mounting plugin GeometryCache
LogPluginManager: Mounting plugin GeometryCollectionPlugin
LogPluginManager: Mounting plugin GeometryProcessing
LogPluginManager: Mounting plugin PlanarCut
LogPluginManager: Mounting plugin PlatformCrypto
LogPluginManager: Mounting plugin ProxyLODPlugin
LogPluginManager: Mounting plugin SkeletalReduction
LogPluginManager: Mounting plugin Niagara
LogPluginManager: Mounting plugin MagicLeap
LogPluginManager: Mounting plugin MagicLeapLightEstimation
LogPluginManager: Mounting plugin MagicLeapMedia
LogPluginManager: Mounting plugin MagicLeapPassableWorld
LogPluginManager: Mounting plugin MLSDK
LogPluginManager: Mounting plugin AndroidMedia
LogPluginManager: Mounting plugin AvfMedia
LogPluginManager: Mounting plugin ImgMedia
LogPluginManager: Mounting plugin MediaCompositing
LogPluginManager: Mounting plugin MediaPlayerEditor
LogPluginManager: Mounting plugin WebMMedia
LogPluginManager: Mounting plugin WmfMedia
LogPluginManager: Mounting plugin MeshPainting
LogPluginManager: Mounting plugin TcpMessaging
LogPluginManager: Mounting plugin UdpMessaging
LogPluginManager: Mounting plugin ActorSequence
LogPluginManager: Mounting plugin LevelSequenceEditor
LogPluginManager: Mounting plugin MatineeToLevelSequence
LogPluginManager: Mounting plugin MovieRenderPipeline
LogPluginManager: Mounting plugin TemplateSequence
LogPluginManager: Mounting plugin NetcodeUnitTest
LogPluginManager: Mounting plugin NUTUnrealEngine4
LogPluginManager: Mounting plugin OnlineSubsystemGooglePlay
LogPluginManager: Mounting plugin OnlineSubsystemIOS
LogPluginManager: Mounting plugin OnlineSubsystem
LogPluginManager: Mounting plugin OnlineSubsystemNull
LogPluginManager: Mounting plugin OnlineSubsystemUtils
LogPluginManager: Mounting plugin LauncherChunkInstaller
LogPluginManager: Mounting plugin AndroidDeviceProfileSelector
LogPluginManager: Mounting plugin AndroidMoviePlayer
LogPluginManager: Mounting plugin AndroidPermission
LogPluginManager: Mounting plugin AppleImageUtils
LogPluginManager: Mounting plugin AppleMoviePlayer
LogPluginManager: Mounting plugin ArchVisCharacter
LogPluginManager: Mounting plugin AssetTags
LogPluginManager: Mounting plugin AudioCapture
LogPluginManager: Mounting plugin CableComponent
LogPluginManager: Mounting plugin CustomMeshComponent
LogPluginManager: Mounting plugin EditableMesh
LogPluginManager: Mounting plugin ExampleDeviceProfileSelector
LogPluginManager: Mounting plugin GoogleCloudMessaging
LogPluginManager: Mounting plugin GooglePAD
LogPluginManager: Mounting plugin IOSDeviceProfileSelector
LogPluginManager: Mounting plugin LinuxDeviceProfileSelector
LogPluginManager: Mounting plugin LocationServicesBPLibrary
LogPluginManager: Mounting plugin MobilePatchingUtils
LogPluginManager: Mounting plugin OculusVR
LogPluginManager: Mounting plugin PhysXVehicles
LogPluginManager: Mounting plugin PostSplashScreen
LogPluginManager: Mounting plugin ProceduralMeshComponent
LogPluginManager: Mounting plugin RuntimePhysXCooking
LogPluginManager: Mounting plugin SignificanceManager
LogPluginManager: Mounting plugin SoundFields
LogPluginManager: Mounting plugin SteamVR
LogPluginManager: Mounting plugin Synthesis
LogPluginManager: Mounting plugin WebMMoviePlayer
LogPluginManager: Mounting plugin WindowsMoviePlayer
LogPluginManager: Mounting plugin ScreenshotTools
LogInit: Using libcurl 7.55.1-DEV
LogInit:  - built for x86_64-pc-win32
LogInit:  - supports SSL with OpenSSL/1.1.1
LogInit:  - supports HTTP deflate (compression) using libz 1.2.8
LogInit:  - other features:
LogInit:      CURL_VERSION_SSL
LogInit:      CURL_VERSION_LIBZ
LogInit:      CURL_VERSION_IPV6
LogInit:      CURL_VERSION_ASYNCHDNS
LogInit:      CURL_VERSION_LARGEFILE
LogInit:      CURL_VERSION_IDN
LogInit:  CurlRequestOptions (configurable via config and command line):
LogInit:  - bVerifyPeer = true  - Libcurl will verify peer certificate
LogInit:  - bUseHttpProxy = false  - Libcurl will NOT use HTTP proxy
LogInit:  - bDontReuseConnections = false  - Libcurl will reuse connections
LogInit:  - MaxHostConnections = 16  - Libcurl will limit the number of connections to a host
LogInit:  - LocalHostAddr = Default
LogInit:  - BufferSize = 65536
LogOnline: OSS: Creating online subsystem instance for: NULL
LogInit: WinSock: version 1.1 (2.2), MaxSocks=32767, MaxUdp=65467
LogOnline: OSS: TryLoadSubsystemAndSetDefault: Loaded subsystem for module [NULL]
LogInit: Build: ++UE4+Release-4.25-CL-13942748
LogInit: Engine Version: 4.25.3-13942748+++UE4+Release-4.25
LogInit: Compatible Engine Version: 4.25.0-13144385+++UE4+Release-4.25
LogInit: Net CL: 13144385
LogInit: OS: Windows 10 (Release 2009) (), CPU: AMD Ryzen 5 3600X 6-Core Processor             , GPU: NVIDIA GeForce RTX 3070
LogInit: Compiled (64-bit): Jul 25 2020 02:07:48
LogInit: Compiled with Visual C++: 19.24.28315.00
LogInit: Build Configuration: Development
LogInit: Branch Name: ++UE4+Release-4.25
LogInit: Command Line: 
LogInit: Base Directory: X:/UE_4.25/Engine/Binaries/Win64/
LogInit: Allocator: TBB
LogInit: Installed Engine Build: 1
LogDevObjectVersion: Number of dev versions registered: 26
LogDevObjectVersion:   Dev-Blueprints (B0D832E4-1F89-4F0D-ACCF-7EB736FD4AA2): 10
LogDevObjectVersion:   Dev-Build (E1C64328-A22C-4D53-A36C-8E866417BD8C): 0
LogDevObjectVersion:   Dev-Core (375EC13C-06E4-48FB-B500-84F0262A717E): 4
LogDevObjectVersion:   Dev-Editor (E4B068ED-F494-42E9-A231-DA0B2E46BB41): 38
LogDevObjectVersion:   Dev-Framework (CFFC743F-43B0-4480-9391-14DF171D2073): 37
LogDevObjectVersion:   Dev-Mobile (B02B49B5-BB20-44E9-A304-32B752E40360): 2
LogDevObjectVersion:   Dev-Networking (A4E4105C-59A1-49B5-A7C5-40C4547EDFEE): 0
LogDevObjectVersion:   Dev-Online (39C831C9-5AE6-47DC-9A44-9C173E1C8E7C): 0
LogDevObjectVersion:   Dev-Physics (78F01B33-EBEA-4F98-B9B4-84EACCB95AA2): 4
LogDevObjectVersion:   Dev-Platform (6631380F-2D4D-43E0-8009-CF276956A95A): 0
LogDevObjectVersion:   Dev-Rendering (12F88B9F-8875-4AFC-A67C-D90C383ABD29): 43
LogDevObjectVersion:   Dev-Sequencer (7B5AE74C-D270-4C10-A958-57980B212A5A): 12
LogDevObjectVersion:   Dev-VR (D7296918-1DD6-4BDD-9DE2-64A83CC13884): 3
LogDevObjectVersion:   Dev-LoadTimes (C2A15278-BFE7-4AFE-6C17-90FF531DF755): 1
LogDevObjectVersion:   Private-Geometry (6EACA3D4-40EC-4CC1-B786-8BED09428FC5): 3
LogDevObjectVersion:   Dev-AnimPhys (29E575DD-E0A3-4627-9D10-D276232CDCEA): 17
LogDevObjectVersion:   Dev-Anim (AF43A65D-7FD3-4947-9873-3E8ED9C1BB05): 7
LogDevObjectVersion:   Dev-ReflectionCapture (6B266CEC-1EC7-4B8F-A30B-E4D90942FC07): 1
LogDevObjectVersion:   Dev-Automation (0DF73D61-A23F-47EA-B727-89E90C41499A): 1
LogDevObjectVersion:   FortniteMain (601D1886-AC64-4F84-AA16-D3DE0DEAC7D6): 31
LogDevObjectVersion:   Dev-Enterprise (9DFFBCD6-494F-0158-E221-12823C92A888): 10
LogDevObjectVersion:   Dev-Niagara (F2AED0AC-9AFE-416F-8664-AA7FFA26D6FC): 1
LogDevObjectVersion:   Dev-Destruction (174F1F0B-B4C6-45A5-B13F-2EE8D0FB917D): 10
LogDevObjectVersion:   Dev-Physics-Ext (35F94A83-E258-406C-A318-09F59610247C): 37
LogDevObjectVersion:   Dev-PhysicsMaterial-Chaos (B68FC16E-8B1B-42E2-B453-215C058844FE): 1
LogDevObjectVersion:   Dev-CineCamera (B2E18506-4273-CFC2-A54E-F4BB758BBA07): 1
LogInit: Presizing for max 25165824 objects, including 0 objects not considered by GC, pre-allocating 0 bytes for permanent pool.
LogConfig: Applying CVar settings from Section [/Script/Engine.StreamingSettings] File [C:/Users/emilg/Downloads/MeshPainter/MeshPainterComplete/Saved/Config/Windows/Engine.ini]
LogConfig: Setting CVar [[s.MinBulkDataSizeForAsyncLoading:131072]]
LogConfig: Setting CVar [[s.AsyncLoadingThreadEnabled:0]]
LogConfig: Setting CVar [[s.EventDrivenLoaderEnabled:1]]
LogConfig: Setting CVar [[s.WarnIfTimeLimitExceeded:0]]
LogConfig: Setting CVar [[s.TimeLimitExceededMultiplier:1.5]]
LogConfig: Setting CVar [[s.TimeLimitExceededMinTime:0.005]]
LogConfig: Setting CVar [[s.UseBackgroundLevelStreaming:1]]
LogConfig: Setting CVar [[s.PriorityAsyncLoadingExtraTime:15.0]]
LogConfig: Setting CVar [[s.LevelStreamingActorsUpdateTimeLimit:5.0]]
LogConfig: Setting CVar [[s.PriorityLevelStreamingActorsUpdateExtraTime:5.0]]
LogConfig: Setting CVar [[s.LevelStreamingComponentsRegistrationGranularity:10]]
LogConfig: Setting CVar [[s.UnregisterComponentsTimeLimit:1.0]]
LogConfig: Setting CVar [[s.LevelStreamingComponentsUnregistrationGranularity:5]]
LogConfig: Setting CVar [[s.FlushStreamingOnExit:1]]
LogInit: Object subsystem initialized
LogConfig: Setting CVar [[con.DebugEarlyDefault:1]]
LogConfig: Setting CVar [[r.setres:1280x720]]
[2020.12.03-14.58.48:484][  0]LogConfig: Setting CVar [[r.VSync:0]]
[2020.12.03-14.58.48:484][  0]LogConfig: Setting CVar [[r.RHICmdBypass:0]]
[2020.12.03-14.58.48:484][  0]LogConfig: Applying CVar settings from Section [/Script/Engine.RendererSettings] File [C:/Users/emilg/Downloads/MeshPainter/MeshPainterComplete/Saved/Config/Windows/Engine.ini]
[2020.12.03-14.58.48:485][  0]LogConfig: Setting CVar [[r.GPUCrashDebugging:0]]
[2020.12.03-14.58.48:485][  0]LogConfig: Applying CVar settings from Section [/Script/Engine.RendererOverrideSettings] File [C:/Users/emilg/Downloads/MeshPainter/MeshPainterComplete/Saved/Config/Windows/Engine.ini]
[2020.12.03-14.58.48:485][  0]LogConfig: Applying CVar settings from Section [/Script/Engine.StreamingSettings] File [C:/Users/emilg/Downloads/MeshPainter/MeshPainterComplete/Saved/Config/Windows/Engine.ini]
[2020.12.03-14.58.48:485][  0]LogConfig: Setting CVar [[s.MinBulkDataSizeForAsyncLoading:131072]]
[2020.12.03-14.58.48:485][  0]LogConfig: Setting CVar [[s.AsyncLoadingThreadEnabled:0]]
[2020.12.03-14.58.48:485][  0]LogConfig: Setting CVar [[s.EventDrivenLoaderEnabled:1]]
[2020.12.03-14.58.48:485][  0]LogConfig: Setting CVar [[s.WarnIfTimeLimitExceeded:0]]
[2020.12.03-14.58.48:485][  0]LogConfig: Setting CVar [[s.TimeLimitExceededMultiplier:1.5]]
[2020.12.03-14.58.48:485][  0]LogConfig: Setting CVar [[s.TimeLimitExceededMinTime:0.005]]
[2020.12.03-14.58.48:485][  0]LogConfig: Setting CVar [[s.UseBackgroundLevelStreaming:1]]
[2020.12.03-14.58.48:485][  0]LogConfig: Setting CVar [[s.PriorityAsyncLoadingExtraTime:15.0]]
[2020.12.03-14.58.48:485][  0]LogConfig: Setting CVar [[s.LevelStreamingActorsUpdateTimeLimit:5.0]]
[2020.12.03-14.58.48:485][  0]LogConfig: Setting CVar [[s.PriorityLevelStreamingActorsUpdateExtraTime:5.0]]
[2020.12.03-14.58.48:485][  0]LogConfig: Setting CVar [[s.LevelStreamingComponentsRegistrationGranularity:10]]
[2020.12.03-14.58.48:485][  0]LogConfig: Setting CVar [[s.UnregisterComponentsTimeLimit:1.0]]
[2020.12.03-14.58.48:485][  0]LogConfig: Setting CVar [[s.LevelStreamingComponentsUnregistrationGranularity:5]]
[2020.12.03-14.58.48:485][  0]LogConfig: Setting CVar [[s.FlushStreamingOnExit:1]]
[2020.12.03-14.58.48:485][  0]LogConfig: Applying CVar settings from Section [/Script/Engine.GarbageCollectionSettings] File [C:/Users/emilg/Downloads/MeshPainter/MeshPainterComplete/Saved/Config/Windows/Engine.ini]
[2020.12.03-14.58.48:485][  0]LogConfig: Setting CVar [[gc.MaxObjectsNotConsideredByGC:1]]
[2020.12.03-14.58.48:485][  0]LogConfig: Setting CVar [[gc.SizeOfPermanentObjectPool:0]]
[2020.12.03-14.58.48:485][  0]LogConfig: Setting CVar [[gc.FlushStreamingOnGC:0]]
[2020.12.03-14.58.48:485][  0]LogConfig: Setting CVar [[gc.NumRetriesBeforeForcingGC:10]]
[2020.12.03-14.58.48:485][  0]LogConfig: Setting CVar [[gc.AllowParallelGC:1]]
[2020.12.03-14.58.48:485][  0]LogConfig: Setting CVar [[gc.TimeBetweenPurgingPendingKillObjects:61.1]]
[2020.12.03-14.58.48:485][  0]LogConfig: Setting CVar [[gc.MaxObjectsInEditor:25165824]]
[2020.12.03-14.58.48:485][  0]LogConfig: Setting CVar [[gc.IncrementalBeginDestroyEnabled:1]]
[2020.12.03-14.58.48:485][  0]LogConfig: Setting CVar [[gc.CreateGCClusters:1]]
[2020.12.03-14.58.48:485][  0]LogConfig: Setting CVar [[gc.MinGCClusterSize:5]]
[2020.12.03-14.58.48:485][  0]LogConfig: Setting CVar [[gc.ActorClusteringEnabled:0]]
[2020.12.03-14.58.48:485][  0]LogConfig: Setting CVar [[gc.BlueprintClusteringEnabled:0]]
[2020.12.03-14.58.48:485][  0]LogConfig: Setting CVar [[gc.UseDisregardForGCOnDedicatedServers:0]]
[2020.12.03-14.58.48:485][  0]LogConfig: Applying CVar settings from Section [/Script/Engine.NetworkSettings] File [C:/Users/emilg/Downloads/MeshPainter/MeshPainterComplete/Saved/Config/Windows/Engine.ini]
[2020.12.03-14.58.48:485][  0]LogConfig: Applying CVar settings from Section [/Script/UnrealEd.CookerSettings] File [C:/Users/emilg/Downloads/MeshPainter/MeshPainterComplete/Saved/Config/Windows/Engine.ini]
[2020.12.03-14.58.48:489][  0]LogConfig: Applying CVar settings from Section [ViewDistanceQuality@3] File [C:/Users/emilg/Downloads/MeshPainter/MeshPainterComplete/Saved/Config/Windows/Scalability.ini]
[2020.12.03-14.58.48:489][  0]LogConfig: Setting CVar [[r.SkeletalMeshLODBias:0]]
[2020.12.03-14.58.48:489][  0]LogConfig: Setting CVar [[r.ViewDistanceScale:1.0]]
[2020.12.03-14.58.48:489][  0]LogConfig: Applying CVar settings from Section [AntiAliasingQuality@3] File [C:/Users/emilg/Downloads/MeshPainter/MeshPainterComplete/Saved/Config/Windows/Scalability.ini]
[2020.12.03-14.58.48:489][  0]LogConfig: Setting CVar [[r.PostProcessAAQuality:4]]
[2020.12.03-14.58.48:489][  0]LogConfig: Applying CVar settings from Section [ShadowQuality@3] File [C:/Users/emilg/Downloads/MeshPainter/MeshPainterComplete/Saved/Config/Windows/Scalability.ini]
[2020.12.03-14.58.48:489][  0]LogConfig: Setting CVar [[r.LightFunctionQuality:1]]
[2020.12.03-14.58.48:489][  0]LogConfig: Setting CVar [[r.ShadowQuality:5]]
[2020.12.03-14.58.48:489][  0]LogConfig: Setting CVar [[r.Shadow.CSM.MaxCascades:10]]
[2020.12.03-14.58.48:489][  0]LogConfig: Setting CVar [[r.Shadow.MaxResolution:2048]]
[2020.12.03-14.58.48:489][  0]LogConfig: Setting CVar [[r.Shadow.MaxCSMResolution:2048]]
[2020.12.03-14.58.48:489][  0]LogConfig: Setting CVar [[r.Shadow.RadiusThreshold:0.01]]
[2020.12.03-14.58.48:489][  0]LogConfig: Setting CVar [[r.Shadow.DistanceScale:1.0]]
[2020.12.03-14.58.48:489][  0]LogConfig: Setting CVar [[r.Shadow.CSM.TransitionScale:1.0]]
[2020.12.03-14.58.48:489][  0]LogConfig: Setting CVar [[r.Shadow.PreShadowResolutionFactor:1.0]]
[2020.12.03-14.58.48:489][  0]LogConfig: Setting CVar [[r.DistanceFieldShadowing:1]]
[2020.12.03-14.58.48:489][  0]LogConfig: Setting CVar [[r.DistanceFieldAO:1]]
[2020.12.03-14.58.48:489][  0]LogConfig: Setting CVar [[r.AOQuality:2]]
[2020.12.03-14.58.48:489][  0]LogConfig: Setting CVar [[r.VolumetricFog:1]]
[2020.12.03-14.58.48:489][  0]LogConfig: Setting CVar [[r.VolumetricFog.GridPixelSize:8]]
[2020.12.03-14.58.48:489][  0]LogConfig: Setting CVar [[r.VolumetricFog.GridSizeZ:128]]
[2020.12.03-14.58.48:489][  0]LogConfig: Setting CVar [[r.VolumetricFog.HistoryMissSupersampleCount:4]]
[2020.12.03-14.58.48:489][  0]LogConfig: Setting CVar [[r.LightMaxDrawDistanceScale:1]]
[2020.12.03-14.58.48:489][  0]LogConfig: Setting CVar [[r.CapsuleShadows:1]]
[2020.12.03-14.58.48:489][  0]LogConfig: Applying CVar settings from Section [PostProcessQuality@3] File [C:/Users/emilg/Downloads/MeshPainter/MeshPainterComplete/Saved/Config/Windows/Scalability.ini]
[2020.12.03-14.58.48:489][  0]LogConfig: Setting CVar [[r.MotionBlurQuality:4]]
[2020.12.03-14.58.48:489][  0]LogConfig: Setting CVar [[r.AmbientOcclusionMipLevelFactor:0.4]]
[2020.12.03-14.58.48:489][  0]LogConfig: Setting CVar [[r.AmbientOcclusionMaxQuality:100]]
[2020.12.03-14.58.48:489][  0]LogConfig: Setting CVar [[r.AmbientOcclusionLevels:-1]]
[2020.12.03-14.58.48:489][  0]LogConfig: Setting CVar [[r.AmbientOcclusionRadiusScale:1.0]]
[2020.12.03-14.58.48:489][  0]LogConfig: Setting CVar [[r.DepthOfFieldQuality:2]]
[2020.12.03-14.58.48:489][  0]LogConfig: Setting CVar [[r.RenderTargetPoolMin:400]]
[2020.12.03-14.58.48:489][  0]LogConfig: Setting CVar [[r.LensFlareQuality:2]]
[2020.12.03-14.58.48:489][  0]LogConfig: Setting CVar [[r.SceneColorFringeQuality:1]]
[2020.12.03-14.58.48:489][  0]LogConfig: Setting CVar [[r.EyeAdaptationQuality:2]]
[2020.12.03-14.58.48:489][  0]LogConfig: Setting CVar [[r.BloomQuality:5]]
[2020.12.03-14.58.48:489][  0]LogConfig: Setting CVar [[r.FastBlurThreshold:100]]
[2020.12.03-14.58.48:489][  0]LogConfig: Setting CVar [[r.Upscale.Quality:3]]
[2020.12.03-14.58.48:489][  0]LogConfig: Setting CVar [[r.Tonemapper.GrainQuantization:1]]
[2020.12.03-14.58.48:489][  0]LogConfig: Setting CVar [[r.LightShaftQuality:1]]
[2020.12.03-14.58.48:489][  0]LogConfig: Setting CVar [[r.Filter.SizeScale:1]]
[2020.12.03-14.58.48:489][  0]LogConfig: Setting CVar [[r.Tonemapper.Quality:5]]
[2020.12.03-14.58.48:489][  0]LogConfig: Setting CVar [[r.DOF.Gather.AccumulatorQuality:1        ; higher gathering accumulator quality]]
[2020.12.03-14.58.48:489][  0]LogConfig: Setting CVar [[r.DOF.Gather.PostfilterMethod:1          ; Median3x3 postfilering method]]
[2020.12.03-14.58.48:489][  0]LogConfig: Setting CVar [[r.DOF.Gather.EnableBokehSettings:0       ; no bokeh simulation when gathering]]
[2020.12.03-14.58.48:489][  0]LogConfig: Setting CVar [[r.DOF.Gather.RingCount:4                 ; medium number of samples when gathering]]
[2020.12.03-14.58.48:489][  0]LogConfig: Setting CVar [[r.DOF.Scatter.ForegroundCompositing:1    ; additive foreground scattering]]
[2020.12.03-14.58.48:489][  0]LogConfig: Setting CVar [[r.DOF.Scatter.BackgroundCompositing:2    ; additive background scattering]]
[2020.12.03-14.58.48:489][  0]LogConfig: Setting CVar [[r.DOF.Scatter.EnableBokehSettings:1      ; bokeh simulation when scattering]]
[2020.12.03-14.58.48:489][  0]LogConfig: Setting CVar [[r.DOF.Scatter.MaxSpriteRatio:0.1         ; only a maximum of 10% of scattered bokeh]]
[2020.12.03-14.58.48:489][  0]LogConfig: Setting CVar [[r.DOF.Recombine.Quality:1                ; cheap slight out of focus]]
[2020.12.03-14.58.48:489][  0]LogConfig: Setting CVar [[r.DOF.Recombine.EnableBokehSettings:0    ; no bokeh simulation on slight out of focus]]
[2020.12.03-14.58.48:489][  0]LogConfig: Setting CVar [[r.DOF.TemporalAAQuality:1                ; more stable temporal accumulation]]
[2020.12.03-14.58.48:489][  0]LogConfig: Setting CVar [[r.DOF.Kernel.MaxForegroundRadius:0.025]]
[2020.12.03-14.58.48:489][  0]LogConfig: Setting CVar [[r.DOF.Kernel.MaxBackgroundRadius:0.025]]
[2020.12.03-14.58.48:489][  0]LogConfig: Applying CVar settings from Section [TextureQuality@3] File [C:/Users/emilg/Downloads/MeshPainter/MeshPainterComplete/Saved/Config/Windows/Scalability.ini]
[2020.12.03-14.58.48:490][  0]LogConfig: Setting CVar [[r.Streaming.MipBias:0]]
[2020.12.03-14.58.48:490][  0]LogConfig: Setting CVar [[r.Streaming.AmortizeCPUToGPUCopy:0]]
[2020.12.03-14.58.48:490][  0]LogConfig: Setting CVar [[r.Streaming.MaxNumTexturesToStreamPerFrame:0]]
[2020.12.03-14.58.48:490][  0]LogConfig: Setting CVar [[r.Streaming.Boost:1]]
[2020.12.03-14.58.48:490][  0]LogConfig: Setting CVar [[r.MaxAnisotropy:8]]
[2020.12.03-14.58.48:490][  0]LogConfig: Setting CVar [[r.VT.MaxAnisotropy:8]]
[2020.12.03-14.58.48:490][  0]LogConfig: Setting CVar [[r.Streaming.LimitPoolSizeToVRAM:0]]
[2020.12.03-14.58.48:490][  0]LogConfig: Setting CVar [[r.Streaming.PoolSize:1000]]
[2020.12.03-14.58.48:490][  0]LogConfig: Setting CVar [[r.Streaming.MaxEffectiveScreenSize:0]]
[2020.12.03-14.58.48:490][  0]LogConfig: Applying CVar settings from Section [EffectsQuality@3] File [C:/Users/emilg/Downloads/MeshPainter/MeshPainterComplete/Saved/Config/Windows/Scalability.ini]
[2020.12.03-14.58.48:490][  0]LogConfig: Setting CVar [[r.TranslucencyLightingVolumeDim:64]]
[2020.12.03-14.58.48:490][  0]LogConfig: Setting CVar [[r.RefractionQuality:2]]
[2020.12.03-14.58.48:490][  0]LogConfig: Setting CVar [[r.SSR.Quality:3]]
[2020.12.03-14.58.48:490][  0]LogConfig: Setting CVar [[r.SSR.HalfResSceneColor:0]]
[2020.12.03-14.58.48:490][  0]LogConfig: Setting CVar [[r.SceneColorFormat:4]]
[2020.12.03-14.58.48:490][  0]LogConfig: Setting CVar [[r.DetailMode:2]]
[2020.12.03-14.58.48:490][  0]LogConfig: Setting CVar [[r.TranslucencyVolumeBlur:1]]
[2020.12.03-14.58.48:490][  0]LogConfig: Setting CVar [[r.MaterialQualityLevel:1 ; High quality]]
[2020.12.03-14.58.48:490][  0]LogConfig: Setting CVar [[r.SSS.Scale:1]]
[2020.12.03-14.58.48:490][  0]LogConfig: Setting CVar [[r.SSS.SampleSet:2]]
[2020.12.03-14.58.48:490][  0]LogConfig: Setting CVar [[r.SSS.Quality:1]]
[2020.12.03-14.58.48:490][  0]LogConfig: Setting CVar [[r.SSS.HalfRes:0]]
[2020.12.03-14.58.48:490][  0]LogConfig: Setting CVar [[r.SSGI.Quality:3]]
[2020.12.03-14.58.48:490][  0]LogConfig: Setting CVar [[r.EmitterSpawnRateScale:1.0]]
[2020.12.03-14.58.48:490][  0]LogConfig: Setting CVar [[r.ParticleLightQuality:2]]
[2020.12.03-14.58.48:490][  0]LogConfig: Setting CVar [[r.SkyAtmosphere.AerialPerspectiveLUT.FastApplyOnOpaque:1 ; Always have FastSkyLUT 1 in this case to avoid wrong sky]]
[2020.12.03-14.58.48:490][  0]LogConfig: Setting CVar [[r.SkyAtmosphere.AerialPerspectiveLUT.SampleCountPerSlice:1]]
[2020.12.03-14.58.48:490][  0]LogConfig: Setting CVar [[r.SkyAtmosphere.AerialPerspectiveLUT.DepthResolution:16.0]]
[2020.12.03-14.58.48:490][  0]LogConfig: Setting CVar [[r.SkyAtmosphere.FastSkyLUT:1]]
[2020.12.03-14.58.48:490][  0]LogConfig: Setting CVar [[r.SkyAtmosphere.FastSkyLUT.SampleCountMin:4.0]]
[2020.12.03-14.58.48:490][  0]LogConfig: Setting CVar [[r.SkyAtmosphere.FastSkyLUT.SampleCountMax:32.0]]
[2020.12.03-14.58.48:490][  0]LogConfig: Setting CVar [[r.SkyAtmosphere.SampleCountMin:4.0]]
[2020.12.03-14.58.48:490][  0]LogConfig: Setting CVar [[r.SkyAtmosphere.SampleCountMax:32.0]]
[2020.12.03-14.58.48:490][  0]LogConfig: Setting CVar [[r.SkyAtmosphere.TransmittanceLUT.UseSmallFormat:0]]
[2020.12.03-14.58.48:490][  0]LogConfig: Setting CVar [[r.SkyAtmosphere.TransmittanceLUT.SampleCount:10.0]]
[2020.12.03-14.58.48:490][  0]LogConfig: Setting CVar [[r.SkyAtmosphere.MultiScatteringLUT.SampleCount:15.0]]
[2020.12.03-14.58.48:490][  0]LogConfig: Applying CVar settings from Section [FoliageQuality@3] File [C:/Users/emilg/Downloads/MeshPainter/MeshPainterComplete/Saved/Config/Windows/Scalability.ini]
[2020.12.03-14.58.48:490][  0]LogConfig: Setting CVar [[foliage.DensityScale:1.0]]
[2020.12.03-14.58.48:490][  0]LogConfig: Setting CVar [[grass.DensityScale:1.0]]
[2020.12.03-14.58.48:490][  0]LogConfig: Applying CVar settings from Section [ShadingQuality@3] File [C:/Users/emilg/Downloads/MeshPainter/MeshPainterComplete/Saved/Config/Windows/Scalability.ini]
[2020.12.03-14.58.48:490][  0]LogConfig: Setting CVar [[r.HairStrands.SkyLighting.SampleCount:16]]
[2020.12.03-14.58.48:490][  0]LogConfig: Setting CVar [[r.HairStrands.SkyLighting.JitterIntegration:0]]
[2020.12.03-14.58.48:490][  0]LogConfig: Setting CVar [[r.HairStrands.SkyAO.SampleCount:16]]
[2020.12.03-14.58.48:490][  0]LogConfig: Setting CVar [[r.HairStrands.DeepShadow.SuperSampling:0]]
[2020.12.03-14.58.48:490][  0]LogConfig: Setting CVar [[r.HairStrands.VisibilityPPLL:0]]
[2020.12.03-14.58.48:490][  0]LogConfig: Setting CVar [[r.HairStrands.RasterizationScale:0.5]]
[2020.12.03-14.58.48:490][  0]LogConfig: Setting CVar [[r.HairStrands.VelocityRasterizationScale:1]]
[2020.12.03-14.58.48:490][  0]LogInit: Selected Device Profile: [Windows]
[2020.12.03-14.58.48:490][  0]LogInit: Applying CVar settings loaded from the selected device profile: [Windows]
[2020.12.03-14.58.48:490][  0]LogHAL: Display: Platform has ~ 16 GB [17108742144 / 17179869184 / 16], which maps to Larger [LargestMinGB=32, LargerMinGB=12, DefaultMinGB=8, SmallerMinGB=6, SmallestMinGB=0)
[2020.12.03-14.58.48:490][  0]LogInit: Going up to parent DeviceProfile []
[2020.12.03-14.58.48:490][  0]LogConfig: Applying CVar settings from Section [ViewDistanceQuality@3] File [C:/Users/emilg/Downloads/MeshPainter/MeshPainterComplete/Saved/Config/Windows/Scalability.ini]
[2020.12.03-14.58.48:490][  0]LogConfig: Setting CVar [[r.SkeletalMeshLODBias:0]]
[2020.12.03-14.58.48:490][  0]LogConfig: Setting CVar [[r.ViewDistanceScale:1.0]]
[2020.12.03-14.58.48:490][  0]LogConfig: Applying CVar settings from Section [AntiAliasingQuality@3] File [C:/Users/emilg/Downloads/MeshPainter/MeshPainterComplete/Saved/Config/Windows/Scalability.ini]
[2020.12.03-14.58.48:490][  0]LogConfig: Setting CVar [[r.PostProcessAAQuality:4]]
[2020.12.03-14.58.48:490][  0]LogConfig: Applying CVar settings from Section [ShadowQuality@3] File [C:/Users/emilg/Downloads/MeshPainter/MeshPainterComplete/Saved/Config/Windows/Scalability.ini]
[2020.12.03-14.58.48:490][  0]LogConfig: Setting CVar [[r.LightFunctionQuality:1]]
[2020.12.03-14.58.48:490][  0]LogConfig: Setting CVar [[r.ShadowQuality:5]]
[2020.12.03-14.58.48:490][  0]LogConfig: Setting CVar [[r.Shadow.CSM.MaxCascades:10]]
[2020.12.03-14.58.48:490][  0]LogConfig: Setting CVar [[r.Shadow.MaxResolution:2048]]
[2020.12.03-14.58.48:490][  0]LogConfig: Setting CVar [[r.Shadow.MaxCSMResolution:2048]]
[2020.12.03-14.58.48:490][  0]LogConfig: Setting CVar [[r.Shadow.RadiusThreshold:0.01]]
[2020.12.03-14.58.48:490][  0]LogConfig: Setting CVar [[r.Shadow.DistanceScale:1.0]]
[2020.12.03-14.58.48:490][  0]LogConfig: Setting CVar [[r.Shadow.CSM.TransitionScale:1.0]]
[2020.12.03-14.58.48:490][  0]LogConfig: Setting CVar [[r.Shadow.PreShadowResolutionFactor:1.0]]
[2020.12.03-14.58.48:490][  0]LogConfig: Setting CVar [[r.DistanceFieldShadowing:1]]
[2020.12.03-14.58.48:490][  0]LogConfig: Setting CVar [[r.DistanceFieldAO:1]]
[2020.12.03-14.58.48:490][  0]LogConfig: Setting CVar [[r.AOQuality:2]]
[2020.12.03-14.58.48:490][  0]LogConfig: Setting CVar [[r.VolumetricFog:1]]
[2020.12.03-14.58.48:490][  0]LogConfig: Setting CVar [[r.VolumetricFog.GridPixelSize:8]]
[2020.12.03-14.58.48:490][  0]LogConfig: Setting CVar [[r.VolumetricFog.GridSizeZ:128]]
[2020.12.03-14.58.48:490][  0]LogConfig: Setting CVar [[r.VolumetricFog.HistoryMissSupersampleCount:4]]
[2020.12.03-14.58.48:490][  0]LogConfig: Setting CVar [[r.LightMaxDrawDistanceScale:1]]
[2020.12.03-14.58.48:490][  0]LogConfig: Setting CVar [[r.CapsuleShadows:1]]
[2020.12.03-14.58.48:490][  0]LogConfig: Applying CVar settings from Section [PostProcessQuality@3] File [C:/Users/emilg/Downloads/MeshPainter/MeshPainterComplete/Saved/Config/Windows/Scalability.ini]
[2020.12.03-14.58.48:490][  0]LogConfig: Setting CVar [[r.MotionBlurQuality:4]]
[2020.12.03-14.58.48:490][  0]LogConfig: Setting CVar [[r.AmbientOcclusionMipLevelFactor:0.4]]
[2020.12.03-14.58.48:490][  0]LogConfig: Setting CVar [[r.AmbientOcclusionMaxQuality:100]]
[2020.12.03-14.58.48:490][  0]LogConfig: Setting CVar [[r.AmbientOcclusionLevels:-1]]
[2020.12.03-14.58.48:490][  0]LogConfig: Setting CVar [[r.AmbientOcclusionRadiusScale:1.0]]
[2020.12.03-14.58.48:490][  0]LogConfig: Setting CVar [[r.DepthOfFieldQuality:2]]
[2020.12.03-14.58.48:490][  0]LogConfig: Setting CVar [[r.RenderTargetPoolMin:400]]
[2020.12.03-14.58.48:490][  0]LogConfig: Setting CVar [[r.LensFlareQuality:2]]
[2020.12.03-14.58.48:490][  0]LogConfig: Setting CVar [[r.SceneColorFringeQuality:1]]
[2020.12.03-14.58.48:490][  0]LogConfig: Setting CVar [[r.EyeAdaptationQuality:2]]
[2020.12.03-14.58.48:490][  0]LogConfig: Setting CVar [[r.BloomQuality:5]]
[2020.12.03-14.58.48:490][  0]LogConfig: Setting CVar [[r.FastBlurThreshold:100]]
[2020.12.03-14.58.48:490][  0]LogConfig: Setting CVar [[r.Upscale.Quality:3]]
[2020.12.03-14.58.48:490][  0]LogConfig: Setting CVar [[r.Tonemapper.GrainQuantization:1]]
[2020.12.03-14.58.48:491][  0]LogConfig: Setting CVar [[r.LightShaftQuality:1]]
[2020.12.03-14.58.48:491][  0]LogConfig: Setting CVar [[r.Filter.SizeScale:1]]
[2020.12.03-14.58.48:491][  0]LogConfig: Setting CVar [[r.Tonemapper.Quality:5]]
[2020.12.03-14.58.48:491][  0]LogConfig: Setting CVar [[r.DOF.Gather.AccumulatorQuality:1        ; higher gathering accumulator quality]]
[2020.12.03-14.58.48:491][  0]LogConfig: Setting CVar [[r.DOF.Gather.PostfilterMethod:1          ; Median3x3 postfilering method]]
[2020.12.03-14.58.48:491][  0]LogConfig: Setting CVar [[r.DOF.Gather.EnableBokehSettings:0       ; no bokeh simulation when gathering]]
[2020.12.03-14.58.48:491][  0]LogConfig: Setting CVar [[r.DOF.Gather.RingCount:4                 ; medium number of samples when gathering]]
[2020.12.03-14.58.48:491][  0]LogConfig: Setting CVar [[r.DOF.Scatter.ForegroundCompositing:1    ; additive foreground scattering]]
[2020.12.03-14.58.48:491][  0]LogConfig: Setting CVar [[r.DOF.Scatter.BackgroundCompositing:2    ; additive background scattering]]
[2020.12.03-14.58.48:491][  0]LogConfig: Setting CVar [[r.DOF.Scatter.EnableBokehSettings:1      ; bokeh simulation when scattering]]
[2020.12.03-14.58.48:491][  0]LogConfig: Setting CVar [[r.DOF.Scatter.MaxSpriteRatio:0.1         ; only a maximum of 10% of scattered bokeh]]
[2020.12.03-14.58.48:491][  0]LogConfig: Setting CVar [[r.DOF.Recombine.Quality:1                ; cheap slight out of focus]]
[2020.12.03-14.58.48:491][  0]LogConfig: Setting CVar [[r.DOF.Recombine.EnableBokehSettings:0    ; no bokeh simulation on slight out of focus]]
[2020.12.03-14.58.48:491][  0]LogConfig: Setting CVar [[r.DOF.TemporalAAQuality:1                ; more stable temporal accumulation]]
[2020.12.03-14.58.48:491][  0]LogConfig: Setting CVar [[r.DOF.Kernel.MaxForegroundRadius:0.025]]
[2020.12.03-14.58.48:491][  0]LogConfig: Setting CVar [[r.DOF.Kernel.MaxBackgroundRadius:0.025]]
[2020.12.03-14.58.48:491][  0]LogConfig: Applying CVar settings from Section [TextureQuality@3] File [C:/Users/emilg/Downloads/MeshPainter/MeshPainterComplete/Saved/Config/Windows/Scalability.ini]
[2020.12.03-14.58.48:491][  0]LogConfig: Setting CVar [[r.Streaming.MipBias:0]]
[2020.12.03-14.58.48:491][  0]LogConfig: Setting CVar [[r.Streaming.AmortizeCPUToGPUCopy:0]]
[2020.12.03-14.58.48:491][  0]LogConfig: Setting CVar [[r.Streaming.MaxNumTexturesToStreamPerFrame:0]]
[2020.12.03-14.58.48:491][  0]LogConfig: Setting CVar [[r.Streaming.Boost:1]]
[2020.12.03-14.58.48:491][  0]LogConfig: Setting CVar [[r.MaxAnisotropy:8]]
[2020.12.03-14.58.48:491][  0]LogConfig: Setting CVar [[r.VT.MaxAnisotropy:8]]
[2020.12.03-14.58.48:491][  0]LogConfig: Setting CVar [[r.Streaming.LimitPoolSizeToVRAM:0]]
[2020.12.03-14.58.48:491][  0]LogConfig: Setting CVar [[r.Streaming.PoolSize:1000]]
[2020.12.03-14.58.48:491][  0]LogConfig: Setting CVar [[r.Streaming.MaxEffectiveScreenSize:0]]
[2020.12.03-14.58.48:491][  0]LogConfig: Applying CVar settings from Section [EffectsQuality@3] File [C:/Users/emilg/Downloads/MeshPainter/MeshPainterComplete/Saved/Config/Windows/Scalability.ini]
[2020.12.03-14.58.48:491][  0]LogConfig: Setting CVar [[r.TranslucencyLightingVolumeDim:64]]
[2020.12.03-14.58.48:491][  0]LogConfig: Setting CVar [[r.RefractionQuality:2]]
[2020.12.03-14.58.48:491][  0]LogConfig: Setting CVar [[r.SSR.Quality:3]]
[2020.12.03-14.58.48:491][  0]LogConfig: Setting CVar [[r.SSR.HalfResSceneColor:0]]
[2020.12.03-14.58.48:491][  0]LogConfig: Setting CVar [[r.SceneColorFormat:4]]
[2020.12.03-14.58.48:491][  0]LogConfig: Setting CVar [[r.DetailMode:2]]
[2020.12.03-14.58.48:491][  0]LogConfig: Setting CVar [[r.TranslucencyVolumeBlur:1]]
[2020.12.03-14.58.48:491][  0]LogConfig: Setting CVar [[r.MaterialQualityLevel:1 ; High quality]]
[2020.12.03-14.58.48:491][  0]LogConfig: Setting CVar [[r.SSS.Scale:1]]
[2020.12.03-14.58.48:491][  0]LogConfig: Setting CVar [[r.SSS.SampleSet:2]]
[2020.12.03-14.58.48:491][  0]LogConfig: Setting CVar [[r.SSS.Quality:1]]
[2020.12.03-14.58.48:491][  0]LogConfig: Setting CVar [[r.SSS.HalfRes:0]]
[2020.12.03-14.58.48:491][  0]LogConfig: Setting CVar [[r.SSGI.Quality:3]]
[2020.12.03-14.58.48:491][  0]LogConfig: Setting CVar [[r.EmitterSpawnRateScale:1.0]]
[2020.12.03-14.58.48:491][  0]LogConfig: Setting CVar [[r.ParticleLightQuality:2]]
[2020.12.03-14.58.48:491][  0]LogConfig: Setting CVar [[r.SkyAtmosphere.AerialPerspectiveLUT.FastApplyOnOpaque:1 ; Always have FastSkyLUT 1 in this case to avoid wrong sky]]
[2020.12.03-14.58.48:491][  0]LogConfig: Setting CVar [[r.SkyAtmosphere.AerialPerspectiveLUT.SampleCountPerSlice:1]]
[2020.12.03-14.58.48:491][  0]LogConfig: Setting CVar [[r.SkyAtmosphere.AerialPerspectiveLUT.DepthResolution:16.0]]
[2020.12.03-14.58.48:491][  0]LogConfig: Setting CVar [[r.SkyAtmosphere.FastSkyLUT:1]]
[2020.12.03-14.58.48:491][  0]LogConfig: Setting CVar [[r.SkyAtmosphere.FastSkyLUT.SampleCountMin:4.0]]
[2020.12.03-14.58.48:491][  0]LogConfig: Setting CVar [[r.SkyAtmosphere.FastSkyLUT.SampleCountMax:32.0]]
[2020.12.03-14.58.48:491][  0]LogConfig: Setting CVar [[r.SkyAtmosphere.SampleCountMin:4.0]]
[2020.12.03-14.58.48:491][  0]LogConfig: Setting CVar [[r.SkyAtmosphere.SampleCountMax:32.0]]
[2020.12.03-14.58.48:491][  0]LogConfig: Setting CVar [[r.SkyAtmosphere.TransmittanceLUT.UseSmallFormat:0]]
[2020.12.03-14.58.48:491][  0]LogConfig: Setting CVar [[r.SkyAtmosphere.TransmittanceLUT.SampleCount:10.0]]
[2020.12.03-14.58.48:491][  0]LogConfig: Setting CVar [[r.SkyAtmosphere.MultiScatteringLUT.SampleCount:15.0]]
[2020.12.03-14.58.48:491][  0]LogConfig: Applying CVar settings from Section [FoliageQuality@3] File [C:/Users/emilg/Downloads/MeshPainter/MeshPainterComplete/Saved/Config/Windows/Scalability.ini]
[2020.12.03-14.58.48:491][  0]LogConfig: Setting CVar [[foliage.DensityScale:1.0]]
[2020.12.03-14.58.48:491][  0]LogConfig: Setting CVar [[grass.DensityScale:1.0]]
[2020.12.03-14.58.48:491][  0]LogConfig: Applying CVar settings from Section [ShadingQuality@3] File [C:/Users/emilg/Downloads/MeshPainter/MeshPainterComplete/Saved/Config/Windows/Scalability.ini]
[2020.12.03-14.58.48:491][  0]LogConfig: Setting CVar [[r.HairStrands.SkyLighting.SampleCount:16]]
[2020.12.03-14.58.48:491][  0]LogConfig: Setting CVar [[r.HairStrands.SkyLighting.JitterIntegration:0]]
[2020.12.03-14.58.48:491][  0]LogConfig: Setting CVar [[r.HairStrands.SkyAO.SampleCount:16]]
[2020.12.03-14.58.48:491][  0]LogConfig: Setting CVar [[r.HairStrands.DeepShadow.SuperSampling:0]]
[2020.12.03-14.58.48:491][  0]LogConfig: Setting CVar [[r.HairStrands.VisibilityPPLL:0]]
[2020.12.03-14.58.48:491][  0]LogConfig: Setting CVar [[r.HairStrands.RasterizationScale:0.5]]
[2020.12.03-14.58.48:491][  0]LogConfig: Setting CVar [[r.HairStrands.VelocityRasterizationScale:1]]
[2020.12.03-14.58.48:491][  0]LogConfig: Applying CVar settings from Section [Startup] File [../../../Engine/Config/ConsoleVariables.ini]
[2020.12.03-14.58.48:491][  0]LogConfig: Setting CVar [[net.UseAdaptiveNetUpdateFrequency:0]]
[2020.12.03-14.58.48:491][  0]LogConfig: Setting CVar [[p.chaos.AllowCreatePhysxBodies:1]]
[2020.12.03-14.58.48:491][  0]LogConfig: Setting CVar [[fx.SkipVectorVMBackendOptimizations:1]]
[2020.12.03-14.58.48:491][  0]LogConfig: Applying CVar settings from Section [ConsoleVariables] File [C:/Users/emilg/Downloads/MeshPainter/MeshPainterComplete/Saved/Config/Windows/Engine.ini]
[2020.12.03-14.58.48:492][  0]LogInit: Computer: DESKTOP-Q6TPRLC
[2020.12.03-14.58.48:492][  0]LogInit: User: Emil
[2020.12.03-14.58.48:492][  0]LogInit: CPU Page size=4096, Cores=6
[2020.12.03-14.58.48:492][  0]LogInit: High frequency timer resolution =10.000000 MHz
[2020.12.03-14.58.48:492][  0]LogMemory: Memory total: Physical=15.9GB (16GB approx)
[2020.12.03-14.58.48:492][  0]LogMemory: Platform Memory Stats for Windows
[2020.12.03-14.58.48:492][  0]LogMemory: Process Physical Memory: 118.80 MB used, 118.80 MB peak
[2020.12.03-14.58.48:492][  0]LogMemory: Process Virtual Memory: 97.08 MB used, 97.08 MB peak
[2020.12.03-14.58.48:492][  0]LogMemory: Physical Memory: 7709.66 MB used,  8606.51 MB free, 16316.17 MB total
[2020.12.03-14.58.48:492][  0]LogMemory: Virtual Memory: 5167.18 MB used,  134212560.00 MB free, 134217728.00 MB total
[2020.12.03-14.58.48:497][  0]LogWindows: WindowsPlatformFeatures enabled
[2020.12.03-14.58.48:545][  0]LogInit: Physics initialised using underlying interface: PhysX
[2020.12.03-14.58.48:546][  0]LogInit: Using OS detected language (en-US).
[2020.12.03-14.58.48:546][  0]LogInit: Using OS detected locale (sv-SE).
[2020.12.03-14.58.48:553][  0]LogTextLocalizationManager: No specific localization for 'en-US' exists, so the 'en' localization will be used.
[2020.12.03-14.58.48:705][  0]LogInit: Setting process to per monitor DPI aware
[2020.12.03-14.58.48:747][  0]LogSlate: New Slate User Created.  User Index 0, Is Virtual User: 0
[2020.12.03-14.58.48:747][  0]LogSlate: Slate User Registered.  User Index 0, Is Virtual User: 0
[2020.12.03-14.58.48:924][  0]LogHMD: Failed to initialize OpenVR with code 110
[2020.12.03-14.58.48:924][  0]LogD3D11RHI: D3D11 min allowed feature level: 11_0
[2020.12.03-14.58.48:924][  0]LogD3D11RHI: D3D11 max allowed feature level: 11_0
[2020.12.03-14.58.48:924][  0]LogD3D11RHI: D3D11 adapters:
[2020.12.03-14.58.49:021][  0]LogD3D11RHI:    0. 'NVIDIA GeForce RTX 3070' (Feature Level 11_0)
[2020.12.03-14.58.49:021][  0]LogD3D11RHI:       8043/0/8158 MB DedicatedVideo/DedicatedSystem/SharedSystem, Outputs:2, VendorId:0x10de
[2020.12.03-14.58.49:024][  0]LogD3D11RHI:    1. 'Microsoft Basic Render Driver' (Feature Level 11_0)
[2020.12.03-14.58.49:024][  0]LogD3D11RHI:       0/0/8158 MB DedicatedVideo/DedicatedSystem/SharedSystem, Outputs:0, VendorId:0x1414
[2020.12.03-14.58.49:024][  0]LogD3D11RHI: Chosen D3D11 Adapter: 0
[2020.12.03-14.58.49:030][  0]LogD3D11RHI: Creating new Direct3DDevice
[2020.12.03-14.58.49:030][  0]LogD3D11RHI:     GPU DeviceId: 0x2484 (for the marketing name, search the web for "GPU Device Id")
[2020.12.03-14.58.49:030][  0]LogWindows: EnumDisplayDevices:
[2020.12.03-14.58.49:030][  0]LogWindows:    0. 'NVIDIA GeForce RTX 3070' (P:0 D:1)
[2020.12.03-14.58.49:030][  0]LogWindows:    1. 'NVIDIA GeForce RTX 3070' (P:1 D:1)
[2020.12.03-14.58.49:031][  0]LogWindows:    2. 'NVIDIA GeForce RTX 3070' (P:0 D:0)
[2020.12.03-14.58.49:031][  0]LogWindows:    3. 'NVIDIA GeForce RTX 3070' (P:0 D:0)
[2020.12.03-14.58.49:031][  0]LogWindows: DebugString: FoundDriverCount:4 
[2020.12.03-14.58.49:031][  0]LogD3D11RHI:     Adapter Name: NVIDIA GeForce RTX 3070
[2020.12.03-14.58.49:031][  0]LogD3D11RHI:   Driver Version: 457.30 (internal:27.21.14.5730, unified:457.30)
[2020.12.03-14.58.49:031][  0]LogD3D11RHI:      Driver Date: 11-6-2020
[2020.12.03-14.58.49:031][  0]LogRHI: Texture pool is 5630 MB (70% of 8043 MB)
[2020.12.03-14.58.49:096][  0]LogD3D11RHI: RHI has support for 64 bit atomics
[2020.12.03-14.58.49:099][  0]LogD3D11RHI: [Aftermath] Enabled and primed
[2020.12.03-14.58.49:099][  0]LogD3D11RHI: Async texture creation enabled
[2020.12.03-14.58.49:099][  0]LogD3D11RHI: Array index from any shader is supported
[2020.12.03-14.58.49:124][  0]LogD3D11RHI: GPU Timing Frequency: 1000.000000 (Debug: 2 1)
[2020.12.03-14.58.49:380][  0]LogTargetPlatformManager: Display: Loaded TargetPlatform 'AllDesktop'
[2020.12.03-14.58.49:404][  0]LogTargetPlatformManager: Display: Loaded TargetPlatform 'Android'
[2020.12.03-14.58.49:404][  0]LogTargetPlatformManager: Display: Loaded TargetPlatform 'Android_ASTC'
[2020.12.03-14.58.49:404][  0]LogTargetPlatformManager: Display: Loaded TargetPlatform 'Android_DXT'
[2020.12.03-14.58.49:404][  0]LogTargetPlatformManager: Display: Loaded TargetPlatform 'Android_ETC2'
[2020.12.03-14.58.49:404][  0]LogTargetPlatformManager: Display: Loaded TargetPlatform 'AndroidClient'
[2020.12.03-14.58.49:404][  0]LogTargetPlatformManager: Display: Loaded TargetPlatform 'Android_ASTCClient'
[2020.12.03-14.58.49:404][  0]LogTargetPlatformManager: Display: Loaded TargetPlatform 'Android_DXTClient'
[2020.12.03-14.58.49:404][  0]LogTargetPlatformManager: Display: Loaded TargetPlatform 'Android_ETC2Client'
[2020.12.03-14.58.49:404][  0]LogTargetPlatformManager: Display: Loaded TargetPlatform 'Android_Multi'
[2020.12.03-14.58.49:404][  0]LogTargetPlatformManager: Display: Loaded TargetPlatform 'Android_MultiClient'
[2020.12.03-14.58.49:429][  0]LogTargetPlatformManager: Display: Loaded TargetPlatform 'IOSClient'
[2020.12.03-14.58.49:429][  0]LogTargetPlatformManager: Display: Loaded TargetPlatform 'IOS'
[2020.12.03-14.58.49:440][  0]LogTargetPlatformManager: Display: Loaded TargetPlatform 'Linux'
[2020.12.03-14.58.49:450][  0]LogTargetPlatformManager: Display: Loaded TargetPlatform 'LinuxNoEditor'
[2020.12.03-14.58.49:460][  0]LogTargetPlatformManager: Display: Loaded TargetPlatform 'LinuxClient'
[2020.12.03-14.58.49:470][  0]LogTargetPlatformManager: Display: Loaded TargetPlatform 'LinuxServer'
[2020.12.03-14.58.49:480][  0]LogTargetPlatformManager: Display: Loaded TargetPlatform 'LinuxAArch64NoEditor'
[2020.12.03-14.58.49:490][  0]LogTargetPlatformManager: Display: Loaded TargetPlatform 'LinuxAArch64Client'
[2020.12.03-14.58.49:500][  0]LogTargetPlatformManager: Display: Loaded TargetPlatform 'LinuxAArch64Server'
[2020.12.03-14.58.49:528][  0]LogTargetPlatformManager: Display: Loaded TargetPlatform 'Lumin'
[2020.12.03-14.58.49:528][  0]LogTargetPlatformManager: Display: Loaded TargetPlatform 'LuminClient'
[2020.12.03-14.58.49:545][  0]LogTargetPlatformManager: Display: Loaded TargetPlatform 'TVOSClient'
[2020.12.03-14.58.49:545][  0]LogTargetPlatformManager: Display: Loaded TargetPlatform 'TVOS'
[2020.12.03-14.58.49:555][  0]LogTargetPlatformManager: Display: Loaded TargetPlatform 'WindowsNoEditor'
[2020.12.03-14.58.49:566][  0]LogTargetPlatformManager: Display: Loaded TargetPlatform 'Windows'
[2020.12.03-14.58.49:576][  0]LogTargetPlatformManager: Display: Loaded TargetPlatform 'WindowsClient'
[2020.12.03-14.58.49:586][  0]LogTargetPlatformManager: Display: Loaded TargetPlatform 'WindowsServer'
[2020.12.03-14.58.49:586][  0]LogTargetPlatformManager: Display: Building Assets For Windows
[2020.12.03-14.58.49:595][  0]LogAudioDebug: Display: Lib vorbis DLL was dynamically loaded.
[2020.12.03-14.58.49:673][  0]LogShaderCompilers: Guid format shader working directory is -10 characters bigger than the processId version (C:/Users/emilg/Downloads/MeshPainter/MeshPainterComplete/Intermediate/Shaders/WorkingDirectory/9088/).
[2020.12.03-14.58.49:673][  0]LogShaderCompilers: Cleaned the shader compiler working directory 'C:/Users/emilg/AppData/Local/Temp/UnrealShaderWorkingDir/948FE5CA4B1E7DEBBFC461AB2EA65D24/'.
[2020.12.03-14.58.49:674][  0]LogXGEController: Cannot use XGE Controller as Incredibuild is not installed on this machine.
[2020.12.03-14.58.49:674][  0]LogShaderCompilers: Cannot use XGE Shader Compiler as Incredibuild is not installed on this machine.
[2020.12.03-14.58.49:674][  0]LogShaderCompilers: Display: Using Local Shader Compiler.
[2020.12.03-14.58.50:353][  0]LogDerivedDataCache: Display: Max Cache Size: 512 MB
[2020.12.03-14.58.50:408][  0]LogDerivedDataCache: Loaded boot cache 0.05s 92MB C:/Users/emilg/AppData/Local/UnrealEngine/4.25/DerivedDataCache/Boot.ddc.
[2020.12.03-14.58.50:408][  0]LogDerivedDataCache: Display: Loaded Boot cache: C:/Users/emilg/AppData/Local/UnrealEngine/4.25/DerivedDataCache/Boot.ddc
[2020.12.03-14.58.50:408][  0]LogDerivedDataCache: FDerivedDataBackendGraph:  Pak pak cache file C:/Users/emilg/Downloads/MeshPainter/MeshPainterComplete/DerivedDataCache/DDC.ddp not found, will not use a pak cache.
[2020.12.03-14.58.50:408][  0]LogDerivedDataCache: Unable to find inner node Pak for hierarchical cache Hierarchy.
[2020.12.03-14.58.50:408][  0]LogDerivedDataCache: FDerivedDataBackendGraph:  CompressedPak pak cache file C:/Users/emilg/Downloads/MeshPainter/MeshPainterComplete/DerivedDataCache/Compressed.ddp not found, will not use a pak cache.
[2020.12.03-14.58.50:408][  0]LogDerivedDataCache: Unable to find inner node CompressedPak for hierarchical cache Hierarchy.
[2020.12.03-14.58.50:418][  0]LogDerivedDataCache: Display: Pak cache opened for reading ../../../Engine/DerivedDataCache/Compressed.ddp.
[2020.12.03-14.58.50:418][  0]LogDerivedDataCache: FDerivedDataBackendGraph:  EnterprisePak pak cache file ../../../Enterprise/DerivedDataCache/Compressed.ddp not found, will not use a pak cache.
[2020.12.03-14.58.50:418][  0]LogDerivedDataCache: Unable to find inner node EnterprisePak for hierarchical cache Hierarchy.
[2020.12.03-14.58.50:419][  0]LogDerivedDataCache: Using Local data cache path C:/Users/emilg/AppData/Local/UnrealEngine/Common/DerivedDataCache: Writable
[2020.12.03-14.58.50:419][  0]LogDerivedDataCache: Shared data cache path not found in *engine.ini, will not use an Shared cache.
[2020.12.03-14.58.50:419][  0]LogDerivedDataCache: Unable to find inner node Shared for hierarchical cache Hierarchy.
[2020.12.03-14.58.50:464][  0]LogSlate: Using FreeType 2.10.0
[2020.12.03-14.58.50:464][  0]LogSlate: SlateFontServices - WITH_FREETYPE: 1, WITH_HARFBUZZ: 1
[2020.12.03-14.58.50:491][  0]LogAssetRegistry: FAssetRegistry took 0.0026 seconds to start up
[2020.12.03-14.58.50:712][  0]LogInit: Selected Device Profile: [Windows]
[2020.12.03-14.58.50:827][  0]LogMeshReduction: Using QuadricMeshReduction for automatic static mesh reduction
[2020.12.03-14.58.50:828][  0]LogMeshReduction: Using SimplygonMeshReduction for automatic skeletal mesh reduction
[2020.12.03-14.58.50:828][  0]LogMeshReduction: Using ProxyLODMeshReduction for automatic mesh merging
[2020.12.03-14.58.50:828][  0]LogMeshReduction: No distributed automatic mesh merging module available
[2020.12.03-14.58.50:828][  0]LogMeshMerging: No distributed automatic mesh merging module available
[2020.12.03-14.58.50:843][  0]LogNetVersion: MeshPainter 1.0.0, NetCL: 13144385, EngineNetVer: 14, GameNetVer: 0 (Checksum: 1988999685)
[2020.12.03-14.58.51:237][  0]LogAISub: UAISubsystem::UAISubsystem AISubsystem (000001C8E57F42C0), frame # 0
[2020.12.03-14.58.51:237][  0]LogAISub: UAISubsystem::UAISubsystem AIPerceptionSystem (000001C8E570BB00), frame # 0
[2020.12.03-14.58.51:239][  0]LogAISub: UAISubsystem::UAISubsystem EnvQueryManager (000001C8E576A000), frame # 0
[2020.12.03-14.58.51:287][  0]LogPackageLocalizationCache: Processed 19 localized package path(s) for 1 prioritized culture(s) in 0.043236 seconds
[2020.12.03-14.58.51:293][  0]LogUObjectArray: 15917 objects as part of root set at end of initial load.
[2020.12.03-14.58.51:293][  0]LogUObjectAllocator: 3965568 out of 0 bytes used by permanent object pool.
[2020.12.03-14.58.51:293][  0]LogUObjectArray: CloseDisregardForGC: 0/0 objects in disregard for GC pool
[2020.12.03-14.58.51:725][  0]LogTcpMessaging: Initializing TcpMessaging bridge
[2020.12.03-14.58.51:770][  0]LogUdpMessaging: Initializing bridge on interface 0.0.0.0:0 to multicast group 230.0.0.1:6666.
[2020.12.03-14.58.51:867][  0]SourceControl: Source control is disabled
[2020.12.03-14.58.51:867][  0]SourceControl: Source control is disabled
[2020.12.03-14.58.51:871][  0]SourceControl: Source control is disabled
[2020.12.03-14.58.51:875][  0]SourceControl: Source control is disabled
[2020.12.03-14.58.51:884][  0]SourceControl: Source control is disabled
[2020.12.03-14.58.52:180][  0]LogAndroidPermission: UAndroidPermissionCallbackProxy::GetInstance
[2020.12.03-14.58.52:206][  0]LogAudioCaptureCore: Display: No Audio Capture implementations found. Audio input will be silent.
[2020.12.03-14.58.52:206][  0]LogAudioCaptureCore: Display: No Audio Capture implementations found. Audio input will be silent.
[2020.12.03-14.58.52:259][  0]LogOcInput: OculusInput pre-init called
[2020.12.03-14.58.52:275][  0]LogWindows: Failed to load 'OVRPlugin.dll' (GetLastError=126)
[2020.12.03-14.58.52:275][  0]LogWindows: File 'OVRPlugin.dll' does not exist
[2020.12.03-14.58.52:338][  0]LogEngine: Initializing Engine...
[2020.12.03-14.58.52:339][  0]LogHMD: Failed to initialize OpenVR with code 110
[2020.12.03-14.58.52:339][  0]LogMagicLeap: Warning: VR disabled because ZI is not enabled.  To enable, in the editor, Edit -> Project Settings -> Plugins -> Magic Leap Plugin -> Enable Zero Iteration
[2020.12.03-14.58.52:340][  0]LogStats: UGameplayTagsManager::InitializeManager -  0.000 s
[2020.12.03-14.58.52:452][  0]LogInit: Initializing FReadOnlyCVARCache
[2020.12.03-14.58.52:461][  0]LogAIModule: Creating AISystem for world Untitled
[2020.12.03-14.58.52:461][  0]LogAISub: UAISubsystem::UAISubsystem EnvQueryManager (000001C8EC257C00), frame # 0
[2020.12.03-14.58.52:461][  0]LogAISub: UAISubsystem::UAISubsystem AIPerceptionSystem (000001C8EC2B5940), frame # 0
[2020.12.03-14.58.52:478][  0]LogAudioMixer: Display: Audio Mixer Platform Settings:
[2020.12.03-14.58.52:478][  0]LogAudioMixer: Display: 	Sample Rate:						  48000
[2020.12.03-14.58.52:478][  0]LogAudioMixer: Display: 	Callback Buffer Frame Size Requested: 1024
[2020.12.03-14.58.52:478][  0]LogAudioMixer: Display: 	Callback Buffer Frame Size To Use:	  1024
[2020.12.03-14.58.52:478][  0]LogAudioMixer: Display: 	Number of buffers to queue:			  2
[2020.12.03-14.58.52:478][  0]LogAudioMixer: Display: 	Max Channels (voices):				  32
[2020.12.03-14.58.52:478][  0]LogAudioMixer: Display: 	Number of Async Source Workers:		  0
[2020.12.03-14.58.52:478][  0]LogAudio: Display: AudioDevice MaxSources: 32
[2020.12.03-14.58.52:478][  0]LogAudio: Display: Using built-in audio occlusion.
[2020.12.03-14.58.52:478][  0]LogAudioMixer: Display: Initializing audio mixer.
[2020.12.03-14.58.52:496][  0]LogAudioMixer: Display: 0: FrontLeft
[2020.12.03-14.58.52:496][  0]LogAudioMixer: Display: 1: FrontRight
[2020.12.03-14.58.52:526][  0]LogAudioMixer: Display: Using Audio Device Headset Earphone (Sennheiser Communication Audio)
[2020.12.03-14.58.52:529][  0]LogAudioMixer: Display: Initializing Sound Submixes...
[2020.12.03-14.58.52:533][  0]LogAudioMixer: Display: Creating Master Submix 'MasterSubmixDefault'
[2020.12.03-14.58.52:533][  0]LogAudioMixer: Display: Creating Master Submix 'MasterReverbSubmixDefault'
[2020.12.03-14.58.52:534][  0]LogAudioMixer: Display: Creating Master Submix 'MasterEQSubmixDefault'
[2020.12.03-14.58.52:535][  0]LogInit: FAudioDevice initialized.
[2020.12.03-14.58.52:535][  0]LogNetVersion: Set ProjectVersion to 1.0.0.0. Version Checksum will be recalculated on next use.
[2020.12.03-14.58.52:618][  0]LogDerivedDataCache: Saved boot cache 0.08s 92MB C:/Users/emilg/AppData/Local/UnrealEngine/4.25/DerivedDataCache/Boot.ddc.
[2020.12.03-14.58.52:621][  0]LogInit: Texture streaming: Enabled
[2020.12.03-14.58.52:640][  0]LogEngineSessionManager: EngineSessionManager initialized
[2020.12.03-14.58.52:640][  0]LogEditorSessionSummary: Verbose: Initializing EditorSessionSummaryWriter for editor session tracking
[2020.12.03-14.58.52:641][  0]LogEditorSessionSummary: EditorSessionSummaryWriter initialized
[2020.12.03-14.58.52:662][  0]LogInit: Transaction tracking system initialized
[2020.12.03-14.58.52:685][  0]BlueprintLog: New page: Editor Load
[2020.12.03-14.58.52:761][  0]LocalizationService: Localization service is disabled
[2020.12.03-14.58.52:959][  0]LogCook: Display: Max memory allowance for cook 16384mb min free memory 0mb
[2020.12.03-14.58.52:959][  0]LogCook: Display: Mobile HDR setting 1
[2020.12.03-14.58.53:105][  0]LogFileCache: Scanning file cache for directory 'C:/Users/emilg/Downloads/MeshPainter/MeshPainterComplete/Content/' took 0.01s
[2020.12.03-14.58.53:291][  0]SourceControl: Source control is disabled
[2020.12.03-14.58.53:291][  0]LogUnrealEdMisc: Loading editor; pre map load, took 6.859
[2020.12.03-14.58.53:291][  0]Cmd: MAP LOAD FILE="C:/Users/emilg/Downloads/MeshPainter/MeshPainterComplete/Content/MeshPainter/Maps/TutorialMap.umap" TEMPLATE=0 SHOWPROGRESS=1 FEATURELEVEL=3
[2020.12.03-14.58.53:296][  0]LightingResults: New page: Lighting Build
[2020.12.03-14.58.53:297][  0]LogWorld: UWorld::CleanupWorld for Untitled, bSessionEnded=true, bCleanupResources=true
[2020.12.03-14.58.53:297][  0]LogSlate: InvalidateAllWidgets triggered.  All widgets were invalidated
[2020.12.03-14.58.53:297][  0]MapCheck: New page: Map Check
[2020.12.03-14.58.53:297][  0]LightingResults: New page: Lighting Build
[2020.12.03-14.58.53:308][  0]LogAISub: UAISubsystem::~UAISubsystem EnvQueryManager (000001C8EC257C00), frame # 0
[2020.12.03-14.58.53:308][  0]LogAISub: UAISubsystem::~UAISubsystem AIPerceptionSystem (000001C8EC2B5940), frame # 0
[2020.12.03-14.58.53:308][  0]LogUObjectHash: Compacting FUObjectHashTables data took   0.66ms
[2020.12.03-14.58.53:493][  0]LogMaterial: Display: Missing cached shader map for material M_Unwrap, compiling. 
[2020.12.03-14.58.53:582][  0]LogShaderCompilers: Display: Worker (1/9): shaders left to compile 53
[2020.12.03-14.58.53:582][  0]LogShaderCompilers: Display: Worker (2/9): shaders left to compile 47
[2020.12.03-14.58.53:582][  0]LogShaderCompilers: Display: Worker (3/9): shaders left to compile 41
[2020.12.03-14.58.53:582][  0]LogShaderCompilers: Display: Worker (4/9): shaders left to compile 35
[2020.12.03-14.58.53:582][  0]LogShaderCompilers: Display: Worker (5/9): shaders left to compile 29
[2020.12.03-14.58.53:582][  0]LogShaderCompilers: Display: Worker (6/9): shaders left to compile 23
[2020.12.03-14.58.53:582][  0]LogShaderCompilers: Display: Worker (7/9): shaders left to compile 17
[2020.12.03-14.58.53:582][  0]LogShaderCompilers: Display: Worker (8/9): shaders left to compile 11
[2020.12.03-14.58.53:582][  0]LogShaderCompilers: Display: Worker (9/9): shaders left to compile 5
[2020.12.03-14.58.53:582][  0]LogMaterial: Display: Missing cached shader map for material M_Background, compiling. 
[2020.12.03-14.58.53:585][  0]LogMaterial: Display: Missing cached shader map for material M_Reticle, compiling. 
[2020.12.03-14.58.53:604][  0]LogMaterial: Display: Missing cached shader map for material M_Mannequin, compiling. 
[2020.12.03-14.58.53:646][  0]LogAnimationCompression: Building Anim DDC data for AnimSequence /Game/MeshPainter/Characters/Mannequin/Animations/ThirdPersonWalk.ThirdPersonWalk
[2020.12.03-14.58.53:647][  0]LogSkeletalMesh: Building Skeletal Mesh SK_Mannequin...
[2020.12.03-14.58.53:651][  0]LogSkeletalMesh: Built Skeletal Mesh [0.00s] /Game/MeshPainter/Characters/Mannequin/Meshes/SK_Mannequin.SK_Mannequin
[2020.12.03-14.58.53:653][  0]LogAIModule: Creating AISystem for world TutorialMap
[2020.12.03-14.58.53:653][  0]LogAISub: UAISubsystem::UAISubsystem EnvQueryManager (000001C8DE2FFE00), frame # 0
[2020.12.03-14.58.53:653][  0]LogAISub: UAISubsystem::UAISubsystem AIPerceptionSystem (000001C8DB486700), frame # 0
[2020.12.03-14.58.53:709][  0]LogEditorServer: Finished looking for orphan Actors (0.000 secs)
[2020.12.03-14.58.53:723][  0]LogUObjectHash: Compacting FUObjectHashTables data took   0.76ms
[2020.12.03-14.58.53:723][  0]Cmd: MAP CHECKDEP NOCLEARLOG
[2020.12.03-14.58.53:723][  0]MapCheck: Map check complete: 0 Error(s), 0 Warning(s), took 0,16ms to complete.
[2020.12.03-14.58.53:723][  0]LogFileHelpers: Loading map 'TutorialMap' took 0.432
[2020.12.03-14.58.53:725][  0]LogUnrealEdMisc: Total Editor Startup Time, took 7.293
[2020.12.03-14.58.53:898][  0]LogSlate: Updating window title bar state: overlay mode, drag disabled, window buttons hidden, title bar hidden
[2020.12.03-14.58.53:904][  0]LogSlate: Updating window title bar state: overlay mode, drag disabled, window buttons hidden, title bar hidden
[2020.12.03-14.58.53:910][  0]LogSlate: Updating window title bar state: overlay mode, drag disabled, window buttons hidden, title bar hidden
[2020.12.03-14.58.53:915][  0]LogSlate: Updating window title bar state: overlay mode, drag disabled, window buttons hidden, title bar hidden
[2020.12.03-14.58.53:921][  0]LogCollectionManager: Loaded 0 collections in 0.000844 seconds
[2020.12.03-14.58.53:935][  0]LogFileCache: Scanning file cache for directory 'C:/Users/emilg/Downloads/MeshPainter/MeshPainterComplete/Saved/Collections/' took 0.00s
[2020.12.03-14.58.53:935][  0]LogFileCache: Scanning file cache for directory 'C:/Users/emilg/Downloads/MeshPainter/MeshPainterComplete/Content/Developers/Emil/Collections/' took 0.00s
[2020.12.03-14.58.53:935][  0]LogFileCache: Scanning file cache for directory 'C:/Users/emilg/Downloads/MeshPainter/MeshPainterComplete/Content/Collections/' took 0.00s
[2020.12.03-14.58.53:935][  0]LogContentBrowser: Native class hierarchy populated in 0.0092 seconds. Added 3427 classes and 821 folders.
[2020.12.03-14.58.53:938][  0]LogContentBrowser: Native class hierarchy updated for 'WidgetCarousel' in 0.0003 seconds. Added 0 classes and 0 folders.
[2020.12.03-14.58.54:025][  0]LogContentBrowser: Native class hierarchy updated for 'AddContentDialog' in 0.0003 seconds. Added 0 classes and 0 folders.
[2020.12.03-14.58.54:026][  0]LogContentBrowser: Native class hierarchy updated for 'SceneOutliner' in 0.0002 seconds. Added 2 classes and 0 folders.
[2020.12.03-14.58.54:114][  0]LogSlate: Took 0.000303 seconds to synchronously load lazily loaded font '../../../Engine/Content/Slate/Fonts/Roboto-Regular.ttf' (155K)
[2020.12.03-14.58.54:115][  0]LogSlate: Took 0.000184 seconds to synchronously load lazily loaded font '../../../Engine/Content/Slate/Fonts/Roboto-Bold.ttf' (160K)
[2020.12.03-14.58.54:119][  0]LogSlate: Took 0.000160 seconds to synchronously load lazily loaded font '../../../Engine/Content/Editor/Slate/Fonts/FontAwesome.ttf' (139K)
[2020.12.03-14.58.54:176][  0]LogRenderer: Reallocating scene render targets to support 1208x572 Format 10 NumSamples 1 (Frame:1).
[2020.12.03-14.58.54:375][  0]LogContentBrowser: Native class hierarchy updated for 'HierarchicalLODOutliner' in 0.0004 seconds. Added 0 classes and 0 folders.
[2020.12.03-14.58.54:375][  0]LogLoad: (Engine Initialization) Total time: 7.94 seconds
[2020.12.03-14.58.54:375][  0]LogLoad: (Engine Initialization) Total Blueprint compile time: 0.00 seconds
[2020.12.03-14.58.54:398][  0]LogContentStreaming: Texture pool size now 1000 MB
[2020.12.03-14.58.54:406][  0]LogSlate: Took 0.000259 seconds to synchronously load lazily loaded font '../../../Engine/Content/Slate/Fonts/Roboto-Light.ttf' (167K)
[2020.12.03-14.58.57:903][365]LogShaderCompilers: Display: Worker (5/9): shaders left to compile 88
[2020.12.03-14.58.57:945][370]LogShaderCompilers: Display: Worker (2/9): shaders left to compile 78
[2020.12.03-14.58.58:101][388]LogShaderCompilers: Display: Worker (8/9): shaders left to compile 68
[2020.12.03-14.58.58:165][395]LogShaderCompilers: Display: Worker (4/9): shaders left to compile 59
[2020.12.03-14.58.58:194][397]LogShaderCompilers: Display: Worker (1/9): shaders left to compile 51
[2020.12.03-14.58.58:782][460]LogShaderCompilers: Display: Worker (7/9): shaders left to compile 44
[2020.12.03-14.58.58:913][475]LogShaderCompilers: Display: Worker (3/9): shaders left to compile 38
[2020.12.03-14.58.59:301][510]LogShaderCompilers: Display: Worker (6/9): shaders left to compile 33
[2020.12.03-14.59.00:072][594]LogShaderCompilers: Display: Worker (4/9): shaders left to compile 28
[2020.12.03-14.59.00:654][663]LogShaderCompilers: Display: Worker (2/9): shaders left to compile 24
[2020.12.03-14.59.00:662][664]LogShaderCompilers: Display: Worker (1/9): shaders left to compile 20
[2020.12.03-14.59.00:670][665]LogShaderCompilers: Display: Worker (3/9): shaders left to compile 17
[2020.12.03-14.59.00:938][696]LogShaderCompilers: Display: Worker (7/9): shaders left to compile 14
[2020.12.03-14.59.00:992][702]LogShaderCompilers: Display: Worker (5/9): shaders left to compile 12
[2020.12.03-14.59.01:086][713]LogShaderCompilers: Display: Worker (6/9): shaders left to compile 10
[2020.12.03-14.59.01:402][750]LogShaderCompilers: Display: Worker (8/9): shaders left to compile 8
[2020.12.03-14.59.01:605][773]LogShaderCompilers: Display: Worker (4/9): shaders left to compile 6
[2020.12.03-14.59.01:977][815]LogShaderCompilers: Display: Worker (3/9): shaders left to compile 5
[2020.12.03-14.59.02:021][820]LogShaderCompilers: Display: Worker (6/9): shaders left to compile 4
[2020.12.03-14.59.02:063][825]LogShaderCompilers: Display: Worker (2/9): shaders left to compile 3
[2020.12.03-14.59.02:080][827]LogShaderCompilers: Display: Worker (1/9): shaders left to compile 2
[2020.12.03-14.59.02:121][832]LogShaderCompilers: Display: Worker (4/9): shaders left to compile 1
[2020.12.03-14.59.16:316][458]LogAssetRegistry: Asset discovery search completed in 25.8253 seconds
[2020.12.03-14.59.16:319][458]LogCollectionManager: Fixed up redirectors for 0 collections in 0.000002 seconds (updated 0 objects)
[2020.12.03-15.00.09:258][762]LogTemp: Repeating last play command: Selected Viewport
[2020.12.03-15.00.09:267][762]LogPlayLevel: PlayLevel: No blueprints needed recompiling
[2020.12.03-15.00.09:268][762]PIE: New page: PIE session: TutorialMap (3 dec. 2020 17:00:09)
[2020.12.03-15.00.09:269][762]LogOnline: OSS: Creating online subsystem instance for: NULL
[2020.12.03-15.00.09:269][762]LogOnline: OSS: TryLoadSubsystemAndSetDefault: Loaded subsystem for module [NULL]
[2020.12.03-15.00.09:270][762]LogPlayLevel: Creating play world package: /Game/MeshPainter/Maps/UEDPIE_0_TutorialMap
[2020.12.03-15.00.09:272][762]LogPlayLevel: PIE: StaticDuplicateObject took: (0.002604s)
[2020.12.03-15.00.09:273][762]LogAIModule: Creating AISystem for world TutorialMap
[2020.12.03-15.00.09:273][762]LogAISub: UAISubsystem::UAISubsystem EnvQueryManager (000001C8EB8A0600), frame # 2762
[2020.12.03-15.00.09:273][762]LogAISub: UAISubsystem::UAISubsystem AIPerceptionSystem (000001C8DAECB740), frame # 2762
[2020.12.03-15.00.09:273][762]LogPlayLevel: PIE: World Init took: (0.000999s)
[2020.12.03-15.00.09:273][762]LogPlayLevel: PIE: Created PIE world by copying editor world from /Game/MeshPainter/Maps/TutorialMap.TutorialMap to /Game/MeshPainter/Maps/UEDPIE_0_TutorialMap.TutorialMap (0.003692s)
[2020.12.03-15.00.09:283][762]LogUObjectHash: Compacting FUObjectHashTables data took   0.58ms
[2020.12.03-15.00.09:284][762]LogAudioMixer: Display: Audio Mixer Platform Settings:
[2020.12.03-15.00.09:284][762]LogAudioMixer: Display: 	Sample Rate:						  48000
[2020.12.03-15.00.09:284][762]LogAudioMixer: Display: 	Callback Buffer Frame Size Requested: 1024
[2020.12.03-15.00.09:284][762]LogAudioMixer: Display: 	Callback Buffer Frame Size To Use:	  1024
[2020.12.03-15.00.09:284][762]LogAudioMixer: Display: 	Number of buffers to queue:			  2
[2020.12.03-15.00.09:284][762]LogAudioMixer: Display: 	Max Channels (voices):				  32
[2020.12.03-15.00.09:284][762]LogAudioMixer: Display: 	Number of Async Source Workers:		  0
[2020.12.03-15.00.09:284][762]LogAudio: Display: AudioDevice MaxSources: 32
[2020.12.03-15.00.09:284][762]LogAudio: Display: Using built-in audio occlusion.
[2020.12.03-15.00.09:284][762]LogAudioMixer: Display: Initializing audio mixer.
[2020.12.03-15.00.09:291][762]LogAudioMixer: Display: 0: FrontLeft
[2020.12.03-15.00.09:291][762]LogAudioMixer: Display: 1: FrontRight
[2020.12.03-15.00.09:308][762]LogAudioMixer: Display: Using Audio Device Headset Earphone (Sennheiser Communication Audio)
[2020.12.03-15.00.09:308][762]LogAudioMixer: Display: Initializing Sound Submixes...
[2020.12.03-15.00.09:308][762]LogAudioMixer: Display: Creating Master Submix 'MasterSubmixDefault'
[2020.12.03-15.00.09:308][762]LogAudioMixer: Display: Creating Master Submix 'MasterReverbSubmixDefault'
[2020.12.03-15.00.09:309][762]LogAudioMixer: Display: Creating Master Submix 'MasterEQSubmixDefault'
[2020.12.03-15.00.09:319][762]LogInit: FAudioDevice initialized.
[2020.12.03-15.00.09:325][762]LogLoad: Game class is 'GM_Tutorial_C'
[2020.12.03-15.00.09:357][762]LogWorld: Bringing World /Game/MeshPainter/Maps/UEDPIE_0_TutorialMap.TutorialMap up for play (max tick rate 0) at 2020.12.03-16.00.09
[2020.12.03-15.00.09:380][762]LogWorld: Bringing up level for play took: 0.054372
[2020.12.03-15.00.09:380][762]LogOnline: OSS: Creating online subsystem instance for: :Context_1
[2020.12.03-15.00.09:384][762]LogContentBrowser: Native class hierarchy updated for 'MovieSceneCapture' in 0.0003 seconds. Added 20 classes and 0 folders.
[2020.12.03-15.00.09:402][762]PIE: Server logged in
[2020.12.03-15.00.09:404][762]PIE: Play in editor total start time 0,137 seconds.
[2020.12.03-15.00.09:777][803]LogRenderer: Reallocating scene render targets to support 1208x1024 Format 10 NumSamples 1 (Frame:40).
[2020.12.03-15.01.30:245][449]LogSlate: Updating window title bar state: overlay mode, drag disabled, window buttons hidden, title bar hidden
[2020.12.03-15.01.30:246][449]LogWorld: BeginTearingDown for /Game/MeshPainter/Maps/UEDPIE_0_TutorialMap
[2020.12.03-15.01.30:246][449]LogWorld: UWorld::CleanupWorld for TutorialMap, bSessionEnded=true, bCleanupResources=true
[2020.12.03-15.01.30:246][449]LogSlate: InvalidateAllWidgets triggered.  All widgets were invalidated
[2020.12.03-15.01.30:257][449]LogPlayLevel: Display: Shutting down PIE online subsystems
[2020.12.03-15.01.30:258][449]LogSlate: InvalidateAllWidgets triggered.  All widgets were invalidated
[2020.12.03-15.01.30:281][449]LogSlate: Updating window title bar state: overlay mode, drag disabled, window buttons hidden, title bar hidden
[2020.12.03-15.01.30:282][449]LogAISub: UAISubsystem::~UAISubsystem AIPerceptionSystem (000001C8DAECB740), frame # 12449
[2020.12.03-15.01.30:282][449]LogAISub: UAISubsystem::~UAISubsystem EnvQueryManager (000001C8EB8A0600), frame # 12449
[2020.12.03-15.01.30:283][449]LogUObjectHash: Compacting FUObjectHashTables data took   0.71ms
[2020.12.03-15.01.30:333][452]LogPlayLevel: Display: Destroying online subsystem :Context_1
[2020.12.03-15.01.30:992][530]LogTemp: Repeating last play command: Selected Viewport
[2020.12.03-15.01.30:996][530]LogPlayLevel: PlayLevel: No blueprints needed recompiling
[2020.12.03-15.01.30:996][530]PIE: New page: PIE session: TutorialMap (3 dec. 2020 17:01:30)
[2020.12.03-15.01.31:025][530]LogPlayLevel: Creating play world package: /Game/MeshPainter/Maps/UEDPIE_0_TutorialMap
[2020.12.03-15.01.31:028][530]LogPlayLevel: PIE: StaticDuplicateObject took: (0.002649s)
[2020.12.03-15.01.31:029][530]LogAIModule: Creating AISystem for world TutorialMap
[2020.12.03-15.01.31:029][530]LogAISub: UAISubsystem::UAISubsystem EnvQueryManager (000001C88D721C00), frame # 12530
[2020.12.03-15.01.31:029][530]LogAISub: UAISubsystem::UAISubsystem AIPerceptionSystem (000001C8DAE39BC0), frame # 12530
[2020.12.03-15.01.31:029][530]LogPlayLevel: PIE: World Init took: (0.001084s)
[2020.12.03-15.01.31:029][530]LogPlayLevel: PIE: Created PIE world by copying editor world from /Game/MeshPainter/Maps/TutorialMap.TutorialMap to /Game/MeshPainter/Maps/UEDPIE_0_TutorialMap.TutorialMap (0.003843s)
[2020.12.03-15.01.31:039][530]LogUObjectHash: Compacting FUObjectHashTables data took   0.57ms
[2020.12.03-15.01.31:040][530]LogAudioMixer: Display: Audio Mixer Platform Settings:
[2020.12.03-15.01.31:040][530]LogAudioMixer: Display: 	Sample Rate:						  48000
[2020.12.03-15.01.31:040][530]LogAudioMixer: Display: 	Callback Buffer Frame Size Requested: 1024
[2020.12.03-15.01.31:040][530]LogAudioMixer: Display: 	Callback Buffer Frame Size To Use:	  1024
[2020.12.03-15.01.31:040][530]LogAudioMixer: Display: 	Number of buffers to queue:			  2
[2020.12.03-15.01.31:040][530]LogAudioMixer: Display: 	Max Channels (voices):				  32
[2020.12.03-15.01.31:040][530]LogAudioMixer: Display: 	Number of Async Source Workers:		  0
[2020.12.03-15.01.31:040][530]LogAudio: Display: AudioDevice MaxSources: 32
[2020.12.03-15.01.31:040][530]LogAudio: Display: Using built-in audio occlusion.
[2020.12.03-15.01.31:040][530]LogAudioMixer: Display: Initializing audio mixer.
[2020.12.03-15.01.31:045][530]LogAudioMixer: Display: 0: FrontLeft
[2020.12.03-15.01.31:045][530]LogAudioMixer: Display: 1: FrontRight
[2020.12.03-15.01.31:061][530]LogAudioMixer: Display: Using Audio Device Headset Earphone (Sennheiser Communication Audio)
[2020.12.03-15.01.31:062][530]LogAudioMixer: Display: Initializing Sound Submixes...
[2020.12.03-15.01.31:062][530]LogAudioMixer: Display: Creating Master Submix 'MasterSubmixDefault'
[2020.12.03-15.01.31:062][530]LogAudioMixer: Display: Creating Master Submix 'MasterReverbSubmixDefault'
[2020.12.03-15.01.31:062][530]LogAudioMixer: Display: Creating Master Submix 'MasterEQSubmixDefault'
[2020.12.03-15.01.31:072][530]LogInit: FAudioDevice initialized.
[2020.12.03-15.01.31:078][530]LogLoad: Game class is 'GM_Tutorial_C'
[2020.12.03-15.01.31:079][530]LogWorld: Bringing World /Game/MeshPainter/Maps/UEDPIE_0_TutorialMap.TutorialMap up for play (max tick rate 0) at 2020.12.03-16.01.31
[2020.12.03-15.01.31:079][530]LogWorld: Bringing up level for play took: 0.000985
[2020.12.03-15.01.31:079][530]LogOnline: OSS: Creating online subsystem instance for: :Context_2
[2020.12.03-15.01.31:081][530]PIE: Server logged in
[2020.12.03-15.01.31:082][530]PIE: Play in editor total start time 0,086 seconds.
[2020.12.03-15.01.42:098][845]LogSlate: Updating window title bar state: overlay mode, drag disabled, window buttons hidden, title bar hidden
[2020.12.03-15.01.42:098][845]LogWorld: BeginTearingDown for /Game/MeshPainter/Maps/UEDPIE_0_TutorialMap
[2020.12.03-15.01.42:098][845]LogWorld: UWorld::CleanupWorld for TutorialMap, bSessionEnded=true, bCleanupResources=true
[2020.12.03-15.01.42:098][845]LogSlate: InvalidateAllWidgets triggered.  All widgets were invalidated
[2020.12.03-15.01.42:105][845]LogPlayLevel: Display: Shutting down PIE online subsystems
[2020.12.03-15.01.42:106][845]LogSlate: InvalidateAllWidgets triggered.  All widgets were invalidated
[2020.12.03-15.01.42:116][845]LogSlate: Updating window title bar state: overlay mode, drag disabled, window buttons hidden, title bar hidden
[2020.12.03-15.01.42:130][845]LogAISub: UAISubsystem::~UAISubsystem AIPerceptionSystem (000001C8DAE39BC0), frame # 13845
[2020.12.03-15.01.42:130][845]LogAISub: UAISubsystem::~UAISubsystem EnvQueryManager (000001C88D721C00), frame # 13845
[2020.12.03-15.01.42:131][845]LogUObjectHash: Compacting FUObjectHashTables data took   0.60ms
[2020.12.03-15.01.42:169][847]LogPlayLevel: Display: Destroying online subsystem :Context_2
[2020.12.03-15.01.55:520][424]LogSlate: Took 0.000232 seconds to synchronously load lazily loaded font '../../../Engine/Content/Slate/Fonts/Roboto-Light.ttf' (167K)
[2020.12.03-15.01.55:538][424]LogAssetEditorSubsystem: Opening Asset editor for Blueprint /Game/MeshPainter/Blueprints/BP_Player.BP_Player
[2020.12.03-15.01.55:742][424]LogContentBrowser: Native class hierarchy updated for 'BlueprintGraph' in 0.0007 seconds. Added 125 classes and 0 folders.
[2020.12.03-15.01.56:503][424]LogSlate: Took 0.000259 seconds to synchronously load lazily loaded font '../../../Engine/Content/Slate/Fonts/Roboto-BoldCondensed.ttf' (158K)
[2020.12.03-15.01.56:773][425]LogSlate: Took 0.000277 seconds to synchronously load lazily loaded font '../../../Engine/Content/Slate/Fonts/Roboto-Italic.ttf' (157K)
[2020.12.03-15.02.14:319][401]LogAssetEditorSubsystem: Opening Asset editor for Blueprint /Game/MeshPainter/Blueprints/BP_Capture.BP_Capture
[2020.12.03-15.03.34:457][277]LogUObjectHash: Compacting FUObjectHashTables data took   1.75ms
[2020.12.03-15.03.34:514][277]LogWorld: UWorld::CleanupWorld for World_2, bSessionEnded=true, bCleanupResources=true
[2020.12.03-15.03.34:514][277]LogSlate: InvalidateAllWidgets triggered.  All widgets were invalidated
[2020.12.03-15.03.34:593][277]LogSlate: Window 'BP_Capture' being destroyed
[2020.12.03-15.03.34:601][277]LogActorComponent: UnregisterComponent: (/Engine/Transient.EditorFloorComp) Not registered. Aborting.
[2020.12.03-15.03.34:601][277]LogWorld: UWorld::CleanupWorld for World_3, bSessionEnded=true, bCleanupResources=true
[2020.12.03-15.03.34:601][277]LogSlate: InvalidateAllWidgets triggered.  All widgets were invalidated
